<?xml version="1.0" encoding="utf-8"?>
<TestRun id="340f0dbb-befd-4e73-b3c8-eee5130926f5" name="szy@LAB-WIN-01 2026-08-10 14:20:13" runUser="LAB-WIN-01\szy" xmlns="http://microsoft.com/schemas/VisualStudio/TeamTest/2010">
  <Times creation="2026-08-10T14:20:13.4367658+08:00" queuing="2026-08-10T14:20:13.4367665+08:00" start="2026-08-10T14:20:09.6398019+08:00" finish="2026-08-10T14:20:21.0422243+08:00" />
  <TestSettings name="default" id="68f4751c-cfef-4dd3-8b02-78d047f9a892">
    <Deployment runDeploymentRoot="szy_LAB-WIN-01_2026-08-10_14_20_13" />
  </TestSettings>
  <Results>
    <UnitTestResult executionId="c7fe391d-2d4f-4117-ba22-2ae951b4972f" testId="49aa7462-01de-0323-0d91-c9309948f622" testName="MesIngest.Tests.ApiContractVersionTests.Watch_reports_clear_contract_mismatch_instead_of_blank_board" computerName="LAB-WIN-01" duration="00:00:00.2552665" startTime="2026-08-10T14:20:15.4858179+08:00" endTime="2026-08-10T14:20:15.4858190+08:00" testType="13cdc9d9-ddb5-4fa4-a97d-d965ccfc6d4b" outcome="Passed" testListId="8c84fa94-04c1-424b-9868-57a2d4851a1d" relativeResultsDirectory="c7fe391d-2d4f-4117-ba22-2ae951b4972f" />
    <UnitTestResult executionId="caf16c82-1955-4a85-aea6-5d25913cadd4" testId="1127833d-612f-b0e9-5045-a6ccc5f6a0c2" testName="MesIngest.Tests.WatchLayoutPreferencesTests.Incompatible_or_out_of_bounds_layout_falls_back_atomically(json: &quot;{\&quot;version\&quot;:1,\&quot;windowWidth\&quot;:200,\&quot;windowHeight\&quot;...)" computerName="LAB-WIN-01" duration="00:00:00.0060684" startTime="2026-08-10T14:20:13.5534566+08:00" endTime="2026-08-10T14:20:13.5534570+08:00" testType="13cdc9d9-ddb5-4fa4-a97d-d965ccfc6d4b" outcome="Passed" testListId="8c84fa94-04c1-424b-9868-57a2d4851a1d" relativeResultsDirectory="caf16c82-1955-4a85-aea6-5d25913cadd4" />
    <UnitTestResult executionId="fc46b993-8fcb-4662-844a-5120d2aee052" testId="29f53923-21a3-4a13-c14a-326042282f9f" testName="MesIngest.Tests.WatchAutoRefreshScheduleTests.Preferences_round_trip_each_view_independently" computerName="LAB-WIN-01" duration="00:00:00.0126220" startTime="2026-08-10T14:20:13.4396198+08:00" endTime="2026-08-10T14:20:13.4396199+08:00" testType="13cdc9d9-ddb5-4fa4-a97d-d965ccfc6d4b" outcome="Passed" testListId="8c84fa94-04c1-424b-9868-57a2d4851a1d" relativeResultsDirectory="fc46b993-8fcb-4662-844a-5120d2aee052" />
    <UnitTestResult executionId="df78d959-b081-476e-b052-98b51cac79bf" testId="e8585c4e-e0ad-0964-f147-d95e74ee216f" testName="MesIngest.Tests.InMemoryTransportDemandStoreConcurrencyTests.Concurrent_demand_page_readers_and_replace_writer_do_not_throw" computerName="LAB-WIN-01" duration="00:00:00.7713286" startTime="2026-08-10T14:20:16.6577364+08:00" endTime="2026-08-10T14:20:16.6577367+08:00" testType="13cdc9d9-ddb5-4fa4-a97d-d965ccfc6d4b" outcome="Passed" testListId="8c84fa94-04c1-424b-9868-57a2d4851a1d" relativeResultsDirectory="df78d959-b081-476e-b052-98b51cac79bf" />
    <UnitTestResult executionId="8b8079d0-1e98-41aa-b466-d078cc4f0c31" testId="24c19a0c-f497-bc29-2e85-a8a0a2e19dc3" testName="MesIngest.Tests.WatchAutoRefreshScheduleTests.Unsupported_intervals_are_rejected(intervalSeconds: 9)" computerName="LAB-WIN-01" duration="00:00:00.0000362" startTime="2026-08-10T14:20:13.4142909+08:00" endTime="2026-08-10T14:20:13.4142911+08:00" testType="13cdc9d9-ddb5-4fa4-a97d-d965ccfc6d4b" outcome="Passed" testListId="8c84fa94-04c1-424b-9868-57a2d4851a1d" relativeResultsDirectory="8b8079d0-1e98-41aa-b466-d078cc4f0c31" />
    <UnitTestResult executionId="9e23db20-b1cf-49e4-ad13-f57b5d3ee3f4" testId="4759a62d-3fc7-9512-8c33-3f04804dd971" testName="MesIngest.Tests.WatchDemandBrowseTests.Client_reloads_first_page_when_cursor_is_rejected" computerName="LAB-WIN-01" duration="00:00:00.0024726" startTime="2026-08-10T14:20:13.4535117+08:00" endTime="2026-08-10T14:20:13.4535118+08:00" testType="13cdc9d9-ddb5-4fa4-a97d-d965ccfc6d4b" outcome="Passed" testListId="8c84fa94-04c1-424b-9868-57a2d4851a1d" relativeResultsDirectory="9e23db20-b1cf-49e4-ad13-f57b5d3ee3f4" />
    <UnitTestResult executionId="bd50ad54-43b5-4cc0-a712-0b78b068ee9b" testId="94c676ce-dbb7-5fde-c17a-91b9f0e92e49" testName="MesIngest.Tests.UnifiedWatchEventTests.Filter_keeps_only_selected_source" computerName="LAB-WIN-01" duration="00:00:00.0027191" startTime="2026-08-10T14:20:13.5376923+08:00" endTime="2026-08-10T14:20:13.5376925+08:00" testType="13cdc9d9-ddb5-4fa4-a97d-d965ccfc6d4b" outcome="Passed" testListId="8c84fa94-04c1-424b-9868-57a2d4851a1d" relativeResultsDirectory="bd50ad54-43b5-4cc0-a712-0b78b068ee9b" />
    <UnitTestResult executionId="107a7f89-e93e-44e3-8074-ed42b8696374" testId="4756551b-5601-773d-bdaf-0ea0c758a9e4" testName="MesIngest.Tests.AlertIncidentSyncTests.Same_identity_and_fingerprint_bumps_occurrence_instead_of_inserting" computerName="LAB-WIN-01" duration="00:00:00.0006307" startTime="2026-08-10T14:20:13.5411908+08:00" endTime="2026-08-10T14:20:13.5411909+08:00" testType="13cdc9d9-ddb5-4fa4-a97d-d965ccfc6d4b" outcome="Passed" testListId="8c84fa94-04c1-424b-9868-57a2d4851a1d" relativeResultsDirectory="107a7f89-e93e-44e3-8074-ed42b8696374" />
    <UnitTestResult executionId="eb2061f0-d1b5-41cd-9ff2-775b43444af9" testId="64b10604-a924-42ba-bcd5-11ec56b3cb8c" testName="MesIngest.Tests.WatchRefreshStateTests.Failure_before_any_success_has_null_last_success_and_null_stale" computerName="LAB-WIN-01" duration="00:00:00.0001599" startTime="2026-08-10T14:20:13.4172834+08:00" endTime="2026-08-10T14:20:13.4172835+08:00" testType="13cdc9d9-ddb5-4fa4-a97d-d965ccfc6d4b" outcome="Passed" testListId="8c84fa94-04c1-424b-9868-57a2d4851a1d" relativeResultsDirectory="eb2061f0-d1b5-41cd-9ff2-775b43444af9" />
    <UnitTestResult executionId="95690567-83d9-4d67-bd7d-f80e9c6dde88" testId="f9235d9b-641f-6925-e3a9-5d291bdcde7d" testName="MesIngest.Tests.MesIngestApiClientFetchTests.Successful_fetch_has_no_error_and_populates_lists" computerName="LAB-WIN-01" duration="00:00:00.0019396" startTime="2026-08-10T14:20:14.0449826+08:00" endTime="2026-08-10T14:20:14.0449831+08:00" testType="13cdc9d9-ddb5-4fa4-a97d-d965ccfc6d4b" outcome="Passed" testListId="8c84fa94-04c1-424b-9868-57a2d4851a1d" relativeResultsDirectory="95690567-83d9-4d67-bd7d-f80e9c6dde88" />
    <UnitTestResult executionId="0c8ce67c-a6e8-4418-a885-627f1ecf61f0" testId="edabcfcb-71cd-b437-bcd9-252fe965da90" testName="MesIngest.Tests.LatencyTelemetryTests.Watch_success_records_per_endpoint_status_rows_and_bytes_without_secrets" computerName="LAB-WIN-01" duration="00:00:00.0038449" startTime="2026-08-10T14:20:15.1727495+08:00" endTime="2026-08-10T14:20:15.1727497+08:00" testType="13cdc9d9-ddb5-4fa4-a97d-d965ccfc6d4b" outcome="Passed" testListId="8c84fa94-04c1-424b-9868-57a2d4851a1d" relativeResultsDirectory="0c8ce67c-a6e8-4418-a885-627f1ecf61f0" />
    <UnitTestResult executionId="2e2ae072-b89c-45f3-ad1f-e4ae7cc35402" testId="65ffa02e-724a-6687-969a-eb96f0017c50" testName="MesIngest.Tests.WatchConnectionEventRecorderTests.First_failure_emits_failure_event_immediately" computerName="LAB-WIN-01" duration="00:00:00.0002541" startTime="2026-08-10T14:20:13.4022853+08:00" endTime="2026-08-10T14:20:13.4022854+08:00" testType="13cdc9d9-ddb5-4fa4-a97d-d965ccfc6d4b" outcome="Passed" testListId="8c84fa94-04c1-424b-9868-57a2d4851a1d" relativeResultsDirectory="2e2ae072-b89c-45f3-ad1f-e4ae7cc35402" />
    <UnitTestResult executionId="b6573912-a09f-4602-9206-ffae7fa61699" testId="6fc6d92d-2487-d01c-a213-dd31a208b6b9" testName="MesIngest.Tests.DemandListPagingTieBreakTests.QueryPage_desc_identical_primary_covers_all_allow_list_columns(sortBy: Package)" computerName="LAB-WIN-01" duration="00:00:00.0003304" startTime="2026-08-10T14:20:13.5403164+08:00" endTime="2026-08-10T14:20:13.5403165+08:00" testType="13cdc9d9-ddb5-4fa4-a97d-d965ccfc6d4b" outcome="Passed" testListId="8c84fa94-04c1-424b-9868-57a2d4851a1d" relativeResultsDirectory="b6573912-a09f-4602-9206-ffae7fa61699" />
    <UnitTestResult executionId="36427cf3-4c7e-4a68-a9d1-6d374bd9cc66" testId="736b0c7d-e836-edf0-3bb4-a1f2b4f4bcf0" testName="MesIngest.Tests.InMemoryTransportDemandStoreConcurrencyTests.Concurrent_change_feed_readers_and_replace_writer_do_not_throw" computerName="LAB-WIN-01" duration="00:00:00.7614265" startTime="2026-08-10T14:20:15.0902223+08:00" endTime="2026-08-10T14:20:15.0902229+08:00" testType="13cdc9d9-ddb5-4fa4-a97d-d965ccfc6d4b" outcome="Passed" testListId="8c84fa94-04c1-424b-9868-57a2d4851a1d" relativeResultsDirectory="36427cf3-4c7e-4a68-a9d1-6d374bd9cc66" />
    <UnitTestResult executionId="edb14221-6a1a-4daf-9e90-c01b8f11e2ca" testId="a37a2133-9886-f1cd-8f2a-3784696c04d2" testName="MesIngest.Tests.TransportDemandReconcilerTests.Restart_barrier_then_second_non_zero_clears_persisted_paused_zero_drop" computerName="LAB-WIN-01" duration="00:00:00.0009131" startTime="2026-08-10T14:20:13.4413495+08:00" endTime="2026-08-10T14:20:13.4413496+08:00" testType="13cdc9d9-ddb5-4fa4-a97d-d965ccfc6d4b" outcome="Passed" testListId="8c84fa94-04c1-424b-9868-57a2d4851a1d" relativeResultsDirectory="edb14221-6a1a-4daf-9e90-c01b8f11e2ca" />
    <UnitTestResult executionId="78810978-6edb-4d44-99b6-109e4aa07e0f" testId="854dbba3-eddc-3e17-1682-ff112eea88af" testName="MesIngest.Tests.LatencyTelemetryTests.Watch_refresh_sends_same_correlation_id_on_all_three_requests" computerName="LAB-WIN-01" duration="00:00:00.0021078" startTime="2026-08-10T14:20:14.0756928+08:00" endTime="2026-08-10T14:20:14.0756932+08:00" testType="13cdc9d9-ddb5-4fa4-a97d-d965ccfc6d4b" outcome="Passed" testListId="8c84fa94-04c1-424b-9868-57a2d4851a1d" relativeResultsDirectory="78810978-6edb-4d44-99b6-109e4aa07e0f" />
    <UnitTestResult executionId="699847aa-32c8-4431-872a-6f7c8cb0cee2" testId="47195267-3d13-fe46-0d58-f7b1ae0f64dc" testName="MesIngest.Tests.SchemaUpgradeTests.Mid_upgrade_failure_leaves_no_half_migration_and_recovers_on_rerun" computerName="LAB-WIN-01" duration="00:00:00.2419123" startTime="2026-08-10T14:20:19.9460365+08:00" endTime="2026-08-10T14:20:19.9460370+08:00" testType="13cdc9d9-ddb5-4fa4-a97d-d965ccfc6d4b" outcome="Passed" testListId="8c84fa94-04c1-424b-9868-57a2d4851a1d" relativeResultsDirectory="699847aa-32c8-4431-872a-6f7c8cb0cee2" />
    <UnitTestResult executionId="93fa94f4-7462-425b-9668-5e93373d7259" testId="d2f5aeb2-ccd0-fc18-8e4a-5e4bcd9910f7" testName="MesIngest.Tests.PaginatedDemandApiTests.List_returns_paginated_envelope_defaulting_to_visible_dates_desc" computerName="LAB-WIN-01" duration="00:00:00.5155442" startTime="2026-08-10T14:20:15.6106970+08:00" endTime="2026-08-10T14:20:15.6106973+08:00" testType="13cdc9d9-ddb5-4fa4-a97d-d965ccfc6d4b" outcome="Passed" testListId="8c84fa94-04c1-424b-9868-57a2d4851a1d" relativeResultsDirectory="93fa94f4-7462-425b-9668-5e93373d7259" />
    <UnitTestResult executionId="94d6ac5e-7048-491c-a81a-32594da1c75a" testId="70e6ea72-6444-8e86-5e6a-9c28a95b803a" testName="MesIngest.Tests.IngestRoundRunnerTests.Query_timeout_is_recorded_as_poll_failure_without_mutating_projection" computerName="LAB-WIN-01" duration="00:00:00.2546564" startTime="2026-08-10T14:20:14.2893181+08:00" endTime="2026-08-10T14:20:14.2893183+08:00" testType="13cdc9d9-ddb5-4fa4-a97d-d965ccfc6d4b" outcome="Passed" testListId="8c84fa94-04c1-424b-9868-57a2d4851a1d" relativeResultsDirectory="94d6ac5e-7048-491c-a81a-32594da1c75a" />
    <UnitTestResult executionId="7fd2b076-4a9d-42af-bcf7-7b3386797203" testId="611897f1-8811-7fd9-6e6b-957bdc0d95d6" testName="MesIngest.Tests.WatchConnectionEventJournalTests.Size_cap_counts_latency_log_toward_directory_budget" computerName="LAB-WIN-01" duration="00:00:00.1034651" startTime="2026-08-10T14:20:14.3514260+08:00" endTime="2026-08-10T14:20:14.3514261+08:00" testType="13cdc9d9-ddb5-4fa4-a97d-d965ccfc6d4b" outcome="Passed" testListId="8c84fa94-04c1-424b-9868-57a2d4851a1d" relativeResultsDirectory="7fd2b076-4a9d-42af-bcf7-7b3386797203" />
    <UnitTestResult executionId="c4c01adb-cc17-4873-8d11-dd8144c5c78a" testId="4446370c-c73f-956d-0d10-c74f3e88082d" testName="MesIngest.Tests.WatchRefreshStateTests.Partial_success_updates_last_success_but_keeps_failing_endpoint_error" computerName="LAB-WIN-01" duration="00:00:00.0002504" startTime="2026-08-10T14:20:13.4177060+08:00" endTime="2026-08-10T14:20:13.4177061+08:00" testType="13cdc9d9-ddb5-4fa4-a97d-d965ccfc6d4b" outcome="Passed" testListId="8c84fa94-04c1-424b-9868-57a2d4851a1d" relativeResultsDirectory="c4c01adb-cc17-4873-8d11-dd8144c5c78a" />
    <UnitTestResult executionId="da2d50a6-3bf2-41c8-b2ca-daff57f5e69e" testId="adecb0cb-7e36-e860-96a3-05d159d026db" testName="MesIngest.Tests.ReadApiContractTests.Demand_dto_embeds_relevant_alerts_by_demand_id_or_reconcile_key" computerName="LAB-WIN-01" duration="00:00:00.4533771" startTime="2026-08-10T14:20:15.6851589+08:00" endTime="2026-08-10T14:20:15.6851593+08:00" testType="13cdc9d9-ddb5-4fa4-a97d-d965ccfc6d4b" outcome="Passed" testListId="8c84fa94-04c1-424b-9868-57a2d4851a1d" relativeResultsDirectory="da2d50a6-3bf2-41c8-b2ca-daff57f5e69e" />
    <UnitTestResult executionId="6636491c-271c-495c-9ca1-4b3849074523" testId="afed4865-df03-00a0-9166-c3df5f23cd05" testName="MesIngest.Tests.WatchTimeDisplayTests.Formats_nullable_null_as_empty" computerName="LAB-WIN-01" duration="00:00:00.0001064" startTime="2026-08-10T14:20:13.5428364+08:00" endTime="2026-08-10T14:20:13.5428365+08:00" testType="13cdc9d9-ddb5-4fa4-a97d-d965ccfc6d4b" outcome="Passed" testListId="8c84fa94-04c1-424b-9868-57a2d4851a1d" relativeResultsDirectory="6636491c-271c-495c-9ca1-4b3849074523" />
    <UnitTestResult executionId="dbdbaf30-250b-488b-bd03-737dd78196ee" testId="71819035-4266-54f8-23e4-0e828ad5c59f" testName="MesIngest.Tests.AlertDetailViewModelTests.Non_reappear_does_not_promote_detail_fields_to_demand_targets" computerName="LAB-WIN-01" duration="00:00:00.0004401" startTime="2026-08-10T14:20:13.4052955+08:00" endTime="2026-08-10T14:20:13.4052956+08:00" testType="13cdc9d9-ddb5-4fa4-a97d-d965ccfc6d4b" outcome="Passed" testListId="8c84fa94-04c1-424b-9868-57a2d4851a1d" relativeResultsDirectory="dbdbaf30-250b-488b-bd03-737dd78196ee" />
    <UnitTestResult executionId="81a436a5-ae8f-447d-aa81-6668d631e291" testId="72163fa7-fc0e-2f40-3cfc-bb9ef202059c" testName="MesIngest.Tests.DemandListPagingTieBreakTests.QueryPage_desc_identical_primary_covers_all_allow_list_columns(sortBy: LocationRisk)" computerName="LAB-WIN-01" duration="00:00:00.0022160" startTime="2026-08-10T14:20:13.5410329+08:00" endTime="2026-08-10T14:20:13.5410329+08:00" testType="13cdc9d9-ddb5-4fa4-a97d-d965ccfc6d4b" outcome="Passed" testListId="8c84fa94-04c1-424b-9868-57a2d4851a1d" relativeResultsDirectory="81a436a5-ae8f-447d-aa81-6668d631e291" />
    <UnitTestResult executionId="b4320ffb-aa1e-4795-afc1-cf4d219dbed6" testId="992bb781-0f03-b2e1-018b-970ad9cffac0" testName="MesIngest.Tests.PaginatedDemandApiTests.List_rejects_cursor_that_does_not_match_sort" computerName="LAB-WIN-01" duration="00:00:00.4465670" startTime="2026-08-10T14:20:16.3327935+08:00" endTime="2026-08-10T14:20:16.3327937+08:00" testType="13cdc9d9-ddb5-4fa4-a97d-d965ccfc6d4b" outcome="Passed" testListId="8c84fa94-04c1-424b-9868-57a2d4851a1d" relativeResultsDirectory="b4320ffb-aa1e-4795-afc1-cf4d219dbed6" />
    <UnitTestResult executionId="dc01918c-2c48-4203-b96b-39f7ec329af5" testId="edea1651-4f01-60c6-6fe8-1c90c48a588e" testName="MesIngest.Tests.DemandChangeFeedStoreTests.QueryChangeFeed_expired_cursor_throws_sync_cursor_expired" computerName="LAB-WIN-01" duration="00:00:00.0018599" startTime="2026-08-10T14:20:13.4161443+08:00" endTime="2026-08-10T14:20:13.4161444+08:00" testType="13cdc9d9-ddb5-4fa4-a97d-d965ccfc6d4b" outcome="Passed" testListId="8c84fa94-04c1-424b-9868-57a2d4851a1d" relativeResultsDirectory="dc01918c-2c48-4203-b96b-39f7ec329af5" />
    <UnitTestResult executionId="94625dd9-509c-4cd6-be54-f1e6b4a62239" testId="f14c95ef-1d77-8c64-948a-d0f4d929a559" testName="MesIngest.Tests.WatchDemandBrowseTests.Client_fetches_next_page_with_cursor_only" computerName="LAB-WIN-01" duration="00:00:00.0016357" startTime="2026-08-10T14:20:15.2507954+08:00" endTime="2026-08-10T14:20:15.2507955+08:00" testType="13cdc9d9-ddb5-4fa4-a97d-d965ccfc6d4b" outcome="Passed" testListId="8c84fa94-04c1-424b-9868-57a2d4851a1d" relativeResultsDirectory="94625dd9-509c-4cd6-be54-f1e6b4a62239" />
    <UnitTestResult executionId="47e018cc-33c3-4fbf-aa63-7865d6d4c73a" testId="acd1fb85-2368-bc23-2d73-e77848a8c38d" testName="MesIngest.Tests.MainWindowStartupTests.MainWindow_applies_saved_pane_ratio_and_uses_star_rows_with_splitter" computerName="LAB-WIN-01" duration="00:00:00.5040823" startTime="2026-08-10T14:20:16.3408489+08:00" endTime="2026-08-10T14:20:16.3408493+08:00" testType="13cdc9d9-ddb5-4fa4-a97d-d965ccfc6d4b" outcome="Passed" testListId="8c84fa94-04c1-424b-9868-57a2d4851a1d" relativeResultsDirectory="47e018cc-33c3-4fbf-aa63-7865d6d4c73a" />
    <UnitTestResult executionId="54f114a5-f841-4384-b7eb-212f9e717a41" testId="8487bf65-ac7a-d137-f52f-c33f1493850f" testName="MesIngest.Tests.AlertListQueryParserTests.TryParseSortBy_accepts_alert_allow_list(raw: &quot;alertId&quot;, expected: AlertId)" computerName="LAB-WIN-01" duration="00:00:00.0000053" startTime="2026-08-10T14:20:13.4807007+08:00" endTime="2026-08-10T14:20:13.4807007+08:00" testType="13cdc9d9-ddb5-4fa4-a97d-d965ccfc6d4b" outcome="Passed" testListId="8c84fa94-04c1-424b-9868-57a2d4851a1d" relativeResultsDirectory="54f114a5-f841-4384-b7eb-212f9e717a41" />
    <UnitTestResult executionId="5e6419d5-727a-461e-8a35-e45c7e2ae24d" testId="b39f438e-b538-d932-c043-0b5af52096c9" testName="MesIngest.Tests.WatchRefreshAdmissionTests.Automatic_refresh_remains_single_flight_and_is_not_queued" computerName="LAB-WIN-01" duration="00:00:00.0021620" startTime="2026-08-10T14:20:13.4128102+08:00" endTime="2026-08-10T14:20:13.4128103+08:00" testType="13cdc9d9-ddb5-4fa4-a97d-d965ccfc6d4b" outcome="Passed" testListId="8c84fa94-04c1-424b-9868-57a2d4851a1d" relativeResultsDirectory="5e6419d5-727a-461e-8a35-e45c7e2ae24d" />
    <UnitTestResult executionId="863410fd-f2aa-4a08-8d03-ce37de75cb99" testId="3ff7e843-20d6-1c5d-fb26-012ee020a912" testName="MesIngest.Tests.WatchBannerProjectionTests.Active_pause_is_error_not_warning" computerName="LAB-WIN-01" duration="00:00:00.0002931" startTime="2026-08-10T14:20:13.4235654+08:00" endTime="2026-08-10T14:20:13.4235654+08:00" testType="13cdc9d9-ddb5-4fa4-a97d-d965ccfc6d4b" outcome="Passed" testListId="8c84fa94-04c1-424b-9868-57a2d4851a1d" relativeResultsDirectory="863410fd-f2aa-4a08-8d03-ce37de75cb99" />
    <UnitTestResult executionId="7bb5b086-2dfe-471f-9f90-a62889515bd6" testId="d321206b-b7ba-b91b-7f8e-4dc528beae5e" testName="MesIngest.Tests.AlertListQueryParserTests.TryParseSortBy_accepts_alert_allow_list(raw: &quot;taskType&quot;, expected: TaskType)" computerName="LAB-WIN-01" duration="00:00:00.0028558" startTime="2026-08-10T14:20:13.4783576+08:00" endTime="2026-08-10T14:20:13.4783577+08:00" testType="13cdc9d9-ddb5-4fa4-a97d-d965ccfc6d4b" outcome="Passed" testListId="8c84fa94-04c1-424b-9868-57a2d4851a1d" relativeResultsDirectory="7bb5b086-2dfe-471f-9f90-a62889515bd6" />
    <UnitTestResult executionId="65d3b32c-ee37-4783-8710-fd6f7109239a" testId="a03f8521-373e-5b5b-02a3-4cfff50f540d" testName="MesIngest.Tests.DemandVisibleColumnSortHttpTests.Every_new_visible_demand_column_toggles_asc_then_desc(header: &quot;status&quot;, token: &quot;status&quot;)" computerName="LAB-WIN-01" duration="00:00:00.0000086" startTime="2026-08-10T14:20:13.3975930+08:00" endTime="2026-08-10T14:20:13.3975932+08:00" testType="13cdc9d9-ddb5-4fa4-a97d-d965ccfc6d4b" outcome="Passed" testListId="8c84fa94-04c1-424b-9868-57a2d4851a1d" relativeResultsDirectory="65d3b32c-ee37-4783-8710-fd6f7109239a" />
    <UnitTestResult executionId="5faafe00-7339-466c-b7aa-34b2d3996d6d" testId="38389cbd-2036-a5c1-8d7b-b66894e52cfd" testName="MesIngest.Tests.TransportDemandKeyTests.Non_blank_components_are_not_normalized" computerName="LAB-WIN-01" duration="00:00:00.0000894" startTime="2026-08-10T14:20:13.4114993+08:00" endTime="2026-08-10T14:20:13.4114993+08:00" testType="13cdc9d9-ddb5-4fa4-a97d-d965ccfc6d4b" outcome="Passed" testListId="8c84fa94-04c1-424b-9868-57a2d4851a1d" relativeResultsDirectory="5faafe00-7339-466c-b7aa-34b2d3996d6d" />
    <UnitTestResult executionId="95603b4d-9f9a-4708-bb67-efea096dd6ff" testId="215fe2b3-eb82-a60e-450d-7600e7f6281e" testName="MesIngest.Tests.ReadApiContractTests.List_and_get_return_visible_demands_after_one_shot_from_csv" computerName="LAB-WIN-01" duration="00:00:00.1736765" startTime="2026-08-10T14:20:17.6489641+08:00" endTime="2026-08-10T14:20:17.6489644+08:00" testType="13cdc9d9-ddb5-4fa4-a97d-d965ccfc6d4b" outcome="Passed" testListId="8c84fa94-04c1-424b-9868-57a2d4851a1d" relativeResultsDirectory="95603b4d-9f9a-4708-bb67-efea096dd6ff" />
    <UnitTestResult executionId="80de4929-5fa4-4551-9b8a-9d292e731826" testId="4aeedd95-1305-bfe1-76f2-99abefa72080" testName="MesIngest.Tests.AlertDetailsProjectionTests.Null_details_yields_empty_structured_projection" computerName="LAB-WIN-01" duration="00:00:00.0002273" startTime="2026-08-10T14:20:13.4732009+08:00" endTime="2026-08-10T14:20:13.4732011+08:00" testType="13cdc9d9-ddb5-4fa4-a97d-d965ccfc6d4b" outcome="Passed" testListId="8c84fa94-04c1-424b-9868-57a2d4851a1d" relativeResultsDirectory="80de4929-5fa4-4551-9b8a-9d292e731826" />
    <UnitTestResult executionId="3e6bee4f-2a47-44d0-83b4-1cc57cfdb02e" testId="fb03f629-280e-e0e5-419c-e3b89f5b8860" testName="MesIngest.Tests.LatencyTelemetryTests.Sql_store_observer_records_query_write_and_transaction_stages" computerName="LAB-WIN-01" duration="00:00:00.0036736" startTime="2026-08-10T14:20:15.1699771+08:00" endTime="2026-08-10T14:20:15.1699771+08:00" testType="13cdc9d9-ddb5-4fa4-a97d-d965ccfc6d4b" outcome="Passed" testListId="8c84fa94-04c1-424b-9868-57a2d4851a1d" relativeResultsDirectory="3e6bee4f-2a47-44d0-83b4-1cc57cfdb02e" />
    <UnitTestResult executionId="dbe5be8a-d520-4a6e-8fb9-3742cec7d117" testId="483aec61-3eed-beca-bdcc-f789ed506f6f" testName="MesIngest.Tests.AlertListQueryParserTests.TryParseSortBy_accepts_alert_allow_list(raw: &quot;demandId&quot;, expected: DemandId)" computerName="LAB-WIN-01" duration="00:00:00.0000041" startTime="2026-08-10T14:20:13.4804687+08:00" endTime="2026-08-10T14:20:13.4804688+08:00" testType="13cdc9d9-ddb5-4fa4-a97d-d965ccfc6d4b" outcome="Passed" testListId="8c84fa94-04c1-424b-9868-57a2d4851a1d" relativeResultsDirectory="dbe5be8a-d520-4a6e-8fb9-3742cec7d117" />
    <UnitTestResult executionId="ad06cfe1-ae0b-4810-9f72-17542f3368b8" testId="2c1afd7b-8faa-4cd3-c201-35d44f3276a6" testName="MesIngest.Tests.WatchConnectionEventJournalTests.ReadRecent_returns_newest_first_including_appended_events" computerName="LAB-WIN-01" duration="00:00:00.0039961" startTime="2026-08-10T14:20:13.4734912+08:00" endTime="2026-08-10T14:20:13.4734912+08:00" testType="13cdc9d9-ddb5-4fa4-a97d-d965ccfc6d4b" outcome="Passed" testListId="8c84fa94-04c1-424b-9868-57a2d4851a1d" relativeResultsDirectory="ad06cfe1-ae0b-4810-9f72-17542f3368b8" />
    <UnitTestResult executionId="1a085f72-87dd-4c17-b576-2747704703cc" testId="5be24a8a-5ebf-59f6-d0a0-7dec3b27f0d8" testName="MesIngest.Tests.ReadApiSharedSecretAuthTests.Empty_mesingest_urls_still_requires_secret_when_aspnetcore_urls_are_non_localhost" computerName="LAB-WIN-01" duration="00:00:00.0012121" startTime="2026-08-10T14:20:15.5385686+08:00" endTime="2026-08-10T14:20:15.5385689+08:00" testType="13cdc9d9-ddb5-4fa4-a97d-d965ccfc6d4b" outcome="Passed" testListId="8c84fa94-04c1-424b-9868-57a2d4851a1d" relativeResultsDirectory="1a085f72-87dd-4c17-b576-2747704703cc" />
    <UnitTestResult executionId="28008d07-8712-41ce-9aa9-63a8171a2841" testId="e5848dd2-ee8f-a2c8-6be2-ea2bcd8c27b2" testName="MesIngest.Tests.SqlServerTransportDemandStoreTests.Query_page_desc_page_boundary_inside_tie_group_has_no_gap_or_dup" computerName="LAB-WIN-01" duration="00:00:00.0396928" startTime="2026-08-10T14:20:20.4086411+08:00" endTime="2026-08-10T14:20:20.4086415+08:00" testType="13cdc9d9-ddb5-4fa4-a97d-d965ccfc6d4b" outcome="Passed" testListId="8c84fa94-04c1-424b-9868-57a2d4851a1d" relativeResultsDirectory="28008d07-8712-41ce-9aa9-63a8171a2841" />
    <UnitTestResult executionId="bf2ddd5e-0496-4842-80a0-58d5b9539a08" testId="dad6f84b-01c6-3502-680e-383bf3b072eb" testName="MesIngest.Tests.AlertVisibleColumnSortHttpTests.Host_pages_all_visible_alert_columns_without_gaps_or_duplicates(sortBy: &quot;code&quot;, direction: &quot;desc&quot;, expectedAlertIds: [&quot;a4&quot;, &quot;a1&quot;, &quot;a5&quot;, &quot;a2&quot;, &quot;a3&quot;])" computerName="LAB-WIN-01" duration="00:00:00.1096587" startTime="2026-08-10T14:20:17.1027341+08:00" endTime="2026-08-10T14:20:17.1027345+08:00" testType="13cdc9d9-ddb5-4fa4-a97d-d965ccfc6d4b" outcome="Passed" testListId="8c84fa94-04c1-424b-9868-57a2d4851a1d" relativeResultsDirectory="bf2ddd5e-0496-4842-80a0-58d5b9539a08" />
    <UnitTestResult executionId="3d644220-bb2f-4315-9507-2dc7f1062cee" testId="7d52d1f7-7dcc-6eda-1917-af01c0c4e9eb" testName="MesIngest.Tests.DemandListPagingTieBreakTests.QueryPage_asc_and_desc_cover_same_ids_for_dates_and_taskType" computerName="LAB-WIN-01" duration="00:00:00.0020889" startTime="2026-08-10T14:20:13.5451922+08:00" endTime="2026-08-10T14:20:13.5451923+08:00" testType="13cdc9d9-ddb5-4fa4-a97d-d965ccfc6d4b" outcome="Passed" testListId="8c84fa94-04c1-424b-9868-57a2d4851a1d" relativeResultsDirectory="3d644220-bb2f-4315-9507-2dc7f1062cee" />
    <UnitTestResult executionId="70e0cdc6-079c-49fd-ac8b-5a6ae934514a" testId="acf7ff57-7358-7e6d-d07b-f1211e1674a2" testName="MesIngest.Tests.WatchBannerProjectionTests.Stale_fetch_error_keeps_error_banner_while_present" computerName="LAB-WIN-01" duration="00:00:00.0001699" startTime="2026-08-10T14:20:13.4216870+08:00" endTime="2026-08-10T14:20:13.4216870+08:00" testType="13cdc9d9-ddb5-4fa4-a97d-d965ccfc6d4b" outcome="Passed" testListId="8c84fa94-04c1-424b-9868-57a2d4851a1d" relativeResultsDirectory="70e0cdc6-079c-49fd-ac8b-5a6ae934514a" />
    <UnitTestResult executionId="989c7cd7-fc47-4158-bbf2-8f087479939f" testId="091dffad-2313-2350-ee4e-d6342e69f984" testName="MesIngest.Tests.WatchAlertSessionTests.Successful_draft_commits_activity_production_filters_and_last_seen_range" computerName="LAB-WIN-01" duration="00:00:00.0021792" startTime="2026-08-10T14:20:13.5138661+08:00" endTime="2026-08-10T14:20:13.5138662+08:00" testType="13cdc9d9-ddb5-4fa4-a97d-d965ccfc6d4b" outcome="Passed" testListId="8c84fa94-04c1-424b-9868-57a2d4851a1d" relativeResultsDirectory="989c7cd7-fc47-4158-bbf2-8f087479939f" />
    <UnitTestResult executionId="3cd9aaff-109d-473e-ad26-e1beb01ddfab" testId="aa21dbae-bf03-1ce6-6c70-ea966f616424" testName="MesIngest.Tests.WatchBrowseSessionTests.Every_visible_alert_column_toggles_server_sort(header: &quot;DemandId&quot;, token: &quot;demandId&quot;)" computerName="LAB-WIN-01" duration="00:00:00.0000065" startTime="2026-08-10T14:20:13.4082597+08:00" endTime="2026-08-10T14:20:13.4082597+08:00" testType="13cdc9d9-ddb5-4fa4-a97d-d965ccfc6d4b" outcome="Passed" testListId="8c84fa94-04c1-424b-9868-57a2d4851a1d" relativeResultsDirectory="3cd9aaff-109d-473e-ad26-e1beb01ddfab" />
    <UnitTestResult executionId="def1b871-113d-4153-a6cb-0091e672c997" testId="e0efc5aa-04bf-aef3-c2c9-955a9b696897" testName="MesIngest.Tests.ListenBindingPolicyTests.Non_localhost_urls_require_shared_secret(urls: &quot;http://0.0.0.0:5088&quot;)" computerName="LAB-WIN-01" duration="00:00:00.0002641" startTime="2026-08-10T14:20:13.4260752+08:00" endTime="2026-08-10T14:20:13.4260760+08:00" testType="13cdc9d9-ddb5-4fa4-a97d-d965ccfc6d4b" outcome="Passed" testListId="8c84fa94-04c1-424b-9868-57a2d4851a1d" relativeResultsDirectory="def1b871-113d-4153-a6cb-0091e672c997" />
    <UnitTestResult executionId="f75a64cc-6f07-4ec7-a86a-7e94a0d8f4a1" testId="8adb348e-0ab5-2b1f-b6fb-97e6938b1bd7" testName="MesIngest.Tests.DemandChangeFeedApiTests.Demand_changes_rejects_oversize_limit_and_bad_afterSequence" computerName="LAB-WIN-01" duration="00:00:00.1707208" startTime="2026-08-10T14:20:16.7662480+08:00" endTime="2026-08-10T14:20:16.7662482+08:00" testType="13cdc9d9-ddb5-4fa4-a97d-d965ccfc6d4b" outcome="Passed" testListId="8c84fa94-04c1-424b-9868-57a2d4851a1d" relativeResultsDirectory="f75a64cc-6f07-4ec7-a86a-7e94a0d8f4a1" />
    <UnitTestResult executionId="13b0ebbf-e462-4483-807b-1f3a0695de84" testId="93e76151-94ab-3b43-05e9-a22e726f76a8" testName="MesIngest.Tests.AlertDetailsProjectionTests.Duplicate_projects_count_and_conflicting_row_summaries" computerName="LAB-WIN-01" duration="00:00:00.0011073" startTime="2026-08-10T14:20:13.4779038+08:00" endTime="2026-08-10T14:20:13.4779039+08:00" testType="13cdc9d9-ddb5-4fa4-a97d-d965ccfc6d4b" outcome="Passed" testListId="8c84fa94-04c1-424b-9868-57a2d4851a1d" relativeResultsDirectory="13b0ebbf-e462-4483-807b-1f3a0695de84" />
    <UnitTestResult executionId="8c0c712a-0dac-4c09-884d-efdf8804c35d" testId="4290e6d1-2548-8f28-f0cb-653caef9fca0" testName="MesIngest.Tests.WatchAutoRefreshScheduleTests.Unsupported_intervals_are_rejected(intervalSeconds: 301)" computerName="LAB-WIN-01" duration="00:00:00.0002266" startTime="2026-08-10T14:20:13.4141546+08:00" endTime="2026-08-10T14:20:13.4141549+08:00" testType="13cdc9d9-ddb5-4fa4-a97d-d965ccfc6d4b" outcome="Passed" testListId="8c84fa94-04c1-424b-9868-57a2d4851a1d" relativeResultsDirectory="8c0c712a-0dac-4c09-884d-efdf8804c35d" />
    <UnitTestResult executionId="97767d13-c0e1-4488-ba2c-683f4d92e6f4" testId="6eda4966-cc25-0fc6-e17d-5fcd31b30ef5" testName="MesIngest.Tests.DemandChangeFeedStoreTests.Two_independent_consumers_can_page_the_same_feed" computerName="LAB-WIN-01" duration="00:00:00.0016933" startTime="2026-08-10T14:20:13.4236920+08:00" endTime="2026-08-10T14:20:13.4236921+08:00" testType="13cdc9d9-ddb5-4fa4-a97d-d965ccfc6d4b" outcome="Passed" testListId="8c84fa94-04c1-424b-9868-57a2d4851a1d" relativeResultsDirectory="97767d13-c0e1-4488-ba2c-683f4d92e6f4" />
    <UnitTestResult executionId="75f90a32-17d0-449c-80a9-0d151bd0ccc4" testId="8e14cbb3-cd33-27e2-1322-0bbf226ea226" testName="MesIngest.Tests.AlertDetailViewModelTests.DetailsJson_returns_raw_details_or_empty" computerName="LAB-WIN-01" duration="00:00:00.0003668" startTime="2026-08-10T14:20:13.4055764+08:00" endTime="2026-08-10T14:20:13.4055764+08:00" testType="13cdc9d9-ddb5-4fa4-a97d-d965ccfc6d4b" outcome="Passed" testListId="8c84fa94-04c1-424b-9868-57a2d4851a1d" relativeResultsDirectory="75f90a32-17d0-449c-80a9-0d151bd0ccc4" />
    <UnitTestResult executionId="bec01052-a1eb-44c2-87be-ec4214d2644a" testId="9c8a3f6f-393a-24d9-2249-897fbdca12f4" testName="MesIngest.Tests.WatchAlertBrowsePagingTests.Load_more_alerts_uses_next_cursor_and_reaches_the_next_page" computerName="LAB-WIN-01" duration="00:00:00.0046623" startTime="2026-08-10T14:20:13.4496014+08:00" endTime="2026-08-10T14:20:13.4496016+08:00" testType="13cdc9d9-ddb5-4fa4-a97d-d965ccfc6d4b" outcome="Passed" testListId="8c84fa94-04c1-424b-9868-57a2d4851a1d" relativeResultsDirectory="bec01052-a1eb-44c2-87be-ec4214d2644a" />
    <UnitTestResult executionId="4e9f89e8-2a73-44d0-9a13-03b6ce22faaf" testId="a2ec77a8-ac0a-83b2-473e-5d8f37be86b4" testName="MesIngest.Tests.WatchBannerStateTests.No_banner_when_fetch_ok_health_success_and_no_pause" computerName="LAB-WIN-01" duration="00:00:00.0005465" startTime="2026-08-10T14:20:13.3979958+08:00" endTime="2026-08-10T14:20:13.3979959+08:00" testType="13cdc9d9-ddb5-4fa4-a97d-d965ccfc6d4b" outcome="Passed" testListId="8c84fa94-04c1-424b-9868-57a2d4851a1d" relativeResultsDirectory="4e9f89e8-2a73-44d0-9a13-03b6ce22faaf" />
    <UnitTestResult executionId="70a84197-3590-49f2-85d5-3ea68d07945e" testId="20beca5a-84a0-b341-f101-2fc39c46cf0f" testName="MesIngest.Tests.MesIngestApiClientFetchTests.Caller_cancellation_is_not_reclassified_as_a_host_failure" computerName="LAB-WIN-01" duration="00:00:00.5804238" startTime="2026-08-10T14:20:14.0437717+08:00" endTime="2026-08-10T14:20:14.0437721+08:00" testType="13cdc9d9-ddb5-4fa4-a97d-d965ccfc6d4b" outcome="Passed" testListId="8c84fa94-04c1-424b-9868-57a2d4851a1d" relativeResultsDirectory="70a84197-3590-49f2-85d5-3ea68d07945e" />
    <UnitTestResult executionId="10815095-b12e-4a95-bf69-b036c356113a" testId="09290fef-5395-e782-25c9-6126c1398d0f" testName="MesIngest.Tests.WatchLayoutPreferencesTests.Incompatible_or_out_of_bounds_layout_falls_back_atomically(json: &quot;{\&quot;version\&quot;:1,\&quot;windowWidth\&quot;:1440,\&quot;windowHeight&quot;...)" computerName="LAB-WIN-01" duration="00:00:00.0249984" startTime="2026-08-10T14:20:13.5787905+08:00" endTime="2026-08-10T14:20:13.5787906+08:00" testType="13cdc9d9-ddb5-4fa4-a97d-d965ccfc6d4b" outcome="Passed" testListId="8c84fa94-04c1-424b-9868-57a2d4851a1d" relativeResultsDirectory="10815095-b12e-4a95-bf69-b036c356113a" />
    <UnitTestResult executionId="a3e3c7b1-51bc-4030-9a2e-c8c9ec881fde" testId="ee7f2dd2-c4db-0886-0732-68125a8f0c0d" testName="MesIngest.Tests.WatchRefreshStateTests.Format_includes_last_success_and_stale_when_available" computerName="LAB-WIN-01" duration="00:00:00.0001477" startTime="2026-08-10T14:20:13.4181229+08:00" endTime="2026-08-10T14:20:13.4181230+08:00" testType="13cdc9d9-ddb5-4fa4-a97d-d965ccfc6d4b" outcome="Passed" testListId="8c84fa94-04c1-424b-9868-57a2d4851a1d" relativeResultsDirectory="a3e3c7b1-51bc-4030-9a2e-c8c9ec881fde" />
    <UnitTestResult executionId="daad648d-ee6b-494a-b977-c0dd1256938e" testId="b7af1cd7-7d5c-0a54-8e2f-adcfd6546d3c" testName="MesIngest.Tests.WatchV2ShellTests.Applying_host_persists_address_timeout_and_only_the_external_credential_reference" computerName="LAB-WIN-01" duration="00:00:00.4434746" startTime="2026-08-10T14:20:17.5627278+08:00" endTime="2026-08-10T14:20:17.5627285+08:00" testType="13cdc9d9-ddb5-4fa4-a97d-d965ccfc6d4b" outcome="Passed" testListId="8c84fa94-04c1-424b-9868-57a2d4851a1d" relativeResultsDirectory="daad648d-ee6b-494a-b977-c0dd1256938e" />
    <UnitTestResult executionId="6694e9d1-1335-40fb-8563-60386edca9ce" testId="7301877c-f748-a5e0-29c2-eb5db510f4f7" testName="MesIngest.Tests.AlertListQueryParserTests.TryParseSortBy_accepts_alert_allow_list(raw: &quot;firstSeenAt&quot;, expected: FirstSeenAt)" computerName="LAB-WIN-01" duration="00:00:00.0000062" startTime="2026-08-10T14:20:13.4799681+08:00" endTime="2026-08-10T14:20:13.4799682+08:00" testType="13cdc9d9-ddb5-4fa4-a97d-d965ccfc6d4b" outcome="Passed" testListId="8c84fa94-04c1-424b-9868-57a2d4851a1d" relativeResultsDirectory="6694e9d1-1335-40fb-8563-60386edca9ce" />
    <UnitTestResult executionId="98210df9-6186-4574-951f-def67bf184c0" testId="babef1b8-3407-fabf-b30e-d76190f63dea" testName="MesIngest.Tests.AlertDetailWindowActionTests.Reappear_actions_copy_and_locate_previous_and_new_ids_without_ambiguity" computerName="LAB-WIN-01" duration="00:00:00.2108542" startTime="2026-08-10T14:20:15.6174981+08:00" endTime="2026-08-10T14:20:15.6174985+08:00" testType="13cdc9d9-ddb5-4fa4-a97d-d965ccfc6d4b" outcome="Passed" testListId="8c84fa94-04c1-424b-9868-57a2d4851a1d" relativeResultsDirectory="98210df9-6186-4574-951f-def67bf184c0" />
    <UnitTestResult executionId="0865e240-d44e-4341-9b54-00e69c9e9526" testId="a9440768-2a6a-42f4-7799-d04f5d3135af" testName="MesIngest.Tests.TransportDemandReconcilerTests.Restart_post_barrier_seeds_or_raises_healthy_baseline_from_barrier_count" computerName="LAB-WIN-01" duration="00:00:00.0008966" startTime="2026-08-10T14:20:13.5321427+08:00" endTime="2026-08-10T14:20:13.5321429+08:00" testType="13cdc9d9-ddb5-4fa4-a97d-d965ccfc6d4b" outcome="Passed" testListId="8c84fa94-04c1-424b-9868-57a2d4851a1d" relativeResultsDirectory="0865e240-d44e-4341-9b54-00e69c9e9526" />
    <UnitTestResult executionId="5f7f574a-ec70-4855-8c91-e0169b8cbda0" testId="902c5390-a4ed-304d-066a-278cc20d6dd6" testName="MesIngest.Tests.TransportDemandReconcilerTests.Still_visible_unchanged_fields_do_not_raise_field_drift_alert" computerName="LAB-WIN-01" duration="00:00:00.0007432" startTime="2026-08-10T14:20:13.4415129+08:00" endTime="2026-08-10T14:20:13.4415131+08:00" testType="13cdc9d9-ddb5-4fa4-a97d-d965ccfc6d4b" outcome="Passed" testListId="8c84fa94-04c1-424b-9868-57a2d4851a1d" relativeResultsDirectory="5f7f574a-ec70-4855-8c91-e0169b8cbda0" />
    <UnitTestResult executionId="48a42b57-daf8-4baa-bd0d-3ebbd1cf10ea" testId="ac9a49dc-1340-6b19-de7f-77e00a80a10a" testName="MesIngest.Tests.WatchConnectionPreferencesTests.Corrupt_incompatible_or_unsafe_connection_preferences_fall_back(json: &quot;{\&quot;version\&quot;:1,\&quot;baseUrl\&quot;:\&quot;file:///tmp/secret\&quot;,&quot;...)" computerName="LAB-WIN-01" duration="00:00:00.0208438" startTime="2026-08-10T14:20:13.5426855+08:00" endTime="2026-08-10T14:20:13.5426855+08:00" testType="13cdc9d9-ddb5-4fa4-a97d-d965ccfc6d4b" outcome="Passed" testListId="8c84fa94-04c1-424b-9868-57a2d4851a1d" relativeResultsDirectory="48a42b57-daf8-4baa-bd0d-3ebbd1cf10ea" />
    <UnitTestResult executionId="dd4c277e-1632-4f89-987d-9ed6b6e6346f" testId="1ac5dfdd-b2a6-73f0-a2f9-ac4ab70e23c9" testName="MesIngest.Tests.IngestRoundRunnerTests.Failed_round_appends_poll_failure_alert_without_mutating_projection" computerName="LAB-WIN-01" duration="00:00:00.0022594" startTime="2026-08-10T14:20:15.0960717+08:00" endTime="2026-08-10T14:20:15.0960719+08:00" testType="13cdc9d9-ddb5-4fa4-a97d-d965ccfc6d4b" outcome="Passed" testListId="8c84fa94-04c1-424b-9868-57a2d4851a1d" relativeResultsDirectory="dd4c277e-1632-4f89-987d-9ed6b6e6346f" />
    <UnitTestResult executionId="91962734-9541-4bc6-a973-174496907e5a" testId="083b0314-3d62-394b-52bd-26457f950b17" testName="MesIngest.Tests.SqlServerTransportDemandStoreTests.Gone_history_lookup_uses_ordinal_transport_demand_key_equality" computerName="LAB-WIN-01" duration="00:00:00.0234347" startTime="2026-08-10T14:20:20.6333420+08:00" endTime="2026-08-10T14:20:20.6333427+08:00" testType="13cdc9d9-ddb5-4fa4-a97d-d965ccfc6d4b" outcome="Passed" testListId="8c84fa94-04c1-424b-9868-57a2d4851a1d" relativeResultsDirectory="91962734-9541-4bc6-a973-174496907e5a" />
    <UnitTestResult executionId="a1f88587-6f74-45e7-8c2e-73695953d07e" testId="5183728f-56c3-f2c7-4a8a-0c4e61e98326" testName="MesIngest.Tests.AlertDetailWindowActionTests.Ordinary_alert_detail_loads_one_complete_related_demand_snapshot" computerName="LAB-WIN-01" duration="00:00:00.7176716" startTime="2026-08-10T14:20:16.4454919+08:00" endTime="2026-08-10T14:20:16.4454921+08:00" testType="13cdc9d9-ddb5-4fa4-a97d-d965ccfc6d4b" outcome="Passed" testListId="8c84fa94-04c1-424b-9868-57a2d4851a1d" relativeResultsDirectory="a1f88587-6f74-45e7-8c2e-73695953d07e" />
    <UnitTestResult executionId="4227d92e-9811-48b1-a80d-adce9db11ddd" testId="fbedf41d-5df4-9832-525b-6aa221816bc6" testName="MesIngest.Tests.TransportDemandReconcilerTests.Zero_drop_does_not_raise_healthy_count_from_pre_baseline_rows_or_duplicates" computerName="LAB-WIN-01" duration="00:00:00.0010866" startTime="2026-08-10T14:20:13.5111513+08:00" endTime="2026-08-10T14:20:13.5111513+08:00" testType="13cdc9d9-ddb5-4fa4-a97d-d965ccfc6d4b" outcome="Passed" testListId="8c84fa94-04c1-424b-9868-57a2d4851a1d" relativeResultsDirectory="4227d92e-9811-48b1-a80d-adce9db11ddd" />
    <UnitTestResult executionId="03be4c81-6c89-4350-9f7f-7f1168951f96" testId="ff90b494-a568-eae7-6eb4-6d26248e26d8" testName="MesIngest.Tests.PaginatedDemandApiTests.List_keyset_pagination_does_not_duplicate_when_newer_row_appears" computerName="LAB-WIN-01" duration="00:00:00.1737511" startTime="2026-08-10T14:20:17.3553938+08:00" endTime="2026-08-10T14:20:17.3553940+08:00" testType="13cdc9d9-ddb5-4fa4-a97d-d965ccfc6d4b" outcome="Passed" testListId="8c84fa94-04c1-424b-9868-57a2d4851a1d" relativeResultsDirectory="03be4c81-6c89-4350-9f7f-7f1168951f96" />
    <UnitTestResult executionId="ead34f19-0b8f-4581-aec7-0184680bbca8" testId="317a35f5-fadd-92e0-4aa0-5757238b0d47" testName="MesIngest.Tests.ReadApiContractTests.Poll_health_endpoint_reports_failure_outcome" computerName="LAB-WIN-01" duration="00:00:00.1381089" startTime="2026-08-10T14:20:17.7873941+08:00" endTime="2026-08-10T14:20:17.7873943+08:00" testType="13cdc9d9-ddb5-4fa4-a97d-d965ccfc6d4b" outcome="Passed" testListId="8c84fa94-04c1-424b-9868-57a2d4851a1d" relativeResultsDirectory="ead34f19-0b8f-4581-aec7-0184680bbca8" />
    <UnitTestResult executionId="a5873b19-0bff-4702-93d7-7ccf9114809a" testId="b65f2d01-01aa-d522-1efe-fdaf9953a28d" testName="MesIngest.Tests.WatchConnectionEventRecorderTests.Persistent_failure_emits_summary_every_five_minutes_with_count_and_duration" computerName="LAB-WIN-01" duration="00:00:00.0083670" startTime="2026-08-10T14:20:13.4004298+08:00" endTime="2026-08-10T14:20:13.4004300+08:00" testType="13cdc9d9-ddb5-4fa4-a97d-d965ccfc6d4b" outcome="Passed" testListId="8c84fa94-04c1-424b-9868-57a2d4851a1d" relativeResultsDirectory="a5873b19-0bff-4702-93d7-7ccf9114809a" />
    <UnitTestResult executionId="d284b968-b7aa-4b08-96d1-1a39b64bc031" testId="8fce9ce1-39da-e1ff-525c-a8a6c41443f7" testName="MesIngest.Tests.TransportDemandReconcilerTests.First_create_without_gone_history_does_not_raise_reappear" computerName="LAB-WIN-01" duration="00:00:00.0005816" startTime="2026-08-10T14:20:13.4260605+08:00" endTime="2026-08-10T14:20:13.4260606+08:00" testType="13cdc9d9-ddb5-4fa4-a97d-d965ccfc6d4b" outcome="Passed" testListId="8c84fa94-04c1-424b-9868-57a2d4851a1d" relativeResultsDirectory="d284b968-b7aa-4b08-96d1-1a39b64bc031" />
    <UnitTestResult executionId="5b15e8a5-676e-4295-ba57-d2d1942703fb" testId="668d0d80-9b09-55dd-b601-61b413c1b428" testName="MesIngest.Tests.DemandVisibleColumnSortHttpTests.Every_new_visible_demand_column_toggles_asc_then_desc(header: &quot;disappear&quot;, token: &quot;disappearCount&quot;)" computerName="LAB-WIN-01" duration="00:00:00.0038559" startTime="2026-08-10T14:20:13.3631641+08:00" endTime="2026-08-10T14:20:13.3631900+08:00" testType="13cdc9d9-ddb5-4fa4-a97d-d965ccfc6d4b" outcome="Passed" testListId="8c84fa94-04c1-424b-9868-57a2d4851a1d" relativeResultsDirectory="5b15e8a5-676e-4295-ba57-d2d1942703fb" />
    <UnitTestResult executionId="04e6d351-6dd5-4138-a2e1-98259ce93177" testId="fdb30286-226d-c650-839e-99d778b595b8" testName="MesIngest.Tests.ListenBindingPolicyTests.Non_localhost_urls_require_shared_secret(urls: &quot;http://*:5088&quot;)" computerName="LAB-WIN-01" duration="00:00:00.0000115" startTime="2026-08-10T14:20:13.4374545+08:00" endTime="2026-08-10T14:20:13.4374545+08:00" testType="13cdc9d9-ddb5-4fa4-a97d-d965ccfc6d4b" outcome="Passed" testListId="8c84fa94-04c1-424b-9868-57a2d4851a1d" relativeResultsDirectory="04e6d351-6dd5-4138-a2e1-98259ce93177" />
    <UnitTestResult executionId="5d6129ae-af8c-4061-8b99-1d857c87f29f" testId="0c9e485d-2ad6-1eb2-2f53-421a372997b6" testName="MesIngest.Tests.AlertListQueryParserTests.TryParseSortBy_accepts_alert_allow_list(raw: &quot;sublot&quot;, expected: Sublot)" computerName="LAB-WIN-01" duration="00:00:00.0000072" startTime="2026-08-10T14:20:13.4806255+08:00" endTime="2026-08-10T14:20:13.4806256+08:00" testType="13cdc9d9-ddb5-4fa4-a97d-d965ccfc6d4b" outcome="Passed" testListId="8c84fa94-04c1-424b-9868-57a2d4851a1d" relativeResultsDirectory="5d6129ae-af8c-4061-8b99-1d857c87f29f" />
    <UnitTestResult executionId="7f27baba-bbd0-433e-867d-c903963a7cbd" testId="558a0407-0a0a-0cae-f647-758b56c2d070" testName="MesIngest.Tests.IngestRoundRunnerTests.Restart_barrier_pre_baseline_only_rows_do_not_seed_healthy_baseline_or_pause_on_next_empty" computerName="LAB-WIN-01" duration="00:00:00.0309482" startTime="2026-08-10T14:20:13.4398014+08:00" endTime="2026-08-10T14:20:13.4398014+08:00" testType="13cdc9d9-ddb5-4fa4-a97d-d965ccfc6d4b" outcome="Passed" testListId="8c84fa94-04c1-424b-9868-57a2d4851a1d" relativeResultsDirectory="7f27baba-bbd0-433e-867d-c903963a7cbd" />
    <UnitTestResult executionId="de0d70e8-b6aa-4f42-a171-15db6d1407a5" testId="c94b0ef3-e78e-2973-d396-6822d546f4bb" testName="MesIngest.Tests.SqlServerTransportDemandStoreTests.Alert_query_pages_new_sort_columns_on_the_shared_contract" computerName="LAB-WIN-01" duration="00:00:00.0181118" startTime="2026-08-10T14:20:20.5743407+08:00" endTime="2026-08-10T14:20:20.5743410+08:00" testType="13cdc9d9-ddb5-4fa4-a97d-d965ccfc6d4b" outcome="Passed" testListId="8c84fa94-04c1-424b-9868-57a2d4851a1d" relativeResultsDirectory="de0d70e8-b6aa-4f42-a171-15db6d1407a5" />
    <UnitTestResult executionId="f789bf78-9d77-474f-8299-f48924ccb9c5" testId="4490c2cc-e8c3-104b-b187-db111dc76ef3" testName="MesIngest.Tests.WatchDemandSessionTests.Gone_query_commits_its_filters_and_explicit_gone_at_range_only_after_success" computerName="LAB-WIN-01" duration="00:00:00.0029809" startTime="2026-08-10T14:20:13.8914583+08:00" endTime="2026-08-10T14:20:13.8914588+08:00" testType="13cdc9d9-ddb5-4fa4-a97d-d965ccfc6d4b" outcome="Passed" testListId="8c84fa94-04c1-424b-9868-57a2d4851a1d" relativeResultsDirectory="f789bf78-9d77-474f-8299-f48924ccb9c5" />
    <UnitTestResult executionId="8c9c0232-f7ff-4a3c-95ee-ab1d5467dace" testId="1b83bc8b-8eba-c3c7-1a6f-1af919965bd3" testName="MesIngest.Tests.MainWindowUiAutomationTests.Alert_details_control_opens_detail_window_through_flaui_uia3" computerName="LAB-WIN-01" duration="00:00:04.2287492" startTime="2026-08-10T14:20:17.6896527+08:00" endTime="2026-08-10T14:20:17.6896529+08:00" testType="13cdc9d9-ddb5-4fa4-a97d-d965ccfc6d4b" outcome="Passed" testListId="8c84fa94-04c1-424b-9868-57a2d4851a1d" relativeResultsDirectory="8c9c0232-f7ff-4a3c-95ee-ab1d5467dace" />
    <UnitTestResult executionId="42bcd17e-6d51-4140-82b2-ee3b0d0a8e9b" testId="d42a29ec-5421-a26e-375c-d2b22b209372" testName="MesIngest.Tests.WatchAlertSessionTests.Watch_connection_codes_are_never_projected_as_ingest_alert_rows" computerName="LAB-WIN-01" duration="00:00:00.0102781" startTime="2026-08-10T14:20:13.4720874+08:00" endTime="2026-08-10T14:20:13.4720876+08:00" testType="13cdc9d9-ddb5-4fa4-a97d-d965ccfc6d4b" outcome="Passed" testListId="8c84fa94-04c1-424b-9868-57a2d4851a1d" relativeResultsDirectory="42bcd17e-6d51-4140-82b2-ee3b0d0a8e9b" />
    <UnitTestResult executionId="51fd8774-77fb-451f-80b3-51d5cf309c0d" testId="e64313ea-cc8a-94ea-cc24-4fa2f008b169" testName="MesIngest.Tests.SingleFlightPollLoopTests.Waits_post_poll_delay_after_each_completed_round" computerName="LAB-WIN-01" duration="00:00:00.6387906" startTime="2026-08-10T14:20:14.0945478+08:00" endTime="2026-08-10T14:20:14.0945481+08:00" testType="13cdc9d9-ddb5-4fa4-a97d-d965ccfc6d4b" outcome="Passed" testListId="8c84fa94-04c1-424b-9868-57a2d4851a1d" relativeResultsDirectory="51fd8774-77fb-451f-80b3-51d5cf309c0d" />
    <UnitTestResult executionId="fbadb016-babe-4f1d-898b-97093be06461" testId="0e4d5a1f-1721-799a-d3ca-d16e497b7425" testName="MesIngest.Tests.WatchBrowseSessionTests.Every_visible_alert_column_toggles_server_sort(header: &quot;last seen&quot;, token: &quot;lastSeenAt&quot;)" computerName="LAB-WIN-01" duration="00:00:00.0000046" startTime="2026-08-10T14:20:13.4084026+08:00" endTime="2026-08-10T14:20:13.4084026+08:00" testType="13cdc9d9-ddb5-4fa4-a97d-d965ccfc6d4b" outcome="Passed" testListId="8c84fa94-04c1-424b-9868-57a2d4851a1d" relativeResultsDirectory="fbadb016-babe-4f1d-898b-97093be06461" />
    <UnitTestResult executionId="d7821c13-5943-4598-aa03-6cddf7753a82" testId="5d8be5b1-dbd9-c71e-7ac5-fc9879fff3a9" testName="MesIngest.Tests.WatchGridClipboardTests.Formats_null_as_literal_null" computerName="LAB-WIN-01" duration="00:00:00.0000903" startTime="2026-08-10T14:20:13.4556293+08:00" endTime="2026-08-10T14:20:13.4556294+08:00" testType="13cdc9d9-ddb5-4fa4-a97d-d965ccfc6d4b" outcome="Passed" testListId="8c84fa94-04c1-424b-9868-57a2d4851a1d" relativeResultsDirectory="d7821c13-5943-4598-aa03-6cddf7753a82" />
    <UnitTestResult executionId="ade6f9f6-b608-4507-ac83-907bb4c87964" testId="6fe0e687-d930-a4b6-5905-1fca06f3d209" testName="MesIngest.Tests.WatchRefreshAdmissionTests.Sort_reset_waits_for_active_refresh_instead_of_being_dropped" computerName="LAB-WIN-01" duration="00:00:00.4363025" startTime="2026-08-10T14:20:13.8224293+08:00" endTime="2026-08-10T14:20:13.8224297+08:00" testType="13cdc9d9-ddb5-4fa4-a97d-d965ccfc6d4b" outcome="Passed" testListId="8c84fa94-04c1-424b-9868-57a2d4851a1d" relativeResultsDirectory="ade6f9f6-b608-4507-ac83-907bb4c87964" />
    <UnitTestResult executionId="615e9359-8275-457a-b417-fa70b008ffc4" testId="4a0987fe-caf5-f601-fa00-6efd28346cc7" testName="MesIngest.Tests.WatchAlertBrowsePagingTests.Automatic_refresh_preserves_the_loaded_alert_window" computerName="LAB-WIN-01" duration="00:00:00.1031761" startTime="2026-08-10T14:20:13.4452468+08:00" endTime="2026-08-10T14:20:13.4452469+08:00" testType="13cdc9d9-ddb5-4fa4-a97d-d965ccfc6d4b" outcome="Passed" testListId="8c84fa94-04c1-424b-9868-57a2d4851a1d" relativeResultsDirectory="615e9359-8275-457a-b417-fa70b008ffc4" />
    <UnitTestResult executionId="488e0f89-fdce-4a2b-98d0-979e4a4b21e8" testId="e4bb73aa-7842-fa0a-f7d3-cd3606fbc5d1" testName="MesIngest.Tests.WatchConnectionPreferencesTests.Corrupt_incompatible_or_unsafe_connection_preferences_fall_back(json: &quot;{\&quot;version\&quot;:99,\&quot;baseUrl\&quot;:\&quot;http://other\&quot;,\&quot;req&quot;...)" computerName="LAB-WIN-01" duration="00:00:00.0359608" startTime="2026-08-10T14:20:13.5786284+08:00" endTime="2026-08-10T14:20:13.5786287+08:00" testType="13cdc9d9-ddb5-4fa4-a97d-d965ccfc6d4b" outcome="Passed" testListId="8c84fa94-04c1-424b-9868-57a2d4851a1d" relativeResultsDirectory="488e0f89-fdce-4a2b-98d0-979e4a4b21e8" />
    <UnitTestResult executionId="666c29d1-140f-46df-bd3f-42075e19f055" testId="d52e0d67-780d-432a-035d-5de118457d7b" testName="MesIngest.Tests.WatchAlertSessionTests.Invalid_draft_is_rejected_without_calling_host(code: &quot;POLL_FAILURE&quot;, severity: &quot;CRITICAL&quot;, range: null, expectedError: &quot;Severity&quot;)" computerName="LAB-WIN-01" duration="00:00:00.0000193" startTime="2026-08-10T14:20:13.5109438+08:00" endTime="2026-08-10T14:20:13.5109438+08:00" testType="13cdc9d9-ddb5-4fa4-a97d-d965ccfc6d4b" outcome="Passed" testListId="8c84fa94-04c1-424b-9868-57a2d4851a1d" relativeResultsDirectory="666c29d1-140f-46df-bd3f-42075e19f055" />
    <UnitTestResult executionId="ca658ebe-85e7-4468-b938-e6b835d11a12" testId="06e22758-ccff-eac9-7127-f49ab8cd33c1" testName="MesIngest.Tests.ListenBindingPolicyTests.Localhost_urls_do_not_require_shared_secret(urls: &quot;http://127.0.0.1:5088&quot;)" computerName="LAB-WIN-01" duration="00:00:00.0000877" startTime="2026-08-10T14:20:13.4375438+08:00" endTime="2026-08-10T14:20:13.4375439+08:00" testType="13cdc9d9-ddb5-4fa4-a97d-d965ccfc6d4b" outcome="Passed" testListId="8c84fa94-04c1-424b-9868-57a2d4851a1d" relativeResultsDirectory="ca658ebe-85e7-4468-b938-e6b835d11a12" />
    <UnitTestResult executionId="a1b5e5e1-edf6-4c63-a4bc-7902182114ce" testId="a80585ec-5c25-0541-d179-6a5541fee2b2" testName="MesIngest.Tests.AlertDetailViewModelTests.ApplyUpdate_replaces_fields_and_clears_historical_flag" computerName="LAB-WIN-01" duration="00:00:00.0008672" startTime="2026-08-10T14:20:13.4024701+08:00" endTime="2026-08-10T14:20:13.4024701+08:00" testType="13cdc9d9-ddb5-4fa4-a97d-d965ccfc6d4b" outcome="Passed" testListId="8c84fa94-04c1-424b-9868-57a2d4851a1d" relativeResultsDirectory="a1b5e5e1-edf6-4c63-a4bc-7902182114ce" />
    <UnitTestResult executionId="47c3d468-f9e7-43a0-bf40-ec28eff266b7" testId="eb5b106d-5507-45da-d2bf-81056ea28d86" testName="MesIngest.Tests.MainWindowStartupTests.Alert_columns_expose_sorting_only_for_the_host_allow_list" computerName="LAB-WIN-01" duration="00:00:00.6062533" startTime="2026-08-10T14:20:15.8371097+08:00" endTime="2026-08-10T14:20:15.8371100+08:00" testType="13cdc9d9-ddb5-4fa4-a97d-d965ccfc6d4b" outcome="Passed" testListId="8c84fa94-04c1-424b-9868-57a2d4851a1d" relativeResultsDirectory="47c3d468-f9e7-43a0-bf40-ec28eff266b7" />
    <UnitTestResult executionId="77b0238f-b768-4424-84ef-a3cfa4959ce0" testId="b9dba071-64b3-d6a5-da42-a5d363be423a" testName="MesIngest.Tests.AlertListQueryParserTests.TryParseSortBy_rejects_demand_only_columns(raw: &quot;goneAt&quot;)" computerName="LAB-WIN-01" duration="00:00:00.0000064" startTime="2026-08-10T14:20:13.4821245+08:00" endTime="2026-08-10T14:20:13.4821246+08:00" testType="13cdc9d9-ddb5-4fa4-a97d-d965ccfc6d4b" outcome="Passed" testListId="8c84fa94-04c1-424b-9868-57a2d4851a1d" relativeResultsDirectory="77b0238f-b768-4424-84ef-a3cfa4959ce0" />
    <UnitTestResult executionId="5f625be6-b24d-4b09-975f-761ce1b27c2b" testId="96bf36f5-97af-4f5d-1d28-a0818b179f53" testName="MesIngest.Tests.LatencyTelemetryTests.Oracle_query_timeout_sets_poll_health_and_alert_stage_ORACLE_QUERY" computerName="LAB-WIN-01" duration="00:00:00.5334053" startTime="2026-08-10T14:20:14.0731201+08:00" endTime="2026-08-10T14:20:14.0731206+08:00" testType="13cdc9d9-ddb5-4fa4-a97d-d965ccfc6d4b" outcome="Passed" testListId="8c84fa94-04c1-424b-9868-57a2d4851a1d" relativeResultsDirectory="5f625be6-b24d-4b09-975f-761ce1b27c2b" />
    <UnitTestResult executionId="959a6603-37bc-416f-8eaf-fbe5f2b81067" testId="070c027e-240a-195e-30d3-0debfd22e89f" testName="MesIngest.Tests.WatchBannerProjectionTests.Active_error_alert_stays_in_alerts_grid_not_notification_banner" computerName="LAB-WIN-01" duration="00:00:00.0008696" startTime="2026-08-10T14:20:13.4219458+08:00" endTime="2026-08-10T14:20:13.4219461+08:00" testType="13cdc9d9-ddb5-4fa4-a97d-d965ccfc6d4b" outcome="Passed" testListId="8c84fa94-04c1-424b-9868-57a2d4851a1d" relativeResultsDirectory="959a6603-37bc-416f-8eaf-fbe5f2b81067" />
    <UnitTestResult executionId="83a3254b-11c5-4385-a0dd-0eb440185187" testId="a71f32b3-657e-e97d-8b12-31e1b870a00b" testName="MesIngest.Tests.WatchOverviewStateTests.Projection_distinguishes_every_overview_health_conclusion_with_text_and_icon" computerName="LAB-WIN-01" duration="00:00:00.0075869" startTime="2026-08-10T14:20:14.1221273+08:00" endTime="2026-08-10T14:20:14.1221275+08:00" testType="13cdc9d9-ddb5-4fa4-a97d-d965ccfc6d4b" outcome="Passed" testListId="8c84fa94-04c1-424b-9868-57a2d4851a1d" relativeResultsDirectory="83a3254b-11c5-4385-a0dd-0eb440185187" />
    <UnitTestResult executionId="11fa6c74-fe34-49a3-8f7a-d82dc4b9527a" testId="87459a23-c691-09cc-f7bb-3d15b7a43a74" testName="MesIngest.Tests.WatchConnectionEventRecorderTests.Success_with_no_prior_failure_emits_nothing" computerName="LAB-WIN-01" duration="00:00:00.0000946" startTime="2026-08-10T14:20:13.4010056+08:00" endTime="2026-08-10T14:20:13.4010057+08:00" testType="13cdc9d9-ddb5-4fa4-a97d-d965ccfc6d4b" outcome="Passed" testListId="8c84fa94-04c1-424b-9868-57a2d4851a1d" relativeResultsDirectory="11fa6c74-fe34-49a3-8f7a-d82dc4b9527a" />
    <UnitTestResult executionId="5bef698e-23a7-4fff-a5ed-bc7ab033f08f" testId="a8857794-45d8-fcba-dbc0-e88e3abb385f" testName="MesIngest.Tests.FactoryValidationPackTests.Factory_validation_collector_covers_ticket_15_read_only_measurements" computerName="LAB-WIN-01" duration="00:00:00.0024285" startTime="2026-08-10T14:20:13.4068199+08:00" endTime="2026-08-10T14:20:13.4068200+08:00" testType="13cdc9d9-ddb5-4fa4-a97d-d965ccfc6d4b" outcome="Passed" testListId="8c84fa94-04c1-424b-9868-57a2d4851a1d" relativeResultsDirectory="5bef698e-23a7-4fff-a5ed-bc7ab033f08f" />
    <UnitTestResult executionId="1897d3fb-5c54-48ce-b202-857872d07003" testId="b32a7e12-9501-052f-abc1-24b7d2601904" testName="MesIngest.Tests.IngestRoundRunnerTests.Csv_row_parse_failure_is_poll_incomplete_not_failure" computerName="LAB-WIN-01" duration="00:00:00.0630546" startTime="2026-08-10T14:20:14.3513315+08:00" endTime="2026-08-10T14:20:14.3513317+08:00" testType="13cdc9d9-ddb5-4fa4-a97d-d965ccfc6d4b" outcome="Passed" testListId="8c84fa94-04c1-424b-9868-57a2d4851a1d" relativeResultsDirectory="1897d3fb-5c54-48ce-b202-857872d07003" />
    <UnitTestResult executionId="c09511e5-3cbb-4aa6-8424-f225daa56789" testId="8304e2e5-b10f-0687-90ca-ef456feffaef" testName="MesIngest.Tests.AlertDemandLocateHintsTests.Missing_exact_id_points_to_host_history_without_substitution" computerName="LAB-WIN-01" duration="00:00:00.0001144" startTime="2026-08-10T14:20:13.3709384+08:00" endTime="2026-08-10T14:20:13.3709386+08:00" testType="13cdc9d9-ddb5-4fa4-a97d-d965ccfc6d4b" outcome="Passed" testListId="8c84fa94-04c1-424b-9868-57a2d4851a1d" relativeResultsDirectory="c09511e5-3cbb-4aa6-8424-f225daa56789" />
    <UnitTestResult executionId="34e3415d-9a39-416a-be7b-126f4648c9f0" testId="16e8a619-585e-66d9-bbb4-e00b455f1a03" testName="MesIngest.Tests.CsvFileMesSnapshotSourceTests.Zero_byte_file_returns_incomplete_outcome" computerName="LAB-WIN-01" duration="00:00:00.0054923" startTime="2026-08-10T14:20:15.1632982+08:00" endTime="2026-08-10T14:20:15.1632985+08:00" testType="13cdc9d9-ddb5-4fa4-a97d-d965ccfc6d4b" outcome="Passed" testListId="8c84fa94-04c1-424b-9868-57a2d4851a1d" relativeResultsDirectory="34e3415d-9a39-416a-be7b-126f4648c9f0" />
    <UnitTestResult executionId="8853403b-baed-40b6-9165-39b04869fb52" testId="e1d10ee2-01eb-ee03-d705-c8e8af13a37a" testName="MesIngest.Tests.WatchV2ShellTests.Shell_starts_on_overview_and_exposes_only_the_four_approved_pages" computerName="LAB-WIN-01" duration="00:00:00.3466218" startTime="2026-08-10T14:20:17.1189091+08:00" endTime="2026-08-10T14:20:17.1189093+08:00" testType="13cdc9d9-ddb5-4fa4-a97d-d965ccfc6d4b" outcome="Passed" testListId="8c84fa94-04c1-424b-9868-57a2d4851a1d" relativeResultsDirectory="8853403b-baed-40b6-9165-39b04869fb52" />
    <UnitTestResult executionId="e9065cd1-3cc3-4aaa-95f6-56074b80f57a" testId="dfdccb42-e537-4c4b-471a-22990ba2f419" testName="MesIngest.Tests.WatchBannerProjectionTests.Timeout_fetch_error_is_error_banner" computerName="LAB-WIN-01" duration="00:00:00.0002066" startTime="2026-08-10T14:20:13.4233110+08:00" endTime="2026-08-10T14:20:13.4233110+08:00" testType="13cdc9d9-ddb5-4fa4-a97d-d965ccfc6d4b" outcome="Passed" testListId="8c84fa94-04c1-424b-9868-57a2d4851a1d" relativeResultsDirectory="e9065cd1-3cc3-4aaa-95f6-56074b80f57a" />
    <UnitTestResult executionId="210a238e-6f1a-458e-a6b0-b23863b413d0" testId="f7819756-67bb-d163-f84a-a8c33ace156f" testName="MesIngest.Tests.SqlServerTransportDemandStoreTests.Persisted_alerts_and_poll_health_are_readable_after_new_store_instance" computerName="LAB-WIN-01" duration="00:00:00.0184916" startTime="2026-08-10T14:20:20.3024720+08:00" endTime="2026-08-10T14:20:20.3024724+08:00" testType="13cdc9d9-ddb5-4fa4-a97d-d965ccfc6d4b" outcome="Passed" testListId="8c84fa94-04c1-424b-9868-57a2d4851a1d" relativeResultsDirectory="210a238e-6f1a-458e-a6b0-b23863b413d0" />
    <UnitTestResult executionId="b452da59-f486-4e1c-904f-fdef0bca0b3a" testId="3f67f1e9-950e-8152-b795-205d1f144d33" testName="MesIngest.Tests.WatchDemandSessionTests.Superseded_late_response_cannot_replace_the_newer_successful_query" computerName="LAB-WIN-01" duration="00:00:00.3294468" startTime="2026-08-10T14:20:14.2547064+08:00" endTime="2026-08-10T14:20:14.2547076+08:00" testType="13cdc9d9-ddb5-4fa4-a97d-d965ccfc6d4b" outcome="Passed" testListId="8c84fa94-04c1-424b-9868-57a2d4851a1d" relativeResultsDirectory="b452da59-f486-4e1c-904f-fdef0bca0b3a" />
    <UnitTestResult executionId="041c742e-72be-42bd-a83a-1ff8593b7ab7" testId="2650ef0c-140c-0e55-bb75-9e4f02889303" testName="MesIngest.Tests.WatchV2ShellTests.Composition_restores_saved_host_and_timeout_but_keeps_credential_in_external_configuration" computerName="LAB-WIN-01" duration="00:00:00.6746000" startTime="2026-08-10T14:20:15.7357453+08:00" endTime="2026-08-10T14:20:15.7357455+08:00" testType="13cdc9d9-ddb5-4fa4-a97d-d965ccfc6d4b" outcome="Passed" testListId="8c84fa94-04c1-424b-9868-57a2d4851a1d" relativeResultsDirectory="041c742e-72be-42bd-a83a-1ff8593b7ab7" />
    <UnitTestResult executionId="c39ee9b7-ca05-4ae0-9859-f589898c03d2" testId="fc26d2da-186a-7791-859b-a898cd047c3b" testName="MesIngest.Tests.ListenBindingPolicyTests.Non_localhost_urls_require_shared_secret(urls: &quot;http://+:5088&quot;)" computerName="LAB-WIN-01" duration="00:00:00.0003073" startTime="2026-08-10T14:20:13.4372504+08:00" endTime="2026-08-10T14:20:13.4372506+08:00" testType="13cdc9d9-ddb5-4fa4-a97d-d965ccfc6d4b" outcome="Passed" testListId="8c84fa94-04c1-424b-9868-57a2d4851a1d" relativeResultsDirectory="c39ee9b7-ca05-4ae0-9859-f589898c03d2" />
    <UnitTestResult executionId="50cf91d5-a9f3-4111-96dc-ebe0b9759423" testId="1ba738e6-b652-9a48-3740-7165989ca483" testName="MesIngest.Tests.WatchAlertSessionTests.Paging_sort_and_reset_commit_fixed_server_windows_atomically" computerName="LAB-WIN-01" duration="00:00:00.0068035" startTime="2026-08-10T14:20:13.5128976+08:00" endTime="2026-08-10T14:20:13.5128978+08:00" testType="13cdc9d9-ddb5-4fa4-a97d-d965ccfc6d4b" outcome="Passed" testListId="8c84fa94-04c1-424b-9868-57a2d4851a1d" relativeResultsDirectory="50cf91d5-a9f3-4111-96dc-ebe0b9759423" />
    <UnitTestResult executionId="831a8d73-c4c2-40c9-a537-27b29f14413e" testId="99d6ee8d-78b9-2a74-1955-c36e895c4f88" testName="MesIngest.Tests.WatchHostSessionTests.Apply_verifies_contract_before_poll_health_and_commits_new_host" computerName="LAB-WIN-01" duration="00:00:00.0068672" startTime="2026-08-10T14:20:14.0058342+08:00" endTime="2026-08-10T14:20:14.0058350+08:00" testType="13cdc9d9-ddb5-4fa4-a97d-d965ccfc6d4b" outcome="Passed" testListId="8c84fa94-04c1-424b-9868-57a2d4851a1d" relativeResultsDirectory="831a8d73-c4c2-40c9-a537-27b29f14413e" />
    <UnitTestResult executionId="3c5c7177-5da6-4a06-8daa-4dad25076abc" testId="db4c8454-dc66-95a6-2799-83f526a3fe41" testName="MesIngest.Tests.IngestRoundRunnerTests.Incomplete_round_appends_poll_incomplete_alert_without_creating_visible" computerName="LAB-WIN-01" duration="00:00:00.0013882" startTime="2026-08-10T14:20:14.0214646+08:00" endTime="2026-08-10T14:20:14.0214648+08:00" testType="13cdc9d9-ddb5-4fa4-a97d-d965ccfc6d4b" outcome="Passed" testListId="8c84fa94-04c1-424b-9868-57a2d4851a1d" relativeResultsDirectory="3c5c7177-5da6-4a06-8daa-4dad25076abc" />
    <UnitTestResult executionId="19a08765-2a75-4a20-bf7a-5b8c8ed82502" testId="de6bc5fe-1879-bf8f-e6cd-37162762cb93" testName="MesIngest.Tests.WatchHostSessionTests.Failed_new_host_has_no_old_health_or_last_success_and_reports_authentication" computerName="LAB-WIN-01" duration="00:00:00.0023800" startTime="2026-08-10T14:20:13.9962011+08:00" endTime="2026-08-10T14:20:13.9962022+08:00" testType="13cdc9d9-ddb5-4fa4-a97d-d965ccfc6d4b" outcome="Passed" testListId="8c84fa94-04c1-424b-9868-57a2d4851a1d" relativeResultsDirectory="19a08765-2a75-4a20-bf7a-5b8c8ed82502" />
    <UnitTestResult executionId="1c8340a1-36f3-45e6-aca0-6ca36f56d017" testId="de1713aa-1e2b-dc2b-ad75-cbd3e9be624a" testName="MesIngest.Tests.DemandVisibleColumnSortHttpTests.Every_new_visible_demand_column_toggles_asc_then_desc(header: &quot;PACKAGE&quot;, token: &quot;package&quot;)" computerName="LAB-WIN-01" duration="00:00:00.0000026" startTime="2026-08-10T14:20:13.3978243+08:00" endTime="2026-08-10T14:20:13.3978244+08:00" testType="13cdc9d9-ddb5-4fa4-a97d-d965ccfc6d4b" outcome="Passed" testListId="8c84fa94-04c1-424b-9868-57a2d4851a1d" relativeResultsDirectory="1c8340a1-36f3-45e6-aca0-6ca36f56d017" />
    <UnitTestResult executionId="a240aa07-8b19-4e48-98e5-a411bc2718cd" testId="0e894d7a-176a-64e0-2d19-fb393627032d" testName="MesIngest.Tests.WatchDemandSessionTests.Gone_initial_load_uses_a_fixed_recent_24_hour_window_and_gone_sort" computerName="LAB-WIN-01" duration="00:00:00.0012458" startTime="2026-08-10T14:20:13.8822785+08:00" endTime="2026-08-10T14:20:13.8822786+08:00" testType="13cdc9d9-ddb5-4fa4-a97d-d965ccfc6d4b" outcome="Passed" testListId="8c84fa94-04c1-424b-9868-57a2d4851a1d" relativeResultsDirectory="a240aa07-8b19-4e48-98e5-a411bc2718cd" />
    <UnitTestResult executionId="5c3bc9d3-c2b9-4978-bb1a-206023d89f8a" testId="36b7f7f9-f41f-01ba-4571-09ec32be6c35" testName="MesIngest.Tests.DemandListPagingTieBreakTests.QueryPage_desc_page_boundary_inside_tie_group_has_no_gap_or_dup" computerName="LAB-WIN-01" duration="00:00:00.0006823" startTime="2026-08-10T14:20:13.5454569+08:00" endTime="2026-08-10T14:20:13.5454570+08:00" testType="13cdc9d9-ddb5-4fa4-a97d-d965ccfc6d4b" outcome="Passed" testListId="8c84fa94-04c1-424b-9868-57a2d4851a1d" relativeResultsDirectory="5c3bc9d3-c2b9-4978-bb1a-206023d89f8a" />
    <UnitTestResult executionId="240b56af-0fce-4c3b-a0b8-c4331de51e6e" testId="ac30aaaf-f92f-365f-2b99-f97c1b095b81" testName="MesIngest.Tests.DemandChangeFeedApiTests.Demand_changes_returns_bounded_page_with_watermarks" computerName="LAB-WIN-01" duration="00:00:00.6345951" startTime="2026-08-10T14:20:16.3179667+08:00" endTime="2026-08-10T14:20:16.3179670+08:00" testType="13cdc9d9-ddb5-4fa4-a97d-d965ccfc6d4b" outcome="Passed" testListId="8c84fa94-04c1-424b-9868-57a2d4851a1d" relativeResultsDirectory="240b56af-0fce-4c3b-a0b8-c4331de51e6e" />
    <UnitTestResult executionId="2222daba-8a8c-41b2-b9ca-b40ae7655da8" testId="d46f1b88-57e2-bf61-1aa5-01bba9b4de64" testName="MesIngest.Tests.DemandListPagingTieBreakTests.QueryPage_desc_identical_primary_covers_all_allow_list_columns(sortBy: Dates)" computerName="LAB-WIN-01" duration="00:00:00.0004693" startTime="2026-08-10T14:20:13.5389114+08:00" endTime="2026-08-10T14:20:13.5389115+08:00" testType="13cdc9d9-ddb5-4fa4-a97d-d965ccfc6d4b" outcome="Passed" testListId="8c84fa94-04c1-424b-9868-57a2d4851a1d" relativeResultsDirectory="2222daba-8a8c-41b2-b9ca-b40ae7655da8" />
    <UnitTestResult executionId="db123518-30ae-442a-9e35-d9de679a5dbc" testId="603468ee-6aaf-e740-488a-e370277d2190" testName="MesIngest.Tests.IngestRoundRunnerTests.Failed_or_incomplete_round_does_not_consume_restart_barrier" computerName="LAB-WIN-01" duration="00:00:00.0021812" startTime="2026-08-10T14:20:14.3538009+08:00" endTime="2026-08-10T14:20:14.3538011+08:00" testType="13cdc9d9-ddb5-4fa4-a97d-d965ccfc6d4b" outcome="Passed" testListId="8c84fa94-04c1-424b-9868-57a2d4851a1d" relativeResultsDirectory="db123518-30ae-442a-9e35-d9de679a5dbc" />
    <UnitTestResult executionId="007bbc9f-c9f2-4cef-b009-7e08b7f05aae" testId="f03bba25-37c9-c3e2-36fa-ad8ceb4a001d" testName="MesIngest.Tests.AlertVisibleColumnSortHttpTests.Host_pages_all_visible_alert_columns_without_gaps_or_duplicates(sortBy: &quot;demandId&quot;, direction: &quot;asc&quot;, expectedAlertIds: [&quot;a3&quot;, &quot;a5&quot;, &quot;a2&quot;, &quot;a1&quot;, &quot;a4&quot;])" computerName="LAB-WIN-01" duration="00:00:00.1280785" startTime="2026-08-10T14:20:17.2310625+08:00" endTime="2026-08-10T14:20:17.2310628+08:00" testType="13cdc9d9-ddb5-4fa4-a97d-d965ccfc6d4b" outcome="Passed" testListId="8c84fa94-04c1-424b-9868-57a2d4851a1d" relativeResultsDirectory="007bbc9f-c9f2-4cef-b009-7e08b7f05aae" />
    <UnitTestResult executionId="04bcb548-e599-475f-b624-dcbefdbea76c" testId="f037644a-84fa-2544-9d6e-0507b4998f34" testName="MesIngest.Tests.SchemaUpgradeTests.Upgrading_phase1_schema_preserves_demands_pauses_alerts_and_poll_health" computerName="LAB-WIN-01" duration="00:00:00.0911573" startTime="2026-08-10T14:20:20.0373718+08:00" endTime="2026-08-10T14:20:20.0373720+08:00" testType="13cdc9d9-ddb5-4fa4-a97d-d965ccfc6d4b" outcome="Passed" testListId="8c84fa94-04c1-424b-9868-57a2d4851a1d" relativeResultsDirectory="04bcb548-e599-475f-b624-dcbefdbea76c" />
    <UnitTestResult executionId="524bb843-d1ad-404b-a536-38fa42167aad" testId="de009e39-c7d7-8dc3-1e1e-d4a6cb645219" testName="MesIngest.Tests.ReadApiSharedSecretAuthTests.Non_localhost_binding_rejects_request_without_shared_secret" computerName="LAB-WIN-01" duration="00:00:00.4153732" startTime="2026-08-10T14:20:15.5322959+08:00" endTime="2026-08-10T14:20:15.5322963+08:00" testType="13cdc9d9-ddb5-4fa4-a97d-d965ccfc6d4b" outcome="Passed" testListId="8c84fa94-04c1-424b-9868-57a2d4851a1d" relativeResultsDirectory="524bb843-d1ad-404b-a536-38fa42167aad" />
    <UnitTestResult executionId="5e036270-3a3c-4123-af91-b2825988374a" testId="24cccb74-1f04-e375-1227-0fd1872ff41e" testName="MesIngest.Tests.DemandChangeFeedStoreTests.QueryChangeFeed_full_purge_keeps_monotonic_watermark_and_expires_stale_cursors" computerName="LAB-WIN-01" duration="00:00:00.0012063" startTime="2026-08-10T14:20:13.4259584+08:00" endTime="2026-08-10T14:20:13.4259591+08:00" testType="13cdc9d9-ddb5-4fa4-a97d-d965ccfc6d4b" outcome="Passed" testListId="8c84fa94-04c1-424b-9868-57a2d4851a1d" relativeResultsDirectory="5e036270-3a3c-4123-af91-b2825988374a" />
    <UnitTestResult executionId="4901b0a0-878a-45f3-8b20-d3812aa746e6" testId="9a0dc0e0-64a5-8f24-93ee-6463d0dd7b2c" testName="MesIngest.Tests.ReadApiSharedSecretAuthTests.Non_localhost_without_shared_secret_fails_validation" computerName="LAB-WIN-01" duration="00:00:00.0016589" startTime="2026-08-10T14:20:13.4206956+08:00" endTime="2026-08-10T14:20:13.4206956+08:00" testType="13cdc9d9-ddb5-4fa4-a97d-d965ccfc6d4b" outcome="Passed" testListId="8c84fa94-04c1-424b-9868-57a2d4851a1d" relativeResultsDirectory="4901b0a0-878a-45f3-8b20-d3812aa746e6" />
    <UnitTestResult executionId="d84f83c6-02f8-4cb1-9aa5-9346a00617ae" testId="8a798e55-8c32-d677-90ee-407fe262ef83" testName="MesIngest.Tests.AlertVisibleColumnSortHttpTests.Host_pages_all_visible_alert_columns_without_gaps_or_duplicates(sortBy: &quot;alertId&quot;, direction: &quot;desc&quot;, expectedAlertIds: [&quot;a5&quot;, &quot;a4&quot;, &quot;a3&quot;, &quot;a2&quot;, &quot;a1&quot;])" computerName="LAB-WIN-01" duration="00:00:00.1456013" startTime="2026-08-10T14:20:17.5659620+08:00" endTime="2026-08-10T14:20:17.5659630+08:00" testType="13cdc9d9-ddb5-4fa4-a97d-d965ccfc6d4b" outcome="Passed" testListId="8c84fa94-04c1-424b-9868-57a2d4851a1d" relativeResultsDirectory="d84f83c6-02f8-4cb1-9aa5-9346a00617ae" />
    <UnitTestResult executionId="88857ba6-0910-4404-98de-7b2408abe3da" testId="0c81fd5f-95a4-95e1-f6d2-5fd45176f8d6" testName="MesIngest.Tests.FactoryValidationPackTests.Pack_includes_factory_validation_checklist_and_return_templates" computerName="LAB-WIN-01" duration="00:00:00.0016130" startTime="2026-08-10T14:20:13.4070973+08:00" endTime="2026-08-10T14:20:13.4070974+08:00" testType="13cdc9d9-ddb5-4fa4-a97d-d965ccfc6d4b" outcome="Passed" testListId="8c84fa94-04c1-424b-9868-57a2d4851a1d" relativeResultsDirectory="88857ba6-0910-4404-98de-7b2408abe3da" />
    <UnitTestResult executionId="b241bcde-5d6d-4bab-af6c-0c1cbe166d3b" testId="16a09ac0-0f32-8e18-3459-37b30d44a7ca" testName="MesIngest.Tests.IngestRoundRunnerTests.Failed_round_does_not_rewrite_projection_store" computerName="LAB-WIN-01" duration="00:00:00.0018750" startTime="2026-08-10T14:20:14.0257715+08:00" endTime="2026-08-10T14:20:14.0257717+08:00" testType="13cdc9d9-ddb5-4fa4-a97d-d965ccfc6d4b" outcome="Passed" testListId="8c84fa94-04c1-424b-9868-57a2d4851a1d" relativeResultsDirectory="b241bcde-5d6d-4bab-af6c-0c1cbe166d3b" />
    <UnitTestResult executionId="90351469-2641-4100-9e53-e2137883cb4e" testId="46b8fa4e-7f32-65c7-10fe-e97606ac97c1" testName="MesIngest.Tests.WatchBannerProjectionTests.Not_ready_is_error_severity_red" computerName="LAB-WIN-01" duration="00:00:00.0003028" startTime="2026-08-10T14:20:13.4215781+08:00" endTime="2026-08-10T14:20:13.4215783+08:00" testType="13cdc9d9-ddb5-4fa4-a97d-d965ccfc6d4b" outcome="Passed" testListId="8c84fa94-04c1-424b-9868-57a2d4851a1d" relativeResultsDirectory="90351469-2641-4100-9e53-e2137883cb4e" />
    <UnitTestResult executionId="d3388e87-7851-4018-9ae0-32ce2bb43f6c" testId="a79dba3f-b7d0-ee4e-d091-4ec8e15c489b" testName="MesIngest.Tests.WatchBannerStateTests.Shows_both_banners_together" computerName="LAB-WIN-01" duration="00:00:00.0003400" startTime="2026-08-10T14:20:13.4042069+08:00" endTime="2026-08-10T14:20:13.4042070+08:00" testType="13cdc9d9-ddb5-4fa4-a97d-d965ccfc6d4b" outcome="Passed" testListId="8c84fa94-04c1-424b-9868-57a2d4851a1d" relativeResultsDirectory="d3388e87-7851-4018-9ae0-32ce2bb43f6c" />
    <UnitTestResult executionId="a467592f-530d-42cb-96c2-a614fc0efc97" testId="2be74e0b-ba2c-ee52-6b06-d76bea1f9072" testName="MesIngest.Tests.WatchBannerProjectionTests.Poll_failure_is_error_banner" computerName="LAB-WIN-01" duration="00:00:00.0002486" startTime="2026-08-10T14:20:13.4233968+08:00" endTime="2026-08-10T14:20:13.4233969+08:00" testType="13cdc9d9-ddb5-4fa4-a97d-d965ccfc6d4b" outcome="Passed" testListId="8c84fa94-04c1-424b-9868-57a2d4851a1d" relativeResultsDirectory="a467592f-530d-42cb-96c2-a614fc0efc97" />
    <UnitTestResult executionId="c42877b0-9c92-4f4a-8b86-1d6e4d10cf75" testId="891ce9dc-a214-83f8-9357-1384c35673dc" testName="MesIngest.Tests.WatchRefreshStateTests.Failure_keeps_last_success_and_computes_stale_duration" computerName="LAB-WIN-01" duration="00:00:00.0002850" startTime="2026-08-10T14:20:13.4179533+08:00" endTime="2026-08-10T14:20:13.4179535+08:00" testType="13cdc9d9-ddb5-4fa4-a97d-d965ccfc6d4b" outcome="Passed" testListId="8c84fa94-04c1-424b-9868-57a2d4851a1d" relativeResultsDirectory="c42877b0-9c92-4f4a-8b86-1d6e4d10cf75" />
    <UnitTestResult executionId="95b50176-c8f7-467d-8ecb-43677651500c" testId="566cac9e-56f7-c6a8-a9e6-b099fa78504c" testName="MesIngest.Tests.AlertVisibleColumnSortHttpTests.Host_pages_all_visible_alert_columns_without_gaps_or_duplicates(sortBy: &quot;taskType&quot;, direction: &quot;desc&quot;, expectedAlertIds: [&quot;a2&quot;, &quot;a3&quot;, &quot;a4&quot;, &quot;a1&quot;, &quot;a5&quot;])" computerName="LAB-WIN-01" duration="00:00:00.1375653" startTime="2026-08-10T14:20:16.9928876+08:00" endTime="2026-08-10T14:20:16.9928878+08:00" testType="13cdc9d9-ddb5-4fa4-a97d-d965ccfc6d4b" outcome="Passed" testListId="8c84fa94-04c1-424b-9868-57a2d4851a1d" relativeResultsDirectory="95b50176-c8f7-467d-8ecb-43677651500c" />
    <UnitTestResult executionId="d5a4b1eb-8362-477f-8d90-decbd203f41b" testId="e9d819f2-9159-85dd-200c-40fccd0944c0" testName="MesIngest.Tests.PaginatedDemandApiTests.List_supports_combined_filters_and_allow_list_sort" computerName="LAB-WIN-01" duration="00:00:01.7501583" startTime="2026-08-10T14:20:15.0929880+08:00" endTime="2026-08-10T14:20:15.0929880+08:00" testType="13cdc9d9-ddb5-4fa4-a97d-d965ccfc6d4b" outcome="Passed" testListId="8c84fa94-04c1-424b-9868-57a2d4851a1d" relativeResultsDirectory="d5a4b1eb-8362-477f-8d90-decbd203f41b" />
    <UnitTestResult executionId="f66d1d52-8709-491a-891c-6242e1e530a5" testId="cb2dd501-3d5d-57a6-1711-24e58b65930c" testName="MesIngest.Tests.SqlServerTransportDemandStoreTests.Query_page_new_visible_columns_cover_nulls_ties_and_both_directions" computerName="LAB-WIN-01" duration="00:00:00.1801580" startTime="2026-08-10T14:20:20.8136275+08:00" endTime="2026-08-10T14:20:20.8136278+08:00" testType="13cdc9d9-ddb5-4fa4-a97d-d965ccfc6d4b" outcome="Passed" testListId="8c84fa94-04c1-424b-9868-57a2d4851a1d" relativeResultsDirectory="f66d1d52-8709-491a-891c-6242e1e530a5" />
    <UnitTestResult executionId="b52a469c-a467-4c26-80ff-47b31ec6095d" testId="7ef9c406-942a-6ef3-37a2-2e548a4a4788" testName="MesIngest.Tests.CsvFileMesSnapshotSourceTests.Short_data_row_returns_incomplete_outcome" computerName="LAB-WIN-01" duration="00:00:00.0561225" startTime="2026-08-10T14:20:15.1513931+08:00" endTime="2026-08-10T14:20:15.1513934+08:00" testType="13cdc9d9-ddb5-4fa4-a97d-d965ccfc6d4b" outcome="Passed" testListId="8c84fa94-04c1-424b-9868-57a2d4851a1d" relativeResultsDirectory="b52a469c-a467-4c26-80ff-47b31ec6095d" />
    <UnitTestResult executionId="3c44409e-64de-4ed8-801d-3cdd4ed5181b" testId="d6e05e32-00b5-a996-5f41-16a4c185b97f" testName="MesIngest.Tests.AlertListQueryParserTests.TryParseSortBy_accepts_alert_allow_list(raw: &quot;lastSeenAt&quot;, expected: LastSeenAt)" computerName="LAB-WIN-01" duration="00:00:00.0000056" startTime="2026-08-10T14:20:13.4808393+08:00" endTime="2026-08-10T14:20:13.4808394+08:00" testType="13cdc9d9-ddb5-4fa4-a97d-d965ccfc6d4b" outcome="Passed" testListId="8c84fa94-04c1-424b-9868-57a2d4851a1d" relativeResultsDirectory="3c44409e-64de-4ed8-801d-3cdd4ed5181b" />
    <UnitTestResult executionId="8aacaf41-e9ce-4c18-b8b2-fbbaf059dbb4" testId="3bcf377b-7c6d-d7db-a474-7a4a82c0f231" testName="MesIngest.Tests.WatchAlertPageTests.Alert_page_exposes_the_ticket_07_filters_window_columns_and_read_only_actions" computerName="LAB-WIN-01" duration="00:00:01.2398663" startTime="2026-08-10T14:20:14.6738336+08:00" endTime="2026-08-10T14:20:14.6738339+08:00" testType="13cdc9d9-ddb5-4fa4-a97d-d965ccfc6d4b" outcome="Passed" testListId="8c84fa94-04c1-424b-9868-57a2d4851a1d" relativeResultsDirectory="8aacaf41-e9ce-4c18-b8b2-fbbaf059dbb4" />
    <UnitTestResult executionId="9f0d341f-fdc2-4dbd-8208-0bfd52924545" testId="1e4bf5cf-250c-1d83-afa8-9de99ad8baf8" testName="MesIngest.Tests.WatchV2ShellTests.Critical_controls_expose_stable_semantic_automation_names_and_keyboard_focus" computerName="LAB-WIN-01" duration="00:00:01.1903297" startTime="2026-08-10T14:20:14.5920517+08:00" endTime="2026-08-10T14:20:14.5920520+08:00" testType="13cdc9d9-ddb5-4fa4-a97d-d965ccfc6d4b" outcome="Passed" testListId="8c84fa94-04c1-424b-9868-57a2d4851a1d" relativeResultsDirectory="9f0d341f-fdc2-4dbd-8208-0bfd52924545" />
    <UnitTestResult executionId="b9b770a7-87f4-4fe7-a15f-2d20d6b5be0f" testId="a3e99136-934f-d818-f23b-ee1132c66fe1" testName="MesIngest.Tests.ReleasePackageValidationTests.Complete_read_only_package_is_accepted_and_gets_a_hashed_manifest" computerName="LAB-WIN-01" duration="00:00:02.0060006" startTime="2026-08-10T14:20:18.2862351+08:00" endTime="2026-08-10T14:20:18.2862357+08:00" testType="13cdc9d9-ddb5-4fa4-a97d-d965ccfc6d4b" outcome="Passed" testListId="8c84fa94-04c1-424b-9868-57a2d4851a1d" relativeResultsDirectory="b9b770a7-87f4-4fe7-a15f-2d20d6b5be0f" />
    <UnitTestResult executionId="e6af680f-132b-4239-b228-59c529687563" testId="1afc7681-ef9e-a107-4da1-bfaa45782e2d" testName="MesIngest.Tests.CsvFileMesSnapshotSourceTests.Empty_task_type_returns_incomplete_outcome" computerName="LAB-WIN-01" duration="00:00:00.2162097" startTime="2026-08-10T14:20:14.1682885+08:00" endTime="2026-08-10T14:20:14.1682887+08:00" testType="13cdc9d9-ddb5-4fa4-a97d-d965ccfc6d4b" outcome="Passed" testListId="8c84fa94-04c1-424b-9868-57a2d4851a1d" relativeResultsDirectory="e6af680f-132b-4239-b228-59c529687563" />
    <UnitTestResult executionId="4a1f6805-0dd6-4d8b-9477-0ad662c8388f" testId="4c43eebd-8442-217c-fad1-32201822a09c" testName="MesIngest.Tests.WatchDemandDetailsTests.Separates_frozen_mes_inputs_from_local_projection_with_full_values_and_meaning" computerName="LAB-WIN-01" duration="00:00:00.0274221" startTime="2026-08-10T14:20:13.4098674+08:00" endTime="2026-08-10T14:20:13.4098675+08:00" testType="13cdc9d9-ddb5-4fa4-a97d-d965ccfc6d4b" outcome="Passed" testListId="8c84fa94-04c1-424b-9868-57a2d4851a1d" relativeResultsDirectory="4a1f6805-0dd6-4d8b-9477-0ad662c8388f" />
    <UnitTestResult executionId="6b877251-e72a-47d6-92ea-8487c50c315f" testId="121decdd-8d44-920f-9ac3-8ec03f4aab01" testName="MesIngest.Tests.TransportDemandReconcilerTests.Zero_drop_below_enter_threshold_still_increments_disappear" computerName="LAB-WIN-01" duration="00:00:00.0005701" startTime="2026-08-10T14:20:13.4253793+08:00" endTime="2026-08-10T14:20:13.4253795+08:00" testType="13cdc9d9-ddb5-4fa4-a97d-d965ccfc6d4b" outcome="Passed" testListId="8c84fa94-04c1-424b-9868-57a2d4851a1d" relativeResultsDirectory="6b877251-e72a-47d6-92ea-8487c50c315f" />
    <UnitTestResult executionId="37f88a30-476d-463a-b0ee-a4e482fec8fa" testId="25ba0d63-42f2-7700-eae0-dc5a2c81d767" testName="MesIngest.Tests.WatchAlertRelationshipTests.Distinguishes_exact_business_key_task_type_and_global_scopes" computerName="LAB-WIN-01" duration="00:00:00.0016343" startTime="2026-08-10T14:20:13.4101828+08:00" endTime="2026-08-10T14:20:13.4101828+08:00" testType="13cdc9d9-ddb5-4fa4-a97d-d965ccfc6d4b" outcome="Passed" testListId="8c84fa94-04c1-424b-9868-57a2d4851a1d" relativeResultsDirectory="37f88a30-476d-463a-b0ee-a4e482fec8fa" />
[...]
      correlationId=c6e5a17432544f14941ee792797f5714 component=Host stage=HTTP_OK elapsedMs=2 endpoint=/api/alerts statusCode=200&#xD;
info: MesIngest.Latency[0]&#xD;
      correlationId=f8919b2426ff4c16835f0516bb40ddbb component=Host stage=HTTP_OK elapsedMs=1 endpoint=/api/alerts statusCode=200&#xD;
info: MesIngest.Host.PollHostedService[0]&#xD;
      Continuous poll disabled; PollHostedService idle.&#xD;
info: Microsoft.Hosting.Lifetime[14]&#xD;
      Now listening on: http://127.0.0.1:5088&#xD;
info: MesIngest.Latency[0]&#xD;
      correlationId=c4222b3047624e6a8acfce683a350bca component=Host stage=HTTP_OK elapsedMs=28 endpoint=/api/alerts statusCode=200&#xD;
info: MesIngest.Host.PollHostedService[0]&#xD;
      Continuous poll disabled; PollHostedService idle.&#xD;
info: Microsoft.Hosting.Lifetime[14]&#xD;
      Now listening on: http://127.0.0.1:5088&#xD;
info: MesIngest.Latency[0]&#xD;
      correlationId=f07df01b21df42fa9e5c4ebcb2dfb5ce component=Host stage=HTTP_OK elapsedMs=2 endpoint=/api/demands statusCode=200&#xD;
info: MesIngest.Latency[0]&#xD;
      correlationId=8eee66998ee24c379d277fc616db188f component=Host stage=HTTP_OK elapsedMs=2 endpoint=/api/demands/abcdef0123456789abcdef0123456789 statusCode=200&#xD;
info: MesIngest.Latency[0]&#xD;
      correlationId=4c204bbcf5d244a9a947560268aee153 component=Host stage=HTTP_STATUS elapsedMs=0 endpoint=/api/demands/missing statusCode=404&#xD;
info: MesIngest.Host.PollHostedService[0]&#xD;
      Continuous poll disabled; PollHostedService idle.&#xD;
info: Microsoft.Hosting.Lifetime[14]&#xD;
      Now listening on: http://127.0.0.1:5088&#xD;
info: MesIngest.Latency[0]&#xD;
      correlationId=9439287ee05e48e3966f61827dc964bb component=Host stage=HTTP_OK elapsedMs=48 endpoint=/api/alerts statusCode=200&#xD;
info: MesIngest.Latency[0]&#xD;
      correlationId=c74afad1a8cb45f78e8a1f854d4eade2 component=Host stage=HTTP_OK elapsedMs=1 endpoint=/api/alerts statusCode=200&#xD;
info: MesIngest.Latency[0]&#xD;
      correlationId=c2a0edbf87624adc9e1ab1f43f49afdf component=Host stage=HTTP_OK elapsedMs=2 endpoint=/api/alerts statusCode=200&#xD;
info: MesIngest.Host.PollHostedService[0]&#xD;
      Continuous poll disabled; PollHostedService idle.&#xD;
info: Microsoft.Hosting.Lifetime[14]&#xD;
      Now listening on: http://127.0.0.1:5088&#xD;
info: MesIngest.Latency[0]&#xD;
      correlationId=134ebcfad7f945209117489639bee807 component=Oracle stage=ORACLE_QUERY elapsedMs=0 rowCount=0&#xD;
info: MesIngest.Host.PollHostedService[0]&#xD;
      Continuous poll disabled; PollHostedService idle.&#xD;
info: Microsoft.Hosting.Lifetime[14]&#xD;
      Now listening on: http://127.0.0.1:5088&#xD;
info: MesIngest.Latency[0]&#xD;
      correlationId=ecd44d49c4944e9c8b00f8db7d16738c component=Host stage=HTTP_OK elapsedMs=4 endpoint=/api/demands statusCode=200&#xD;
info: MesIngest.Latency[0]&#xD;
      correlationId=c7375b45bd9e4061b8e0a3e3f56f1aec component=Host stage=HTTP_STATUS elapsedMs=1 endpoint=/api/demands statusCode=400&#xD;
info: MesIngest.Latency[0]&#xD;
      correlationId=837009696d274bbe993d786277a5426a component=Host stage=HTTP_OK elapsedMs=0 endpoint=/api/alerts statusCode=200&#xD;
info: MesIngest.Latency[0]&#xD;
      correlationId=a798cc51b6644b11866621deafcfdffb component=Host stage=HTTP_OK elapsedMs=3 endpoint=/api/poll-health statusCode=200&#xD;
info: MesIngest.Latency[0]&#xD;
      correlationId=b00b4956ca67482ebe6153d8c1e7ce7b component=Host stage=HTTP_OK elapsedMs=4 endpoint=/api/demands statusCode=200&#xD;
info: MesIngest.Latency[0]&#xD;
      correlationId=280065e337024228abda383949ab2bef component=Host stage=HTTP_OK elapsedMs=1 endpoint=/api/demands statusCode=200&#xD;
info: MesIngest.Latency[0]&#xD;
      correlationId=0f698cee1f004bfe83bb9882fc7ebf30 component=Host stage=HTTP_OK elapsedMs=0 endpoint=/api/demands statusCode=200&#xD;
info: MesIngest.Host.PollHostedService[0]&#xD;
      Continuous poll disabled; PollHostedService idle.&#xD;
info: Microsoft.Hosting.Lifetime[14]&#xD;
      Now listening on: http://127.0.0.1:5088&#xD;
info: MesIngest.Latency[0]&#xD;
      correlationId=16c5430100934aeba6a541225612a9df component=Host stage=HTTP_OK elapsedMs=4 endpoint=/api/alerts statusCode=200&#xD;
info: MesIngest.Latency[0]&#xD;
      correlationId=f646eefc09ff4dbfb5012c6b301143bf component=Host stage=HTTP_OK elapsedMs=1 endpoint=/api/alerts statusCode=200&#xD;
info: MesIngest.Latency[0]&#xD;
      correlationId=ff297efb07584f91ab87e0916d71f4d8 component=Host stage=HTTP_OK elapsedMs=1 endpoint=/api/alerts statusCode=200&#xD;
info: MesIngest.Host.PollHostedService[0]&#xD;
      Continuous poll disabled; PollHostedService idle.&#xD;
info: MesIngest.Host.PollHostedService[0]&#xD;
      Continuous poll disabled; PollHostedService idle.&#xD;
info: Microsoft.Hosting.Lifetime[14]&#xD;
      Now listening on: http://127.0.0.1:5088&#xD;
info: Microsoft.Hosting.Lifetime[14]&#xD;
      Now listening on: http://127.0.0.1:5088&#xD;
info: MesIngest.Latency[0]&#xD;
      correlationId=aeec098ad64343b29e95f555bfb924cb component=Host stage=HTTP_OK elapsedMs=5 endpoint=/api/demands statusCode=200&#xD;
info: MesIngest.Latency[0]&#xD;
      correlationId=c7667589222f4eb98c07cda100f498ad component=Host stage=HTTP_OK elapsedMs=5 endpoint=/api/demands statusCode=200&#xD;
info: MesIngest.Latency[0]&#xD;
      correlationId=02f676cb26d0412bb50e884073056c56 component=Host stage=HTTP_OK elapsedMs=1 endpoint=/api/demands statusCode=200&#xD;
info: MesIngest.Latency[0]&#xD;
      correlationId=eebc737fd0cd47319f30f27b4469ba1a component=Host stage=HTTP_OK elapsedMs=1 endpoint=/api/demands statusCode=200&#xD;
info: MesIngest.Latency[0]&#xD;
      correlationId=81cdae8895c74314a3c942ac1af13c37 component=Host stage=HTTP_OK elapsedMs=1 endpoint=/api/demands statusCode=200&#xD;
info: MesIngest.Latency[0]&#xD;
      correlationId=220c8fb54f8447e5b1cd91894431f599 component=Host stage=HTTP_STATUS elapsedMs=1 endpoint=/api/demands statusCode=400&#xD;
info: MesIngest.Latency[0]&#xD;
      correlationId=a5c42b4c40b74043923e72d3d773c931 component=Host stage=HTTP_STATUS elapsedMs=0 endpoint=/api/demands statusCode=400&#xD;
info: MesIngest.Latency[0]&#xD;
      correlationId=e082e5cdfeca45e0a134f89bbbc673e8 component=Host stage=HTTP_STATUS elapsedMs=0 endpoint=/api/demands statusCode=400&#xD;
info: MesIngest.Latency[0]&#xD;
      correlationId=1022d55368ae4fdb95a9346cb98e2f07 component=Host stage=HTTP_STATUS elapsedMs=0 endpoint=/api/demands statusCode=400&#xD;
info: MesIngest.Latency[0]&#xD;
      correlationId=c8802bf5b8cf48debf28055005369ead component=Host stage=HTTP_OK elapsedMs=0 endpoint=/api/demands statusCode=200&#xD;
info: MesIngest.Latency[0]&#xD;
      correlationId=93adc39f9785484786eee32db61a8f6f component=Host stage=HTTP_OK elapsedMs=0 endpoint=/api/demands statusCode=200&#xD;
info: MesIngest.Latency[0]&#xD;
      correlationId=6e27d6cefcd94ae48de53edd0cc8f628 component=Host stage=HTTP_OK elapsedMs=0 endpoint=/api/demands/gone-1 statusCode=200&#xD;
info: MesIngest.Host.PollHostedService[0]&#xD;
      Continuous poll disabled; PollHostedService idle.&#xD;
info: Microsoft.Hosting.Lifetime[14]&#xD;
      Now listening on: http://127.0.0.1:5088&#xD;
info: MesIngest.Latency[0]&#xD;
      correlationId=4b600280ae31482990407e29af53a9ee component=Host stage=HTTP_OK elapsedMs=4 endpoint=/api/alerts statusCode=200&#xD;
info: MesIngest.Latency[0]&#xD;
      correlationId=7c3258025aff481bb24704d4cd1c4dc6 component=Host stage=HTTP_OK elapsedMs=1 endpoint=/api/alerts statusCode=200&#xD;
info: MesIngest.Latency[0]&#xD;
      correlationId=05ae044759644340b2bd55b8a0c9a0d0 component=Host stage=HTTP_OK elapsedMs=2 endpoint=/api/alerts statusCode=200&#xD;
info: MesIngest.Host.PollHostedService[0]&#xD;
      Continuous poll disabled; PollHostedService idle.&#xD;
info: MesIngest.Host.PollHostedService[0]&#xD;
      Continuous poll disabled; PollHostedService idle.&#xD;
info: Microsoft.Hosting.Lifetime[14]&#xD;
      Now listening on: http://127.0.0.1:5088&#xD;
info: Microsoft.Hosting.Lifetime[14]&#xD;
      Now listening on: http://127.0.0.1:5088&#xD;
info: MesIngest.Latency[0]&#xD;
      correlationId=6296a06f35384c04bbbff9a91c3bcaf4 component=Host stage=HTTP_OK elapsedMs=5 endpoint=/api/demands statusCode=200&#xD;
info: MesIngest.Latency[0]&#xD;
      correlationId=59f7043a56a044a5aa1298737e0f06b1 component=Host stage=HTTP_STATUS elapsedMs=1 endpoint=/api/demands statusCode=405&#xD;
info: MesIngest.Latency[0]&#xD;
      correlationId=51d921d258184a8f96a67ad5392f055c component=Host stage=HTTP_STATUS elapsedMs=0 endpoint=/api/alerts statusCode=405&#xD;
info: MesIngest.Latency[0]&#xD;
      correlationId=c2172e62d72744fbbc814c417ee4b670 component=Host stage=HTTP_OK elapsedMs=1 endpoint=/api/demands statusCode=200&#xD;
info: MesIngest.Latency[0]&#xD;
      correlationId=f879f8e378a54ebbb82d9bc46803a686 component=Host stage=HTTP_STATUS elapsedMs=1 endpoint=/api/alerts/clear statusCode=404&#xD;
info: MesIngest.Latency[0]&#xD;
      correlationId=6676358f180f46939201adb26d692b9c component=Host stage=HTTP_STATUS elapsedMs=0 endpoint=/api/demands/d1/suppress statusCode=404&#xD;
info: MesIngest.Latency[0]&#xD;
      correlationId=14023d2efed54cd3b91bb6b9b6e03ba4 component=Host stage=HTTP_STATUS elapsedMs=0 endpoint=/api/poll-health/clear-pause statusCode=404&#xD;
info: MesIngest.Latency[0]&#xD;
      correlationId=0847bfa9cb284125890b206a52123e66 component=Host stage=HTTP_STATUS elapsedMs=0 endpoint=/api/task-types/DIE_TO_OVEN/clear-pause statusCode=404&#xD;
info: MesIngest.Host.PollHostedService[0]&#xD;
      Continuous poll disabled; PollHostedService idle.&#xD;
info: Microsoft.Hosting.Lifetime[14]&#xD;
      Now listening on: http://127.0.0.1:5088&#xD;
info: MesIngest.Latency[0]&#xD;
      correlationId=4708c5a4bb2a453e8ac64e5002242e68 component=Host stage=HTTP_OK elapsedMs=25 endpoint=/api/alerts statusCode=200&#xD;
info: MesIngest.Latency[0]&#xD;
      correlationId=aaf7465d53374c80a4ec9a0169ed9969 component=Host stage=HTTP_OK elapsedMs=2 endpoint=/api/alerts statusCode=200&#xD;
info: MesIngest.Latency[0]&#xD;
      correlationId=9a32b947e4c94680a70e409815959522 component=Host stage=HTTP_OK elapsedMs=2 endpoint=/api/alerts statusCode=200&#xD;
info: MesIngest.Host.PollHostedService[0]&#xD;
      Continuous poll disabled; PollHostedService idle.&#xD;
info: Microsoft.Hosting.Lifetime[14]&#xD;
      Now listening on: http://127.0.0.1:5088&#xD;
info: MesIngest.Latency[0]&#xD;
      correlationId=3cfecc7af1d740909030454a39341865 component=Host stage=HTTP_OK elapsedMs=3 endpoint=/api/poll-health statusCode=200&#xD;
info: MesIngest.Latency[0]&#xD;
      correlationId=35e6c13a409c492eadcee5056fd05dbd component=Host stage=HTTP_OK elapsedMs=2 endpoint=/api/demands statusCode=200&#xD;
info: MesIngest.Host.PollHostedService[0]&#xD;
      Continuous poll disabled; PollHostedService idle.&#xD;
info: Microsoft.Hosting.Lifetime[14]&#xD;
      Now listening on: http://127.0.0.1:5088&#xD;
info: MesIngest.Latency[0]&#xD;
      correlationId=bcd55d875e06460684792a96388de991 component=Host stage=HTTP_OK elapsedMs=5 endpoint=/api/alerts statusCode=200&#xD;
info: MesIngest.Latency[0]&#xD;
      correlationId=243358e06f8c42f39c6fef3ede0b9ed0 component=Host stage=HTTP_OK elapsedMs=2 endpoint=/api/alerts statusCode=200&#xD;
info: MesIngest.Latency[0]&#xD;
      correlationId=d8a3541128ce405b8cec218fa4436d03 component=Host stage=HTTP_OK elapsedMs=2 endpoint=/api/alerts statusCode=200&#xD;
info: MesIngest.Latency[0]&#xD;
      correlationId=7da3e86fff854a55859cfd9a2bd6b4d9 component=Oracle stage=ORACLE_QUERY elapsedMs=1 rowCount=3&#xD;
info: MesIngest.Latency[0]&#xD;
      correlationId=7da3e86fff854a55859cfd9a2bd6b4d9 component=SqlServer stage=SQL_QUERY elapsedMs=0 rowCount=0&#xD;
info: MesIngest.Latency[0]&#xD;
      correlationId=7da3e86fff854a55859cfd9a2bd6b4d9 component=SqlServer stage=SQL_QUERY elapsedMs=0 rowCount=0&#xD;
info: MesIngest.Latency[0]&#xD;
      correlationId=7da3e86fff854a55859cfd9a2bd6b4d9 component=SqlServer stage=SQL_TRANSACTION elapsedMs=0 rowCount=4&#xD;
info: MesIngest.Latency[0]&#xD;
      correlationId=7da3e86fff854a55859cfd9a2bd6b4d9 component=SqlServer stage=SQL_WRITE elapsedMs=0 rowCount=4&#xD;
info: MesIngest.Latency[0]&#xD;
      correlationId=7da3e86fff854a55859cfd9a2bd6b4d9 component=SqlServer stage=SQL_WRITE elapsedMs=0 rowCount=1&#xD;
info: MesIngest.Host.PollHostedService[0]&#xD;
      Continuous poll disabled; PollHostedService idle.&#xD;
info: Microsoft.Hosting.Lifetime[14]&#xD;
      Now listening on: http://127.0.0.1:5088&#xD;
info: MesIngest.Latency[0]&#xD;
      correlationId=fe8aedceff944924b30f6fcd9a6ee440 component=SqlServer stage=SQL_QUERY elapsedMs=0 rowCount=0&#xD;
info: MesIngest.Latency[0]&#xD;
      correlationId=fe8aedceff944924b30f6fcd9a6ee440 component=SqlServer stage=SQL_QUERY elapsedMs=0 rowCount=2&#xD;
info: MesIngest.Latency[0]&#xD;
      correlationId=fe8aedceff944924b30f6fcd9a6ee440 component=Host stage=HTTP_OK elapsedMs=6 endpoint=/api/demands statusCode=200&#xD;
info: MesIngest.Latency[0]&#xD;
      correlationId=e336ab0044c940a9a0d4fe734c932d79 component=SqlServer stage=SQL_QUERY elapsedMs=0 rowCount=1&#xD;
info: MesIngest.Latency[0]&#xD;
      correlationId=e336ab0044c940a9a0d4fe734c932d79 component=SqlServer stage=SQL_QUERY elapsedMs=0 rowCount=0&#xD;
info: MesIngest.Latency[0]&#xD;
      correlationId=e336ab0044c940a9a0d4fe734c932d79 component=Host stage=HTTP_OK elapsedMs=1 endpoint=/api/demands/5c4d55a13f1c41518727162ecbaffda2 statusCode=200&#xD;
info: MesIngest.Latency[0]&#xD;
      correlationId=ffbb2998284a43e1a635c63d2368def3 component=SqlServer stage=SQL_QUERY elapsedMs=0 rowCount=0&#xD;
info: MesIngest.Latency[0]&#xD;
      correlationId=ffbb2998284a43e1a635c63d2368def3 component=Host stage=HTTP_STATUS elapsedMs=1 endpoint=/api/demands/does-not-exist statusCode=404&#xD;
info: MesIngest.Host.PollHostedService[0]&#xD;
      Continuous poll disabled; PollHostedService idle.&#xD;
info: Microsoft.Hosting.Lifetime[14]&#xD;
      Now listening on: http://127.0.0.1:5088&#xD;
info: MesIngest.Latency[0]&#xD;
      correlationId=fc7ed0a3138546888cf68519668f8f4f component=Host stage=HTTP_OK elapsedMs=3 endpoint=/api/alerts statusCode=200&#xD;
info: MesIngest.Latency[0]&#xD;
      correlationId=7a5b5932db4c4d44ac00907ad69a7ab4 component=Host stage=HTTP_OK elapsedMs=1 endpoint=/api/alerts statusCode=200&#xD;
info: MesIngest.Latency[0]&#xD;
      correlationId=a576f21be78f41538ccecbad9e70717c component=Host stage=HTTP_OK elapsedMs=3 endpoint=/api/alerts statusCode=200&#xD;
info: MesIngest.Host.PollHostedService[0]&#xD;
      Continuous poll disabled; PollHostedService idle.&#xD;
info: Microsoft.Hosting.Lifetime[14]&#xD;
      Now listening on: http://127.0.0.1:5088&#xD;
info: MesIngest.Latency[0]&#xD;
      correlationId=3c6fd2dc7e23478d8a8633b12ba2abff component=Host stage=HTTP_OK elapsedMs=2 endpoint=/api/poll-health statusCode=200&#xD;
info: MesIngest.Host.PollHostedService[0]&#xD;
      Continuous poll disabled; PollHostedService idle.&#xD;
info: Microsoft.Hosting.Lifetime[14]&#xD;
      Now listening on: http://127.0.0.1:5088&#xD;
info: MesIngest.Latency[0]&#xD;
      correlationId=630a4a6da9834b0bb03a9d169d83c7bf component=Host stage=HTTP_OK elapsedMs=2 endpoint=/api/alerts statusCode=200&#xD;
info: MesIngest.Latency[0]&#xD;
      correlationId=01f18c968a9c49da90d1e94f2c3c4f1a component=Host stage=HTTP_OK elapsedMs=1 endpoint=/api/alerts statusCode=200&#xD;
info: MesIngest.Latency[0]&#xD;
      correlationId=afd3ab4304e640b4a10f045677daadb2 component=Host stage=HTTP_OK elapsedMs=1 endpoint=/api/alerts statusCode=200&#xD;
info: MesIngest.Host.PollHostedService[0]&#xD;
      Continuous poll disabled; PollHostedService idle.&#xD;
info: Microsoft.Hosting.Lifetime[14]&#xD;
      Now listening on: http://127.0.0.1:5088&#xD;
info: MesIngest.Latency[0]&#xD;
      correlationId=f1c8fe3ef5904acb8afcb1a280977433 component=Host stage=HTTP_OK elapsedMs=4 endpoint=/api/alerts statusCode=200&#xD;
info: MesIngest.Latency[0]&#xD;
      correlationId=04484953996e44df9318204839d0c502 component=Host stage=HTTP_OK elapsedMs=3 endpoint=/api/alerts statusCode=200&#xD;
info: MesIngest.Latency[0]&#xD;
      correlationId=01ca0c5759404ff4905b25569511b137 component=Host stage=HTTP_OK elapsedMs=1 endpoint=/api/alerts statusCode=200&#xD;
info: MesIngest.Host.PollHostedService[0]&#xD;
      Continuous poll disabled; PollHostedService idle.&#xD;
info: Microsoft.Hosting.Lifetime[14]&#xD;
      Now listening on: http://127.0.0.1:5088&#xD;
info: MesIngest.Latency[0]&#xD;
      correlationId=800ebf09af784dd58dc02b2592171027 component=Host stage=HTTP_OK elapsedMs=3 endpoint=/api/alerts statusCode=200&#xD;
info: MesIngest.Latency[0]&#xD;
      correlationId=a2042d49e23b4bf08ac160a80967d2f2 component=Host stage=HTTP_OK elapsedMs=1 endpoint=/api/alerts statusCode=200&#xD;
info: MesIngest.Latency[0]&#xD;
      correlationId=dc600b2d64cc4c9e9c8a161886a9743b component=Host stage=HTTP_OK elapsedMs=2 endpoint=/api/alerts statusCode=200&#xD;
info: MesIngest.Host.PollHostedService[0]&#xD;
      Continuous poll disabled; PollHostedService idle.&#xD;
info: Microsoft.Hosting.Lifetime[14]&#xD;
      Now listening on: http://127.0.0.1:5088&#xD;
info: MesIngest.Latency[0]&#xD;
      correlationId=7b9416556cbb4c1bad717f994eb1948e component=Host stage=HTTP_OK elapsedMs=2 endpoint=/api/alerts statusCode=200&#xD;
info: MesIngest.Latency[0]&#xD;
      correlationId=909e955791f149a59c44194710d22f11 component=Host stage=HTTP_OK elapsedMs=1 endpoint=/api/alerts statusCode=200&#xD;
info: MesIngest.Latency[0]&#xD;
      correlationId=91d6b1d03dcc43dd86309b810088af46 component=Host stage=HTTP_OK elapsedMs=1 endpoint=/api/alerts statusCode=200&#xD;
info: MesIngest.Host.PollHostedService[0]&#xD;
      Continuous poll disabled; PollHostedService idle.&#xD;
info: Microsoft.Hosting.Lifetime[14]&#xD;
      Now listening on: http://127.0.0.1:5088&#xD;
info: MesIngest.Latency[0]&#xD;
      correlationId=56821cfd7b354f41886968144c381ccd component=Host stage=HTTP_OK elapsedMs=3 endpoint=/api/alerts statusCode=200&#xD;
info: MesIngest.Latency[0]&#xD;
      correlationId=99660e2ab2c647f98ccc9d50f4158e16 component=Host stage=HTTP_OK elapsedMs=0 endpoint=/api/alerts statusCode=200&#xD;
info: MesIngest.Latency[0]&#xD;
      correlationId=15a1fbafdd0f43ea88a8f67065e25b6f component=Host stage=HTTP_OK elapsedMs=0 endpoint=/api/alerts statusCode=200&#xD;
info: MesIngest.Host.PollHostedService[0]&#xD;
      Continuous poll disabled; PollHostedService idle.&#xD;
info: Microsoft.Hosting.Lifetime[14]&#xD;
      Now listening on: http://127.0.0.1:5088&#xD;
info: MesIngest.Latency[0]&#xD;
      correlationId=076ab296c9894216b5523401ecba0b50 component=Host stage=HTTP_OK elapsedMs=2 endpoint=/api/alerts statusCode=200&#xD;
info: MesIngest.Latency[0]&#xD;
      correlationId=fb9f20dc8bac4d538bf49ee041296ebf component=Host stage=HTTP_OK elapsedMs=1 endpoint=/api/alerts statusCode=200&#xD;
info: MesIngest.Latency[0]&#xD;
      correlationId=c4d72059c7ac4b44a13c0625aaa4cbaf component=Host stage=HTTP_OK elapsedMs=1 endpoint=/api/alerts statusCode=200&#xD;
info: MesIngest.Host.PollHostedService[0]&#xD;
      Continuous poll disabled; PollHostedService idle.&#xD;
info: Microsoft.Hosting.Lifetime[14]&#xD;
      Now listening on: http://127.0.0.1:5088&#xD;
info: MesIngest.Latency[0]&#xD;
      correlationId=0ca821f86ed04a0ab935bf776d8a1fa9 component=Host stage=HTTP_OK elapsedMs=12 endpoint=/api/demands statusCode=200&#xD;
info: MesIngest.Latency[0]&#xD;
      correlationId=5f4ae95c7bd943228f79b3f7fbd716e4 component=Host stage=HTTP_OK elapsedMs=1 endpoint=/api/alerts statusCode=200&#xD;
info: MesIngest.Latency[0]&#xD;
      correlationId=628adf5ea47d4b968eb1e9eb173401e4 component=Host stage=HTTP_OK elapsedMs=4 endpoint=/api/poll-health statusCode=200&#xD;
[xUnit.net 00:00:09.77]   Finished:    MesIngest.Tests&#xD;
</StdOut>
    </Output>
  </ResultSummary>
</TestRun>