<?xml version="1.0" encoding="utf-8"?>
<TestRun id="d48a3730-bfe4-48d3-9bad-f2ef2e60992e" name="szy@LAB-WIN-01 2026-08-10 13:47:39" runUser="LAB-WIN-01\szy" xmlns="http://microsoft.com/schemas/VisualStudio/TeamTest/2010">
  <Times creation="2026-08-10T13:47:39.8799353+08:00" queuing="2026-08-10T13:47:39.8799359+08:00" start="2026-08-10T13:47:22.2276813+08:00" finish="2026-08-10T13:47:44.9925911+08:00" />
  <TestSettings name="default" id="86938b1b-235c-42f2-954c-f8563166d3df">
    <Deployment runDeploymentRoot="szy_LAB-WIN-01_2026-08-10_13_47_39" />
  </TestSettings>
  <Results>
    <UnitTestResult executionId="db2c41af-f54f-4d0c-b74d-3c86f22dedd9" testId="25ba0d63-42f2-7700-eae0-dc5a2c81d767" testName="MesIngest.Tests.WatchAlertRelationshipTests.Distinguishes_exact_business_key_task_type_and_global_scopes" computerName="LAB-WIN-01" duration="00:00:00.0021307" startTime="2026-08-10T13:47:39.8841034+08:00" endTime="2026-08-10T13:47:39.8841037+08:00" testType="13cdc9d9-ddb5-4fa4-a97d-d965ccfc6d4b" outcome="Passed" testListId="8c84fa94-04c1-424b-9868-57a2d4851a1d" relativeResultsDirectory="db2c41af-f54f-4d0c-b74d-3c86f22dedd9" />
    <UnitTestResult executionId="26cb6b47-02ef-4095-a909-1c98bb72955e" testId="8e14cbb3-cd33-27e2-1322-0bbf226ea226" testName="MesIngest.Tests.AlertDetailViewModelTests.DetailsJson_returns_raw_details_or_empty" computerName="LAB-WIN-01" duration="00:00:00.0010596" startTime="2026-08-10T13:47:39.9063367+08:00" endTime="2026-08-10T13:47:39.9063367+08:00" testType="13cdc9d9-ddb5-4fa4-a97d-d965ccfc6d4b" outcome="Passed" testListId="8c84fa94-04c1-424b-9868-57a2d4851a1d" relativeResultsDirectory="26cb6b47-02ef-4095-a909-1c98bb72955e" />
    <UnitTestResult executionId="4c6d4e34-d7ce-4c13-8f47-2740672e89e9" testId="f14c95ef-1d77-8c64-948a-d0f4d929a559" testName="MesIngest.Tests.WatchDemandBrowseTests.Client_fetches_next_page_with_cursor_only" computerName="LAB-WIN-01" duration="00:00:00.0305139" startTime="2026-08-10T13:47:41.5626507+08:00" endTime="2026-08-10T13:47:41.5626511+08:00" testType="13cdc9d9-ddb5-4fa4-a97d-d965ccfc6d4b" outcome="Passed" testListId="8c84fa94-04c1-424b-9868-57a2d4851a1d" relativeResultsDirectory="4c6d4e34-d7ce-4c13-8f47-2740672e89e9" />
    <UnitTestResult executionId="675e8109-93b8-47f6-8962-ef16b4a5542d" testId="38389cbd-2036-a5c1-8d7b-b66894e52cfd" testName="MesIngest.Tests.TransportDemandKeyTests.Non_blank_components_are_not_normalized" computerName="LAB-WIN-01" duration="00:00:00.0001235" startTime="2026-08-10T13:47:39.8490332+08:00" endTime="2026-08-10T13:47:39.8490332+08:00" testType="13cdc9d9-ddb5-4fa4-a97d-d965ccfc6d4b" outcome="Passed" testListId="8c84fa94-04c1-424b-9868-57a2d4851a1d" relativeResultsDirectory="675e8109-93b8-47f6-8962-ef16b4a5542d" />
    <UnitTestResult executionId="04daf41b-30da-4bbb-8c83-012036d544c2" testId="82e4edfe-a572-2f6b-ada1-6d9a89aa2f15" testName="MesIngest.Tests.WatchV2ShellTests.Window_restores_versioned_geometry_and_reset_layout_returns_to_defaults" computerName="LAB-WIN-01" duration="00:00:00.4613610" startTime="2026-08-10T13:47:42.3523668+08:00" endTime="2026-08-10T13:47:42.3523672+08:00" testType="13cdc9d9-ddb5-4fa4-a97d-d965ccfc6d4b" outcome="Passed" testListId="8c84fa94-04c1-424b-9868-57a2d4851a1d" relativeResultsDirectory="04daf41b-30da-4bbb-8c83-012036d544c2" />
    <UnitTestResult executionId="b809eb91-f10b-4123-8cd2-7ded7ddf0cbf" testId="a063f4a8-f9cc-572d-2f00-e96c3ada45ed" testName="MesIngest.Tests.InstallPackageLayoutTests.Pack_sources_include_publish_scripts_install_doc_and_service_helpers" computerName="LAB-WIN-01" duration="00:00:00.0009760" startTime="2026-08-10T13:47:39.9170342+08:00" endTime="2026-08-10T13:47:39.9170346+08:00" testType="13cdc9d9-ddb5-4fa4-a97d-d965ccfc6d4b" outcome="Passed" testListId="8c84fa94-04c1-424b-9868-57a2d4851a1d" relativeResultsDirectory="b809eb91-f10b-4123-8cd2-7ded7ddf0cbf" />
    <UnitTestResult executionId="be2960c6-2247-4db2-9b60-7e38e6bda90e" testId="6b807dd9-1514-f333-b10c-b4c9db44cf4d" testName="MesIngest.Tests.WatchOptionsLoaderTests.Documented_MesIngestWatch_prefix_env_overrides_BaseUrl" computerName="LAB-WIN-01" duration="00:00:00.0068911" startTime="2026-08-10T13:47:39.8567202+08:00" endTime="2026-08-10T13:47:39.8567203+08:00" testType="13cdc9d9-ddb5-4fa4-a97d-d965ccfc6d4b" outcome="Passed" testListId="8c84fa94-04c1-424b-9868-57a2d4851a1d" relativeResultsDirectory="be2960c6-2247-4db2-9b60-7e38e6bda90e" />
    <UnitTestResult executionId="6a6e3133-130d-4e81-9b6b-0504587fd028" testId="0756ac82-b9b1-075f-317b-2e10df7fff6a" testName="MesIngest.Tests.InstallPackageLayoutTests.Golden_renderer_exposes_packaged_release_gate" computerName="LAB-WIN-01" duration="00:00:00.0006698" startTime="2026-08-10T13:47:39.9190456+08:00" endTime="2026-08-10T13:47:39.9190457+08:00" testType="13cdc9d9-ddb5-4fa4-a97d-d965ccfc6d4b" outcome="Passed" testListId="8c84fa94-04c1-424b-9868-57a2d4851a1d" relativeResultsDirectory="6a6e3133-130d-4e81-9b6b-0504587fd028" />
    <UnitTestResult executionId="321e05cb-adc6-4ade-a3e9-a7ccc6159e3f" testId="c81a6747-4c91-2bc7-1527-1ac9e7c24dce" testName="MesIngest.Tests.AlertDetailWindowActionTests.Reappear_detail_loads_complete_previous_and_new_demands_and_marks_changed_rows" computerName="LAB-WIN-01" duration="00:00:01.0059203" startTime="2026-08-10T13:47:41.4211598+08:00" endTime="2026-08-10T13:47:41.4211603+08:00" testType="13cdc9d9-ddb5-4fa4-a97d-d965ccfc6d4b" outcome="Passed" testListId="8c84fa94-04c1-424b-9868-57a2d4851a1d" relativeResultsDirectory="321e05cb-adc6-4ade-a3e9-a7ccc6159e3f" />
    <UnitTestResult executionId="d6bfef5c-67a6-4553-9269-2ff40745d0c0" testId="c29afb4f-52bc-e599-4b76-226b78aa25c6" testName="MesIngest.Tests.AlertIncidentSyncTests.Failure_round_poll_scope_does_not_resolve_reconcile_incidents" computerName="LAB-WIN-01" duration="00:00:00.0008244" startTime="2026-08-10T13:47:40.0765574+08:00" endTime="2026-08-10T13:47:40.0765576+08:00" testType="13cdc9d9-ddb5-4fa4-a97d-d965ccfc6d4b" outcome="Passed" testListId="8c84fa94-04c1-424b-9868-57a2d4851a1d" relativeResultsDirectory="d6bfef5c-67a6-4553-9269-2ff40745d0c0" />
    <UnitTestResult executionId="8a518279-0b84-435e-a7ad-1811b5d02571" testId="a94492a4-6b8b-dfdb-d3c0-eea18318137b" testName="MesIngest.Tests.PaginatedDemandApiTests.Get_by_id_remains_exact_lookup" computerName="LAB-WIN-01" duration="00:00:00.1380820" startTime="2026-08-10T13:47:43.2647179+08:00" endTime="2026-08-10T13:47:43.2647184+08:00" testType="13cdc9d9-ddb5-4fa4-a97d-d965ccfc6d4b" outcome="Passed" testListId="8c84fa94-04c1-424b-9868-57a2d4851a1d" relativeResultsDirectory="8a518279-0b84-435e-a7ad-1811b5d02571" />
    <UnitTestResult executionId="3ff75419-fb88-4ee4-a96f-4808dc63fcfb" testId="8377e83b-945e-5274-d242-1aca892600c8" testName="MesIngest.Tests.LatencyTelemetryTests.Classify_http_exception_distinguishes_watch_timeout_host_abort_and_json" computerName="LAB-WIN-01" duration="00:00:00.0003644" startTime="2026-08-10T13:47:40.8215445+08:00" endTime="2026-08-10T13:47:40.8215447+08:00" testType="13cdc9d9-ddb5-4fa4-a97d-d965ccfc6d4b" outcome="Passed" testListId="8c84fa94-04c1-424b-9868-57a2d4851a1d" relativeResultsDirectory="3ff75419-fb88-4ee4-a96f-4808dc63fcfb" />
    <UnitTestResult executionId="5e7e1643-d88d-42f2-a200-392f9cac28a2" testId="0f880655-a5a8-4776-0a90-f65159b11000" testName="MesIngest.Tests.AlertDetailViewModelTests.Business_key_action_requires_no_demand_id_and_both_task_type_and_sublot" computerName="LAB-WIN-01" duration="00:00:00.0003598" startTime="2026-08-10T13:47:39.9005743+08:00" endTime="2026-08-10T13:47:39.9005745+08:00" testType="13cdc9d9-ddb5-4fa4-a97d-d965ccfc6d4b" outcome="Passed" testListId="8c84fa94-04c1-424b-9868-57a2d4851a1d" relativeResultsDirectory="5e7e1643-d88d-42f2-a200-392f9cac28a2" />
    <UnitTestResult executionId="e73b6cd3-8155-4f4d-9c1b-60867f6c712d" testId="4aa51ebb-9b14-1135-e674-ca11c197819c" testName="MesIngest.Tests.IngestRoundRunnerTests.RunOnce_appends_reappear_alerts_to_store" computerName="LAB-WIN-01" duration="00:00:00.0042948" startTime="2026-08-10T13:47:40.4588028+08:00" endTime="2026-08-10T13:47:40.4588033+08:00" testType="13cdc9d9-ddb5-4fa4-a97d-d965ccfc6d4b" outcome="Passed" testListId="8c84fa94-04c1-424b-9868-57a2d4851a1d" relativeResultsDirectory="e73b6cd3-8155-4f4d-9c1b-60867f6c712d" />
    <UnitTestResult executionId="a8d93051-5ece-41da-a02c-f6aa03e40dc2" testId="a1c05f45-2d6d-a1dd-111a-c75ab5181eb6" testName="MesIngest.Tests.DemandListPagingTieBreakTests.QueryPage_desc_with_identical_primary_values_pages_all_ids_without_gap_or_dup" computerName="LAB-WIN-01" duration="00:00:00.0005160" startTime="2026-08-10T13:47:40.0551492+08:00" endTime="2026-08-10T13:47:40.0551493+08:00" testType="13cdc9d9-ddb5-4fa4-a97d-d965ccfc6d4b" outcome="Passed" testListId="8c84fa94-04c1-424b-9868-57a2d4851a1d" relativeResultsDirectory="a8d93051-5ece-41da-a02c-f6aa03e40dc2" />
    <UnitTestResult executionId="0a9e4465-6f7b-42c0-a067-9e8e8a655f3d" testId="d0db3cc0-a36d-29a0-bc15-b1c96fd46e25" testName="MesIngest.Tests.DemandChangeFeedApiTests.Demand_changes_returns_410_with_sync_cursor_expired" computerName="LAB-WIN-01" duration="00:00:00.3156959" startTime="2026-08-10T13:47:41.8331981+08:00" endTime="2026-08-10T13:47:41.8331985+08:00" testType="13cdc9d9-ddb5-4fa4-a97d-d965ccfc6d4b" outcome="Passed" testListId="8c84fa94-04c1-424b-9868-57a2d4851a1d" relativeResultsDirectory="0a9e4465-6f7b-42c0-a067-9e8e8a655f3d" />
    <UnitTestResult executionId="3901036d-9e84-44c0-ae56-6727a57136a3" testId="1d1df119-c59e-76a7-77e0-4f67d658e8e2" testName="MesIngest.Tests.SqlServerTransportDemandStoreTests.ReplaceState_writes_only_changed_rows_and_leaves_gone_immutable" computerName="LAB-WIN-01" duration="00:00:00.0010000" startTime="2026-08-10T13:47:44.8147390+08:00" endTime="2026-08-10T13:47:44.8147392+08:00" testType="13cdc9d9-ddb5-4fa4-a97d-d965ccfc6d4b" outcome="NotExecuted" testListId="8c84fa94-04c1-424b-9868-57a2d4851a1d" relativeResultsDirectory="3901036d-9e84-44c0-ae56-6727a57136a3">
      <Output>
        <StdOut>SQL Server unavailable (set MES_INGEST_SQLSERVER or enable LocalDB)</StdOut>
      </Output>
    </UnitTestResult>
    <UnitTestResult executionId="423b4015-ff5f-44c4-809c-b1de4a31059c" testId="7158fced-f7f1-0ab9-f409-dc7ae651f417" testName="MesIngest.Tests.WatchAutoRefreshScheduleTests.Missing_or_invalid_preferences_fall_back_to_safe_defaults" computerName="LAB-WIN-01" duration="00:00:00.0419162" startTime="2026-08-10T13:47:39.9957039+08:00" endTime="2026-08-10T13:47:39.9957048+08:00" testType="13cdc9d9-ddb5-4fa4-a97d-d965ccfc6d4b" outcome="Passed" testListId="8c84fa94-04c1-424b-9868-57a2d4851a1d" relativeResultsDirectory="423b4015-ff5f-44c4-809c-b1de4a31059c" />
    <UnitTestResult executionId="e3143517-0db3-401b-930e-fb3895c6ba9c" testId="a80585ec-5c25-0541-d179-6a5541fee2b2" testName="MesIngest.Tests.AlertDetailViewModelTests.ApplyUpdate_replaces_fields_and_clears_historical_flag" computerName="LAB-WIN-01" duration="00:00:00.0004193" startTime="2026-08-10T13:47:39.8987320+08:00" endTime="2026-08-10T13:47:39.8987321+08:00" testType="13cdc9d9-ddb5-4fa4-a97d-d965ccfc6d4b" outcome="Passed" testListId="8c84fa94-04c1-424b-9868-57a2d4851a1d" relativeResultsDirectory="e3143517-0db3-401b-930e-fb3895c6ba9c" />
    <UnitTestResult executionId="3d269339-55a9-430f-8a4e-6520b656265c" testId="8232bd16-63fa-5e80-2068-c962ebdbbf03" testName="MesIngest.Tests.OpenApiContractTests.OpenApi_json_is_public_even_when_shared_secret_is_required" computerName="LAB-WIN-01" duration="00:00:01.0780780" startTime="2026-08-10T13:47:43.0616190+08:00" endTime="2026-08-10T13:47:43.0616196+08:00" testType="13cdc9d9-ddb5-4fa4-a97d-d965ccfc6d4b" outcome="Passed" testListId="8c84fa94-04c1-424b-9868-57a2d4851a1d" relativeResultsDirectory="3d269339-55a9-430f-8a4e-6520b656265c" />
    <UnitTestResult executionId="312cda8b-b2b1-46d5-a259-4c313223b25c" testId="72125d9d-6486-84ab-22fc-29ce1450610f" testName="MesIngest.Tests.WatchConnectionEventJournalTests.Append_writes_jsonl_without_shared_secret_or_bearer" computerName="LAB-WIN-01" duration="00:00:00.5480615" startTime="2026-08-10T13:47:40.4090615+08:00" endTime="2026-08-10T13:47:40.4090615+08:00" testType="13cdc9d9-ddb5-4fa4-a97d-d965ccfc6d4b" outcome="Passed" testListId="8c84fa94-04c1-424b-9868-57a2d4851a1d" relativeResultsDirectory="312cda8b-b2b1-46d5-a259-4c313223b25c" />
    <UnitTestResult executionId="9b2f953b-1215-4de8-bf46-bda31cf15800" testId="6dcd5a24-a631-0d3e-eb72-353f454a9e4c" testName="MesIngest.Tests.TransportDemandReconcilerTests.Parseable_area_creates_demand_without_location_risk" computerName="LAB-WIN-01" duration="00:00:00.0005336" startTime="2026-08-10T13:47:39.9674050+08:00" endTime="2026-08-10T13:47:39.9674057+08:00" testType="13cdc9d9-ddb5-4fa4-a97d-d965ccfc6d4b" outcome="Passed" testListId="8c84fa94-04c1-424b-9868-57a2d4851a1d" relativeResultsDirectory="9b2f953b-1215-4de8-bf46-bda31cf15800" />
    <UnitTestResult executionId="fc9131a8-e1de-4db7-b0e8-7aae3fcff623" testId="7afd4105-3890-e3cb-3baf-4420098393a4" testName="MesIngest.Tests.WatchLayoutPreferencesTests.Save_normalizes_out_of_range_to_default_before_write" computerName="LAB-WIN-01" duration="00:00:00.0044038" startTime="2026-08-10T13:47:39.9932744+08:00" endTime="2026-08-10T13:47:39.9932746+08:00" testType="13cdc9d9-ddb5-4fa4-a97d-d965ccfc6d4b" outcome="Passed" testListId="8c84fa94-04c1-424b-9868-57a2d4851a1d" relativeResultsDirectory="fc9131a8-e1de-4db7-b0e8-7aae3fcff623" />
    <UnitTestResult executionId="2dd099fe-4ec4-4b07-ba6a-737f3f5f4b2c" testId="2c47651d-25cb-0639-0be0-cf6817d4c35a" testName="MesIngest.Tests.OracleMesSnapshotSourceTests.Empty_task_type_returns_incomplete" computerName="LAB-WIN-01" duration="00:00:00.0860277" startTime="2026-08-10T13:47:40.7779203+08:00" endTime="2026-08-10T13:47:40.7779206+08:00" testType="13cdc9d9-ddb5-4fa4-a97d-d965ccfc6d4b" outcome="Passed" testListId="8c84fa94-04c1-424b-9868-57a2d4851a1d" relativeResultsDirectory="2dd099fe-4ec4-4b07-ba6a-737f3f5f4b2c" />
    <UnitTestResult executionId="3c0c9101-b83c-4482-abd8-5870e5b2e311" testId="acd1fb85-2368-bc23-2d73-e77848a8c38d" testName="MesIngest.Tests.MainWindowStartupTests.MainWindow_applies_saved_pane_ratio_and_uses_star_rows_with_splitter" computerName="LAB-WIN-01" duration="00:00:00.4384402" startTime="2026-08-10T13:47:42.3331337+08:00" endTime="2026-08-10T13:47:42.3331339+08:00" testType="13cdc9d9-ddb5-4fa4-a97d-d965ccfc6d4b" outcome="Passed" testListId="8c84fa94-04c1-424b-9868-57a2d4851a1d" relativeResultsDirectory="3c0c9101-b83c-4482-abd8-5870e5b2e311" />
    <UnitTestResult executionId="168caf54-4e40-49c1-9ee1-2aeeab936734" testId="88a84269-2941-758a-32df-b12f6fcc7c04" testName="MesIngest.Tests.WatchBrowseSessionTests.Filter_reset_clears_accumulated_pages_to_first_page" computerName="LAB-WIN-01" duration="00:00:00.0022361" startTime="2026-08-10T13:47:39.9210350+08:00" endTime="2026-08-10T13:47:39.9210350+08:00" testType="13cdc9d9-ddb5-4fa4-a97d-d965ccfc6d4b" outcome="Passed" testListId="8c84fa94-04c1-424b-9868-57a2d4851a1d" relativeResultsDirectory="168caf54-4e40-49c1-9ee1-2aeeab936734" />
    <UnitTestResult executionId="f4ecdea4-fd0b-4af8-a14a-809a060e29a4" testId="73b6d6cd-3587-571d-995b-76de15ec15a8" testName="MesIngest.Tests.WatchAlertSessionTests.Initial_load_uses_active_default_priority_window_without_explicit_sort" computerName="LAB-WIN-01" duration="00:00:00.0015401" startTime="2026-08-10T13:47:39.8606448+08:00" endTime="2026-08-10T13:47:39.8606448+08:00" testType="13cdc9d9-ddb5-4fa4-a97d-d965ccfc6d4b" outcome="Passed" testListId="8c84fa94-04c1-424b-9868-57a2d4851a1d" relativeResultsDirectory="f4ecdea4-fd0b-4af8-a14a-809a060e29a4" />
    <UnitTestResult executionId="f3f3cff2-507b-4b19-9cec-276efa91bff4" testId="f9c7bd33-d240-6a75-b433-a9b50d416211" testName="MesIngest.Tests.MesIngestApiClientFetchTests.Http_status_failure_reports_HTTP_STATUS_stage" computerName="LAB-WIN-01" duration="00:00:00.0019021" startTime="2026-08-10T13:47:40.5030014+08:00" endTime="2026-08-10T13:47:40.5030017+08:00" testType="13cdc9d9-ddb5-4fa4-a97d-d965ccfc6d4b" outcome="Passed" testListId="8c84fa94-04c1-424b-9868-57a2d4851a1d" relativeResultsDirectory="f3f3cff2-507b-4b19-9cec-276efa91bff4" />
    <UnitTestResult executionId="596f2033-8329-4471-9c26-7ca1e812ba62" testId="992bb781-0f03-b2e1-018b-970ad9cffac0" testName="MesIngest.Tests.PaginatedDemandApiTests.List_rejects_cursor_that_does_not_match_sort" computerName="LAB-WIN-01" duration="00:00:00.1912686" startTime="2026-08-10T13:47:42.1205223+08:00" endTime="2026-08-10T13:47:42.1205226+08:00" testType="13cdc9d9-ddb5-4fa4-a97d-d965ccfc6d4b" outcome="Passed" testListId="8c84fa94-04c1-424b-9868-57a2d4851a1d" relativeResultsDirectory="596f2033-8329-4471-9c26-7ca1e812ba62" />
    <UnitTestResult executionId="a5e0de95-c9c3-4111-bc9c-e67ffc847d9e" testId="dad6f84b-01c6-3502-680e-383bf3b072eb" testName="MesIngest.Tests.AlertVisibleColumnSortHttpTests.Host_pages_all_visible_alert_columns_without_gaps_or_duplicates(sortBy: &quot;code&quot;, direction: &quot;desc&quot;, expectedAlertIds: [&quot;a4&quot;, &quot;a1&quot;, &quot;a5&quot;, &quot;a2&quot;, &quot;a3&quot;])" computerName="LAB-WIN-01" duration="00:00:00.1361717" startTime="2026-08-10T13:47:43.3946740+08:00" endTime="2026-08-10T13:47:43.3946745+08:00" testType="13cdc9d9-ddb5-4fa4-a97d-d965ccfc6d4b" outcome="Passed" testListId="8c84fa94-04c1-424b-9868-57a2d4851a1d" relativeResultsDirectory="a5e0de95-c9c3-4111-bc9c-e67ffc847d9e" />
    <UnitTestResult executionId="3c34417d-133f-4c8d-9f70-32c61c2d51cd" testId="603468ee-6aaf-e740-488a-e370277d2190" testName="MesIngest.Tests.IngestRoundRunnerTests.Failed_or_incomplete_round_does_not_consume_restart_barrier" computerName="LAB-WIN-01" duration="00:00:00.0024870" startTime="2026-08-10T13:47:40.6068406+08:00" endTime="2026-08-10T13:47:40.6068411+08:00" testType="13cdc9d9-ddb5-4fa4-a97d-d965ccfc6d4b" outcome="Passed" testListId="8c84fa94-04c1-424b-9868-57a2d4851a1d" relativeResultsDirectory="3c34417d-133f-4c8d-9f70-32c61c2d51cd" />
    <UnitTestResult executionId="f52206e4-1c39-4fdd-af99-517eae679506" testId="24cccb74-1f04-e375-1227-0fd1872ff41e" testName="MesIngest.Tests.DemandChangeFeedStoreTests.QueryChangeFeed_full_purge_keeps_monotonic_watermark_and_expires_stale_cursors" computerName="LAB-WIN-01" duration="00:00:00.0009775" startTime="2026-08-10T13:47:39.8986758+08:00" endTime="2026-08-10T13:47:39.8986758+08:00" testType="13cdc9d9-ddb5-4fa4-a97d-d965ccfc6d4b" outcome="Passed" testListId="8c84fa94-04c1-424b-9868-57a2d4851a1d" relativeResultsDirectory="f52206e4-1c39-4fdd-af99-517eae679506" />
    <UnitTestResult executionId="74462a11-917c-42d1-8be9-b9da10e50372" testId="bd895f17-9a34-c249-8341-d5607c53a2a4" testName="MesIngest.Tests.WatchGridClipboardTests.Formats_bool_and_int_with_invariant_text" computerName="LAB-WIN-01" duration="00:00:00.0002694" startTime="2026-08-10T13:47:39.9276817+08:00" endTime="2026-08-10T13:47:39.9276819+08:00" testType="13cdc9d9-ddb5-4fa4-a97d-d965ccfc6d4b" outcome="Passed" testListId="8c84fa94-04c1-424b-9868-57a2d4851a1d" relativeResultsDirectory="74462a11-917c-42d1-8be9-b9da10e50372" />
    <UnitTestResult executionId="0d1cddec-11d9-4457-bf4d-e79d480f89b1" testId="f6e00c70-98ed-5d0e-e69a-0d300a2c5f3a" testName="MesIngest.Tests.WatchOptionsLoaderTests.Boundary_RequestTimeoutSeconds_are_accepted(value: 300)" computerName="LAB-WIN-01" duration="00:00:00.0002100" startTime="2026-08-10T13:47:39.8578178+08:00" endTime="2026-08-10T13:47:39.8578178+08:00" testType="13cdc9d9-ddb5-4fa4-a97d-d965ccfc6d4b" outcome="Passed" testListId="8c84fa94-04c1-424b-9868-57a2d4851a1d" relativeResultsDirectory="0d1cddec-11d9-4457-bf4d-e79d480f89b1" />
    <UnitTestResult executionId="c6382b5c-c51f-4a19-8c8e-3261cf7831f5" testId="1524ab94-19e7-60b4-3e8c-f876a95e0903" testName="MesIngest.Tests.OpenApiContractTests.Export_static_pack_openapi_when_MES_INGEST_EXPORT_OPENAPI_is_1" computerName="LAB-WIN-01" duration="00:00:00.0015156" startTime="2026-08-10T13:47:41.4031041+08:00" endTime="2026-08-10T13:47:41.4031045+08:00" testType="13cdc9d9-ddb5-4fa4-a97d-d965ccfc6d4b" outcome="Passed" testListId="8c84fa94-04c1-424b-9868-57a2d4851a1d" relativeResultsDirectory="c6382b5c-c51f-4a19-8c8e-3261cf7831f5" />
    <UnitTestResult executionId="34a0316b-ffc9-4ac8-9ed5-e5683dd06da3" testId="7778a183-4321-45e2-6b93-9662629ec242" testName="MesIngest.Tests.InMemoryTransportDemandStoreConcurrencyTests.Concurrent_alert_readers_and_replace_writer_do_not_throw" computerName="LAB-WIN-01" duration="00:00:00.7916311" startTime="2026-08-10T13:47:40.6014283+08:00" endTime="2026-08-10T13:47:40.6014287+08:00" testType="13cdc9d9-ddb5-4fa4-a97d-d965ccfc6d4b" outcome="Passed" testListId="8c84fa94-04c1-424b-9868-57a2d4851a1d" relativeResultsDirectory="34a0316b-ffc9-4ac8-9ed5-e5683dd06da3" />
    <UnitTestResult executionId="460f0091-fafb-4f94-aab1-b90c0a996eb1" testId="cbda123a-09dc-4581-857b-b4820dc6774e" testName="MesIngest.Tests.WatchBannerProjectionTests.Alert_does_not_block_recovery_after_fault_banner_clears" computerName="LAB-WIN-01" duration="00:00:00.0003188" startTime="2026-08-10T13:47:39.8519474+08:00" endTime="2026-08-10T13:47:39.8519474+08:00" testType="13cdc9d9-ddb5-4fa4-a97d-d965ccfc6d4b" outcome="Passed" testListId="8c84fa94-04c1-424b-9868-57a2d4851a1d" relativeResultsDirectory="460f0091-fafb-4f94-aab1-b90c0a996eb1" />
    <UnitTestResult executionId="dcd8f53e-0a0b-4b5d-9521-4d5c76a28918" testId="9aad0389-889c-5346-4c79-5d748b3503e5" testName="MesIngest.Tests.OracleMesSnapshotSourceTests.Executor_exception_propagates_for_runner_failure_mapping" computerName="LAB-WIN-01" duration="00:00:00.0318387" startTime="2026-08-10T13:47:40.6909335+08:00" endTime="2026-08-10T13:47:40.6909339+08:00" testType="13cdc9d9-ddb5-4fa4-a97d-d965ccfc6d4b" outcome="Passed" testListId="8c84fa94-04c1-424b-9868-57a2d4851a1d" relativeResultsDirectory="dcd8f53e-0a0b-4b5d-9521-4d5c76a28918" />
    <UnitTestResult executionId="c810e630-d050-41d5-a53c-04693c97a702" testId="9cf166ca-6882-ea6e-1d02-65f3791355a2" testName="MesIngest.Tests.ReadApiContractTests.Alerts_endpoint_lists_recent_ingest_alerts" computerName="LAB-WIN-01" duration="00:00:01.6217528" startTime="2026-08-10T13:47:41.5026079+08:00" endTime="2026-08-10T13:47:41.5026081+08:00" testType="13cdc9d9-ddb5-4fa4-a97d-d965ccfc6d4b" outcome="Passed" testListId="8c84fa94-04c1-424b-9868-57a2d4851a1d" relativeResultsDirectory="c810e630-d050-41d5-a53c-04693c97a702" />
    <UnitTestResult executionId="c831cf6d-9d3e-426a-a219-82f030a81f1e" testId="1e918f3d-6632-8c3e-338d-e7063e30e166" testName="MesIngest.Tests.OracleMesSnapshotSourceTests.Reads_sql_file_and_maps_rows_with_beijing_dates" computerName="LAB-WIN-01" duration="00:00:00.1281146" startTime="2026-08-10T13:47:40.5971880+08:00" endTime="2026-08-10T13:47:40.5971882+08:00" testType="13cdc9d9-ddb5-4fa4-a97d-d965ccfc6d4b" outcome="Passed" testListId="8c84fa94-04c1-424b-9868-57a2d4851a1d" relativeResultsDirectory="c831cf6d-9d3e-426a-a219-82f030a81f1e" />
    <UnitTestResult executionId="69ae5937-1d6f-4217-a425-2a26f610416d" testId="078cfbca-a827-c0f4-860f-e48426e46d3d" testName="MesIngest.Tests.SqlServerTransportDemandStoreTests.Persisted_demands_and_pauses_are_readable_after_new_store_instance" computerName="LAB-WIN-01" duration="00:00:00.0010000" startTime="2026-08-10T13:47:44.8111894+08:00" endTime="2026-08-10T13:47:44.8111895+08:00" testType="13cdc9d9-ddb5-4fa4-a97d-d965ccfc6d4b" outcome="NotExecuted" testListId="8c84fa94-04c1-424b-9868-57a2d4851a1d" relativeResultsDirectory="69ae5937-1d6f-4217-a425-2a26f610416d">
      <Output>
        <StdOut>SQL Server unavailable (set MES_INGEST_SQLSERVER or enable LocalDB)</StdOut>
      </Output>
    </UnitTestResult>
    <UnitTestResult executionId="cf1f3105-8c8b-4777-942f-f6840f1670f6" testId="7ef9c406-942a-6ef3-37a2-2e548a4a4788" testName="MesIngest.Tests.CsvFileMesSnapshotSourceTests.Short_data_row_returns_incomplete_outcome" computerName="LAB-WIN-01" duration="00:00:00.0827644" startTime="2026-08-10T13:47:41.5090644+08:00" endTime="2026-08-10T13:47:41.5090646+08:00" testType="13cdc9d9-ddb5-4fa4-a97d-d965ccfc6d4b" outcome="Passed" testListId="8c84fa94-04c1-424b-9868-57a2d4851a1d" relativeResultsDirectory="cf1f3105-8c8b-4777-942f-f6840f1670f6" />
    <UnitTestResult executionId="8dbabd3d-ee41-4e30-8ce8-f89f85861704" testId="1a64b88b-53f7-8f1d-83d1-bd541dbc1150" testName="MesIngest.Tests.WatchHostSessionTests.Production_adapter_centralizes_bearer_timeout_correlation_and_redaction" computerName="LAB-WIN-01" duration="00:00:00.0581894" startTime="2026-08-10T13:47:40.5265563+08:00" endTime="2026-08-10T13:47:40.5265566+08:00" testType="13cdc9d9-ddb5-4fa4-a97d-d965ccfc6d4b" outcome="Passed" testListId="8c84fa94-04c1-424b-9868-57a2d4851a1d" relativeResultsDirectory="8dbabd3d-ee41-4e30-8ce8-f89f85861704" />
    <UnitTestResult executionId="3e093e27-a08b-4750-9e58-24eb67fadefe" testId="2be74e0b-ba2c-ee52-6b06-d76bea1f9072" testName="MesIngest.Tests.WatchBannerProjectionTests.Poll_failure_is_error_banner" computerName="LAB-WIN-01" duration="00:00:00.0001985" startTime="2026-08-10T13:47:39.8530567+08:00" endTime="2026-08-10T13:47:39.8530567+08:00" testType="13cdc9d9-ddb5-4fa4-a97d-d965ccfc6d4b" outcome="Passed" testListId="8c84fa94-04c1-424b-9868-57a2d4851a1d" relativeResultsDirectory="3e093e27-a08b-4750-9e58-24eb67fadefe" />
    <UnitTestResult executionId="55e8ebad-c25e-4dca-9072-712124a3e134" testId="88b6b557-543e-24be-7630-4b48cd569a90" testName="MesIngest.Tests.WatchV2ShellTests.Applying_host_immediately_clears_old_business_state_and_returns_to_overview" computerName="LAB-WIN-01" duration="00:00:00.2923877" startTime="2026-08-10T13:47:42.6449328+08:00" endTime="2026-08-10T13:47:42.6449333+08:00" testType="13cdc9d9-ddb5-4fa4-a97d-d965ccfc6d4b" outcome="Passed" testListId="8c84fa94-04c1-424b-9868-57a2d4851a1d" relativeResultsDirectory="55e8ebad-c25e-4dca-9072-712124a3e134" />
    <UnitTestResult executionId="ecab1f63-3f5a-427c-9733-cdf614a02cbb" testId="71819035-4266-54f8-23e4-0e828ad5c59f" testName="MesIngest.Tests.AlertDetailViewModelTests.Non_reappear_does_not_promote_detail_fields_to_demand_targets" computerName="LAB-WIN-01" duration="00:00:00.0003506" startTime="2026-08-10T13:47:39.9037885+08:00" endTime="2026-08-10T13:47:39.9037886+08:00" testType="13cdc9d9-ddb5-4fa4-a97d-d965ccfc6d4b" outcome="Passed" testListId="8c84fa94-04c1-424b-9868-57a2d4851a1d" relativeResultsDirectory="ecab1f63-3f5a-427c-9733-cdf614a02cbb" />
    <UnitTestResult executionId="49e345b3-afd9-4e17-9aac-8510fd0c97fa" testId="7ce60a12-34aa-fa3a-c96f-092274e7d825" testName="MesIngest.Tests.AlertVisibleColumnSortHttpTests.Host_pages_all_visible_alert_columns_without_gaps_or_duplicates(sortBy: &quot;severity&quot;, direction: &quot;desc&quot;, expectedAlertIds: [&quot;a2&quot;, &quot;a3&quot;, &quot;a5&quot;, &quot;a1&quot;, &quot;a4&quot;])" computerName="LAB-WIN-01" duration="00:00:00.0521216" startTime="2026-08-10T13:47:44.1213080+08:00" endTime="2026-08-10T13:47:44.1213084+08:00" testType="13cdc9d9-ddb5-4fa4-a97d-d965ccfc6d4b" outcome="Passed" testListId="8c84fa94-04c1-424b-9868-57a2d4851a1d" relativeResultsDirectory="49e345b3-afd9-4e17-9aac-8510fd0c97fa" />
    <UnitTestResult executionId="fb9d3426-8f9a-4dcd-85a5-38ddb51911a4" testId="45c15f6e-4159-d229-75b9-be953db09ec1" testName="MesIngest.Tests.ApiContractVersionTests.Host_exposes_matching_contract_version" computerName="LAB-WIN-01" duration="00:00:01.0084329" startTime="2026-08-10T13:47:41.5026629+08:00" endTime="2026-08-10T13:47:41.5026629+08:00" testType="13cdc9d9-ddb5-4fa4-a97d-d965ccfc6d4b" outcome="Passed" testListId="8c84fa94-04c1-424b-9868-57a2d4851a1d" relativeResultsDirectory="fb9d3426-8f9a-4dcd-85a5-38ddb51911a4" />
    <UnitTestResult executionId="2b65ccae-552a-4099-a20b-06beb67bb495" testId="1ba738e6-b652-9a48-3740-7165989ca483" testName="MesIngest.Tests.WatchAlertSessionTests.Paging_sort_and_reset_commit_fixed_server_windows_atomically" computerName="LAB-WIN-01" duration="00:00:00.0234023" startTime="2026-08-10T13:47:39.8605299+08:00" endTime="2026-08-10T13:47:39.8605300+08:00" testType="13cdc9d9-ddb5-4fa4-a97d-d965ccfc6d4b" outcome="Passed" testListId="8c84fa94-04c1-424b-9868-57a2d4851a1d" relativeResultsDirectory="2b65ccae-552a-4099-a20b-06beb67bb495" />
    <UnitTestResult executionId="cc463317-d7d2-4560-b09d-7071271de94e" testId="aa21dbae-bf03-1ce6-6c70-ea966f616424" testName="MesIngest.Tests.WatchBrowseSessionTests.Every_visible_alert_column_toggles_server_sort(header: &quot;DemandId&quot;, token: &quot;demandId&quot;)" computerName="LAB-WIN-01" duration="00:00:00.0000063" startTime="2026-08-10T13:47:39.8548252+08:00" endTime="2026-08-10T13:47:39.8548253+08:00" testType="13cdc9d9-ddb5-4fa4-a97d-d965ccfc6d4b" outcome="Passed" testListId="8c84fa94-04c1-424b-9868-57a2d4851a1d" relativeResultsDirectory="cc463317-d7d2-4560-b09d-7071271de94e" />
    <UnitTestResult executionId="eccc2cfa-f14b-4f50-835f-33f602fc5281" testId="a9440768-2a6a-42f4-7799-d04f5d3135af" testName="MesIngest.Tests.TransportDemandReconcilerTests.Restart_post_barrier_seeds_or_raises_healthy_baseline_from_barrier_count" computerName="LAB-WIN-01" duration="00:00:00.0063894" startTime="2026-08-10T13:47:40.0412629+08:00" endTime="2026-08-10T13:47:40.0412629+08:00" testType="13cdc9d9-ddb5-4fa4-a97d-d965ccfc6d4b" outcome="Passed" testListId="8c84fa94-04c1-424b-9868-57a2d4851a1d" relativeResultsDirectory="eccc2cfa-f14b-4f50-835f-33f602fc5281" />
    <UnitTestResult executionId="40c885e4-13e0-4cfa-ada2-18221de21239" testId="2b86e0d2-1311-d473-7ade-df623f373c9e" testName="MesIngest.Tests.WatchLayoutPreferencesTests.Default_demand_share_is_seventy_percent" computerName="LAB-WIN-01" duration="00:00:00.0000628" startTime="2026-08-10T13:47:40.0422049+08:00" endTime="2026-08-10T13:47:40.0422049+08:00" testType="13cdc9d9-ddb5-4fa4-a97d-d965ccfc6d4b" outcome="Passed" testListId="8c84fa94-04c1-424b-9868-57a2d4851a1d" relativeResultsDirectory="40c885e4-13e0-4cfa-ada2-18221de21239" />
    <UnitTestResult executionId="5a0cd4c9-7e16-47f1-a0cd-70660cf03300" testId="68df69dc-08bf-9ae0-dcbf-3593e283e7f4" testName="MesIngest.Tests.TransportDemandReconcilerTests.Still_visible_key_in_successful_snapshot_refreshes_last_seen_and_resets_disappear_count" computerName="LAB-WIN-01" duration="00:00:00.0171416" startTime="2026-08-10T13:47:39.9497507+08:00" endTime="2026-08-10T13:47:39.9497510+08:00" testType="13cdc9d9-ddb5-4fa4-a97d-d965ccfc6d4b" outcome="Passed" testListId="8c84fa94-04c1-424b-9868-57a2d4851a1d" relativeResultsDirectory="5a0cd4c9-7e16-47f1-a0cd-70660cf03300" />
    <UnitTestResult executionId="46d6cec9-9d45-4c98-a23c-6184fdce0fc2" testId="33c02873-c5bb-cc3c-3abf-c23ef6487bf4" testName="MesIngest.Tests.WatchOverviewStateTests.Canceled_overview_ignores_late_responses_even_when_the_host_ignores_cancellation" computerName="LAB-WIN-01" duration="00:00:00.6547931" startTime="2026-08-10T13:47:40.6427148+08:00" endTime="2026-08-10T13:47:40.6427150+08:00" testType="13cdc9d9-ddb5-4fa4-a97d-d965ccfc6d4b" outcome="Passed" testListId="8c84fa94-04c1-424b-9868-57a2d4851a1d" relativeResultsDirectory="46d6cec9-9d45-4c98-a23c-6184fdce0fc2" />
    <UnitTestResult executionId="054d4902-3825-4c4e-9a1c-cbc2e0e0fb9c" testId="babef1b8-3407-fabf-b30e-d76190f63dea" testName="MesIngest.Tests.AlertDetailWindowActionTests.Reappear_actions_copy_and_locate_previous_and_new_ids_without_ambiguity" computerName="LAB-WIN-01" duration="00:00:00.1415171" startTime="2026-08-10T13:47:41.5629125+08:00" endTime="2026-08-10T13:47:41.5629127+08:00" testType="13cdc9d9-ddb5-4fa4-a97d-d965ccfc6d4b" outcome="Passed" testListId="8c84fa94-04c1-424b-9868-57a2d4851a1d" relativeResultsDirectory="054d4902-3825-4c4e-9a1c-cbc2e0e0fb9c" />
    <UnitTestResult executionId="db71c30b-255a-4486-8661-c378408f1ec9" testId="03069590-171f-290d-7ecf-3c804e3f5763" testName="MesIngest.Tests.TransportDemandReconcilerTests.Rows_before_go_live_baseline_are_not_created_as_visible" computerName="LAB-WIN-01" duration="00:00:00.0041338" startTime="2026-08-10T13:47:39.9672788+08:00" endTime="2026-08-10T13:47:39.9672791+08:00" testType="13cdc9d9-ddb5-4fa4-a97d-d965ccfc6d4b" outcome="Passed" testListId="8c84fa94-04c1-424b-9868-57a2d4851a1d" relativeResultsDirectory="db71c30b-255a-4486-8661-c378408f1ec9" />
    <UnitTestResult executionId="a7aaf202-c680-4c43-9c64-8ad90b5ea186" testId="afed4865-df03-00a0-9166-c3df5f23cd05" testName="MesIngest.Tests.WatchTimeDisplayTests.Formats_nullable_null_as_empty" computerName="LAB-WIN-01" duration="00:00:00.0001254" startTime="2026-08-10T13:47:39.8306528+08:00" endTime="2026-08-10T13:47:39.8306529+08:00" testType="13cdc9d9-ddb5-4fa4-a97d-d965ccfc6d4b" outcome="Passed" testListId="8c84fa94-04c1-424b-9868-57a2d4851a1d" relativeResultsDirectory="a7aaf202-c680-4c43-9c64-8ad90b5ea186" />
    <UnitTestResult executionId="3ebcec44-8aed-4676-9e73-2f0c07a7a7db" testId="02ccd6f4-591b-33a0-d9fa-e702c3597d16" testName="MesIngest.Tests.WatchLayoutPreferencesTests.Star_heights_from_demand_share_sum_to_one" computerName="LAB-WIN-01" duration="00:00:00.0025222" startTime="2026-08-10T13:47:39.9090679+08:00" endTime="2026-08-10T13:47:39.9090680+08:00" testType="13cdc9d9-ddb5-4fa4-a97d-d965ccfc6d4b" outcome="Passed" testListId="8c84fa94-04c1-424b-9868-57a2d4851a1d" relativeResultsDirectory="3ebcec44-8aed-4676-9e73-2f0c07a7a7db" />
    <UnitTestResult executionId="56d26b81-dcff-4963-8fa5-f72fafeb8c65" testId="c30e7980-44b9-89f8-2bfc-d3d35d742c0f" testName="MesIngest.Tests.IngestRoundRunnerTests.Process_restart_first_successful_round_is_barrier_second_resumes_disappear" computerName="LAB-WIN-01" duration="00:00:00.0033879" startTime="2026-08-10T13:47:39.8596024+08:00" endTime="2026-08-10T13:47:39.8596025+08:00" testType="13cdc9d9-ddb5-4fa4-a97d-d965ccfc6d4b" outcome="Passed" testListId="8c84fa94-04c1-424b-9868-57a2d4851a1d" relativeResultsDirectory="56d26b81-dcff-4963-8fa5-f72fafeb8c65" />
    <UnitTestResult executionId="8fc4f6d6-8dce-4a0f-bd13-53daaf8346ec" testId="adecb0cb-7e36-e860-96a3-05d159d026db" testName="MesIngest.Tests.ReadApiContractTests.Demand_dto_embeds_relevant_alerts_by_demand_id_or_reconcile_key" computerName="LAB-WIN-01" duration="00:00:00.3226535" startTime="2026-08-10T13:47:41.8260474+08:00" endTime="2026-08-10T13:47:41.8260477+08:00" testType="13cdc9d9-ddb5-4fa4-a97d-d965ccfc6d4b" outcome="Passed" testListId="8c84fa94-04c1-424b-9868-57a2d4851a1d" relativeResultsDirectory="8fc4f6d6-8dce-4a0f-bd13-53daaf8346ec" />
    <UnitTestResult executionId="d87955b0-753a-45d8-8cb6-a5f0f9cb91a6" testId="091dffad-2313-2350-ee4e-d6342e69f984" testName="MesIngest.Tests.WatchAlertSessionTests.Successful_draft_commits_activity_production_filters_and_last_seen_range" computerName="LAB-WIN-01" duration="00:00:00.0033775" startTime="2026-08-10T13:47:39.8673951+08:00" endTime="2026-08-10T13:47:39.8673954+08:00" testType="13cdc9d9-ddb5-4fa4-a97d-d965ccfc6d4b" outcome="Passed" testListId="8c84fa94-04c1-424b-9868-57a2d4851a1d" relativeResultsDirectory="d87955b0-753a-45d8-8cb6-a5f0f9cb91a6" />
    <UnitTestResult executionId="ce36f0f4-eb3f-4ef8-9708-a5afd7f64505" testId="de009e39-c7d7-8dc3-1e1e-d4a6cb645219" testName="MesIngest.Tests.ReadApiSharedSecretAuthTests.Non_localhost_binding_rejects_request_without_shared_secret" computerName="LAB-WIN-01" duration="00:00:00.8395052" startTime="2026-08-10T13:47:41.4940919+08:00" endTime="2026-08-10T13:47:41.4940923+08:00" testType="13cdc9d9-ddb5-4fa4-a97d-d965ccfc6d4b" outcome="Passed" testListId="8c84fa94-04c1-424b-9868-57a2d4851a1d" relativeResultsDirectory="ce36f0f4-eb3f-4ef8-9708-a5afd7f64505" />
    <UnitTestResult executionId="55673467-436a-4213-a6d5-29f1c959a15e" testId="4aa5c8d4-8cf2-8bb2-cfe1-9d33686c2260" testName="MesIngest.Tests.WatchHostSessionTests.Applying_new_host_cancels_and_permanently_ignores_old_host_completion" computerName="LAB-WIN-01" duration="00:00:00.3560909" startTime="2026-08-10T13:47:40.4682261+08:00" endTime="2026-08-10T13:47:40.4682263+08:00" testType="13cdc9d9-ddb5-4fa4-a97d-d965ccfc6d4b" outcome="Passed" testListId="8c84fa94-04c1-424b-9868-57a2d4851a1d" relativeResultsDirectory="55673467-436a-4213-a6d5-29f1c959a15e" />
    <UnitTestResult executionId="d0deda4c-85bf-4f0e-8ba4-0fce9d9c9748" testId="7f4f65d1-c7cd-f9f4-5efa-f91f42ad7157" testName="MesIngest.Tests.WatchHostSessionTests.Settings_reject_timeout_outside_one_to_three_hundred_seconds(timeoutSeconds: 301)" computerName="LAB-WIN-01" duration="00:00:00.0003646" startTime="2026-08-10T13:47:40.5296892+08:00" endTime="2026-08-10T13:47:40.5296895+08:00" testType="13cdc9d9-ddb5-4fa4-a97d-d965ccfc6d4b" outcome="Passed" testListId="8c84fa94-04c1-424b-9868-57a2d4851a1d" relativeResultsDirectory="d0deda4c-85bf-4f0e-8ba4-0fce9d9c9748" />
    <UnitTestResult executionId="489dc8b9-2ce1-464e-b45b-5df0e7f8b239" testId="72163fa7-fc0e-2f40-3cfc-bb9ef202059c" testName="MesIngest.Tests.DemandListPagingTieBreakTests.QueryPage_desc_identical_primary_covers_all_allow_list_columns(sortBy: LocationRisk)" computerName="LAB-WIN-01" duration="00:00:00.0020371" startTime="2026-08-10T13:47:40.0481708+08:00" endTime="2026-08-10T13:47:40.0481712+08:00" testType="13cdc9d9-ddb5-4fa4-a97d-d965ccfc6d4b" outcome="Passed" testListId="8c84fa94-04c1-424b-9868-57a2d4851a1d" relativeResultsDirectory="489dc8b9-2ce1-464e-b45b-5df0e7f8b239" />
    <UnitTestResult executionId="33e456e7-da67-41c3-93e8-a5415f439898" testId="e20ffdc9-0f6f-92d7-5e0b-6bbb4217f747" testName="MesIngest.Tests.CsvFileMesSnapshotSourceTests.Reads_recorded_csv_and_interprets_dates_as_beijing" computerName="LAB-WIN-01" duration="00:00:00.0651708" startTime="2026-08-10T13:47:41.4261027+08:00" endTime="2026-08-10T13:47:41.4261031+08:00" testType="13cdc9d9-ddb5-4fa4-a97d-d965ccfc6d4b" outcome="Passed" testListId="8c84fa94-04c1-424b-9868-57a2d4851a1d" relativeResultsDirectory="33e456e7-da67-41c3-93e8-a5415f439898" />
    <UnitTestResult executionId="8e32420e-907c-4810-82fe-d669e60247ea" testId="a431ab5d-7d01-c62e-8aca-1f9b8374f086" testName="MesIngest.Tests.AlertIncidentSyncTests.Reappear_is_warning_severity" computerName="LAB-WIN-01" duration="00:00:00.0003651" startTime="2026-08-10T13:47:40.0729604+08:00" endTime="2026-08-10T13:47:40.0729606+08:00" testType="13cdc9d9-ddb5-4fa4-a97d-d965ccfc6d4b" outcome="Passed" testListId="8c84fa94-04c1-424b-9868-57a2d4851a1d" relativeResultsDirectory="8e32420e-907c-4810-82fe-d669e60247ea" />
    <UnitTestResult executionId="20fd26b2-f5ef-4aba-a291-29fb9ab9bfe7" testId="9ddbc671-e4a6-a389-f2c5-debf74dcc8ac" testName="MesIngest.Tests.SqlServerTransportDemandStoreTests.Change_feed_full_purge_keeps_monotonic_watermark_and_expires_stale_cursors" computerName="LAB-WIN-01" duration="00:00:00.0010000" startTime="2026-08-10T13:47:44.8114807+08:00" endTime="2026-08-10T13:47:44.8114808+08:00" testType="13cdc9d9-ddb5-4fa4-a97d-d965ccfc6d4b" outcome="NotExecuted" testListId="8c84fa94-04c1-424b-9868-57a2d4851a1d" relativeResultsDirectory="20fd26b2-f5ef-4aba-a291-29fb9ab9bfe7">
      <Output>
        <StdOut>SQL Server unavailable (set MES_INGEST_SQLSERVER or enable LocalDB)</StdOut>
      </Output>
    </UnitTestResult>
    <UnitTestResult executionId="b62f3852-6142-4fae-a4d3-12a8304d85dd" testId="fbedf41d-5df4-9832-525b-6aa221816bc6" testName="MesIngest.Tests.TransportDemandReconcilerTests.Zero_drop_does_not_raise_healthy_count_from_pre_baseline_rows_or_duplicates" computerName="LAB-WIN-01" duration="00:00:00.0027055" startTime="2026-08-10T13:47:40.0260663+08:00" endTime="2026-08-10T13:47:40.0260665+08:00" testType="13cdc9d9-ddb5-4fa4-a97d-d965ccfc6d4b" outcome="Passed" testListId="8c84fa94-04c1-424b-9868-57a2d4851a1d" relativeResultsDirectory="b62f3852-6142-4fae-a4d3-12a8304d85dd" />
    <UnitTestResult executionId="7fd644d8-98d4-4cf0-9dcf-15a04a07a16d" testId="215fe2b3-eb82-a60e-450d-7600e7f6281e" testName="MesIngest.Tests.ReadApiContractTests.List_and_get_return_visible_demands_after_one_shot_from_csv" computerName="LAB-WIN-01" duration="00:00:00.0623399" startTime="2026-08-10T13:47:43.7932103+08:00" endTime="2026-08-10T13:47:43.7932140+08:00" testType="13cdc9d9-ddb5-4fa4-a97d-d965ccfc6d4b" outcome="Passed" testListId="8c84fa94-04c1-424b-9868-57a2d4851a1d" relativeResultsDirectory="7fd644d8-98d4-4cf0-9dcf-15a04a07a16d" />
    <UnitTestResult executionId="11e6b29c-92c1-4d83-9dac-93b49523eb26" testId="4446370c-c73f-956d-0d10-c74f3e88082d" testName="MesIngest.Tests.WatchRefreshStateTests.Partial_success_updates_last_success_but_keeps_failing_endpoint_error" computerName="LAB-WIN-01" duration="00:00:00.0002765" startTime="2026-08-10T13:47:40.0621259+08:00" endTime="2026-08-10T13:47:40.0621261+08:00" testType="13cdc9d9-ddb5-4fa4-a97d-d965ccfc6d4b" outcome="Passed" testListId="8c84fa94-04c1-424b-9868-57a2d4851a1d" relativeResultsDirectory="11e6b29c-92c1-4d83-9dac-93b49523eb26" />
    <UnitTestResult executionId="49c34719-0753-4ae1-8e8d-8fd059eb2ca2" testId="ec91e6a6-7a5d-ccbd-7734-3cd81fd368a3" testName="MesIngest.Tests.WatchAutoRefreshScheduleTests.Busy_due_tick_is_skipped_and_request_completion_restarts_the_interval" computerName="LAB-WIN-01" duration="00:00:00.0004391" startTime="2026-08-10T13:47:40.0308652+08:00" endTime="2026-08-10T13:47:40.0308654+08:00" testType="13cdc9d9-ddb5-4fa4-a97d-d965ccfc6d4b" outcome="Passed" testListId="8c84fa94-04c1-424b-9868-57a2d4851a1d" relativeResultsDirectory="49c34719-0753-4ae1-8e8d-8fd059eb2ca2" />
    <UnitTestResult executionId="a3ed1204-4092-40a8-950a-d61cbe4e80b0" testId="887744b1-9a39-b587-a026-a28205f8d466" testName="MesIngest.Tests.CsvFileMesSnapshotSourceTests.Header_only_empty_result_returns_success_with_no_rows" computerName="LAB-WIN-01" duration="00:00:00.3602909" startTime="2026-08-10T13:47:40.4650298+08:00" endTime="2026-08-10T13:47:40.4650299+08:00" testType="13cdc9d9-ddb5-4fa4-a97d-d965ccfc6d4b" outcome="Passed" testListId="8c84fa94-04c1-424b-9868-57a2d4851a1d" relativeResultsDirectory="a3ed1204-4092-40a8-950a-d61cbe4e80b0" />
    <UnitTestResult executionId="cf45fad0-cc12-4324-9c1d-112f80dc8c68" testId="ba0e684a-5acb-ecb8-8bba-51824e9fef6e" testName="MesIngest.Tests.TransportDemandReconcilerTests.Gone_transition_uses_configurable_disappear_threshold" computerName="LAB-WIN-01" duration="00:00:00.0004069" startTime="2026-08-10T13:47:39.9930128+08:00" endTime="2026-08-10T13:47:39.9930133+08:00" testType="13cdc9d9-ddb5-4fa4-a97d-d965ccfc6d4b" outcome="Passed" testListId="8c84fa94-04c1-424b-9868-57a2d4851a1d" relativeResultsDirectory="cf45fad0-cc12-4324-9c1d-112f80dc8c68" />
    <UnitTestResult executionId="0063e7a0-a1d4-4e4e-b166-966127279f10" testId="d3cd6433-552d-85fa-5bfc-ba6e52519fbd" testName="MesIngest.Tests.SqlServerTransportDemandStoreTests.Query_page_desc_with_tied_primary_values_has_no_gap_or_dup" computerName="LAB-WIN-01" duration="00:00:00.0010000" startTime="2026-08-10T13:47:44.8117422+08:00" endTime="2026-08-10T13:47:44.8117423+08:00" testType="13cdc9d9-ddb5-4fa4-a97d-d965ccfc6d4b" outcome="NotExecuted" testListId="8c84fa94-04c1-424b-9868-57a2d4851a1d" relativeResultsDirectory="0063e7a0-a1d4-4e4e-b166-966127279f10">
      <Output>
        <StdOut>SQL Server unavailable (set MES_INGEST_SQLSERVER or enable LocalDB)</StdOut>
      </Output>
    </UnitTestResult>
    <UnitTestResult executionId="b81195e9-dafc-421a-8f66-dc498a09f811" testId="b22df436-412a-3654-3708-807ee3cd4bd7" testName="MesIngest.Tests.MainWindowStartupTests.MainWindow_ctor_completes_without_null_reference" computerName="LAB-WIN-01" duration="00:00:00.2666751" startTime="2026-08-10T13:47:43.7440670+08:00" endTime="2026-08-10T13:47:43.7440675+08:00" testType="13cdc9d9-ddb5-4fa4-a97d-d965ccfc6d4b" outcome="Passed" testListId="8c84fa94-04c1-424b-9868-57a2d4851a1d" relativeResultsDirectory="b81195e9-dafc-421a-8f66-dc498a09f811" />
    <UnitTestResult executionId="9d16c20c-f26c-4f22-961f-f9e2a60ad8d2" testId="0364a661-05c2-b1b4-5e91-4166471bac3a" testName="MesIngest.Tests.WatchLayoutPreferencesTests.Normalize_rejects_out_of_range_and_returns_default" computerName="LAB-WIN-01" duration="00:00:00.0002001" startTime="2026-08-10T13:47:40.0211678+08:00" endTime="2026-08-10T13:47:40.0211682+08:00" testType="13cdc9d9-ddb5-4fa4-a97d-d965ccfc6d4b" outcome="Passed" testListId="8c84fa94-04c1-424b-9868-57a2d4851a1d" relativeResultsDirectory="9d16c20c-f26c-4f22-961f-f9e2a60ad8d2" />
    <UnitTestResult executionId="a81b1390-e393-45aa-a334-dfae66de562c" testId="0780cb31-2882-47d6-be7c-15019580ca28" testName="MesIngest.Tests.PaginatedDemandApiTests.List_demand_id_supports_exact_and_hex_prefix_and_rejects_illegal_input" computerName="LAB-WIN-01" duration="00:00:00.1344137" startTime="2026-08-10T13:47:43.5432797+08:00" endTime="2026-08-10T13:47:43.5432806+08:00" testType="13cdc9d9-ddb5-4fa4-a97d-d965ccfc6d4b" outcome="Passed" testListId="8c84fa94-04c1-424b-9868-57a2d4851a1d" relativeResultsDirectory="a81b1390-e393-45aa-a334-dfae66de562c" />
    <UnitTestResult executionId="8bf94264-82a2-472e-835e-32bb29afc6aa" testId="d32ac0c9-fac9-130a-ee87-f144af692bc0" testName="MesIngest.Tests.TransportDemandReconcilerTests.Restart_barrier_round_does_not_increment_disappear_or_mark_gone_for_absent_keys" computerName="LAB-WIN-01" duration="00:00:00.0004276" startTime="2026-08-10T13:47:40.0309132+08:00" endTime="2026-08-10T13:47:40.0309132+08:00" testType="13cdc9d9-ddb5-4fa4-a97d-d965ccfc6d4b" outcome="Passed" testListId="8c84fa94-04c1-424b-9868-57a2d4851a1d" relativeResultsDirectory="8bf94264-82a2-472e-835e-32bb29afc6aa" />
    <UnitTestResult executionId="38fd1ad5-de64-475c-815e-438e0623262e" testId="27c09c88-5579-317c-ff28-8aa986d2e370" testName="MesIngest.Tests.AlertIncidentSyncTests.Poll_duration_change_does_not_split_incident" computerName="LAB-WIN-01" duration="00:00:00.0006095" startTime="2026-08-10T13:47:40.0736577+08:00" endTime="2026-08-10T13:47:40.0736579+08:00" testType="13cdc9d9-ddb5-4fa4-a97d-d965ccfc6d4b" outcome="Passed" testListId="8c84fa94-04c1-424b-9868-57a2d4851a1d" relativeResultsDirectory="38fd1ad5-de64-475c-815e-438e0623262e" />
    <UnitTestResult executionId="2217568f-fecf-4dd5-a18b-578ec622bcad" testId="24c19a0c-f497-bc29-2e85-a8a0a2e19dc3" testName="MesIngest.Tests.WatchAutoRefreshScheduleTests.Unsupported_intervals_are_rejected(intervalSeconds: 9)" computerName="LAB-WIN-01" duration="00:00:00.0000846" startTime="2026-08-10T13:47:39.9528569+08:00" endTime="2026-08-10T13:47:39.9528570+08:00" testType="13cdc9d9-ddb5-4fa4-a97d-d965ccfc6d4b" outcome="Passed" testListId="8c84fa94-04c1-424b-9868-57a2d4851a1d" relativeResultsDirectory="2217568f-fecf-4dd5-a18b-578ec622bcad" />
    <UnitTestResult executionId="4d1d1edc-bbc9-4107-9876-483a4668edd4" testId="0e44108a-bda8-da1a-5905-9e1f950a872a" testName="MesIngest.Tests.ReadApiContractTests.List_filters_demands_by_visible_or_gone_status" computerName="LAB-WIN-01" duration="00:00:00.1353780" startTime="2026-08-10T13:47:43.5579199+08:00" endTime="2026-08-10T13:47:43.5579206+08:00" testType="13cdc9d9-ddb5-4fa4-a97d-d965ccfc6d4b" outcome="Passed" testListId="8c84fa94-04c1-424b-9868-57a2d4851a1d" relativeResultsDirectory="4d1d1edc-bbc9-4107-9876-483a4668edd4" />
    <UnitTestResult executionId="69852c4f-f8d1-46af-9b20-323d6c2f31a9" testId="d2c66d23-64fe-bae9-7102-35fd0f24101e" testName="MesIngest.Tests.WatchGridClipboardTests.Formats_empty_string_as_empty_not_null_literal" computerName="LAB-WIN-01" duration="00:00:00.0003126" startTime="2026-08-10T13:47:39.9277600+08:00" endTime="2026-08-10T13:47:39.9277602+08:00" testType="13cdc9d9-ddb5-4fa4-a97d-d965ccfc6d4b" outcome="Passed" testListId="8c84fa94-04c1-424b-9868-57a2d4851a1d" relativeResultsDirectory="69852c4f-f8d1-46af-9b20-323d6c2f31a9" />
    <UnitTestResult executionId="1763036e-66ef-47b1-a595-694c35e40f70" testId="1127833d-612f-b0e9-5045-a6ccc5f6a0c2" testName="MesIngest.Tests.WatchLayoutPreferencesTests.Incompatible_or_out_of_bounds_layout_falls_back_atomically(json: &quot;{\&quot;version\&quot;:1,\&quot;windowWidth\&quot;:200,\&quot;windowHeight\&quot;...)" computerName="LAB-WIN-01" duration="00:00:00.0180271" startTime="2026-08-10T13:47:39.8951650+08:00" endTime="2026-08-10T13:47:39.8951651+08:00" testType="13cdc9d9-ddb5-4fa4-a97d-d965ccfc6d4b" outcome="Passed" testListId="8c84fa94-04c1-424b-9868-57a2d4851a1d" relativeResultsDirectory="1763036e-66ef-47b1-a595-694c35e40f70" />
    <UnitTestResult executionId="f7911e13-6298-4697-9eb1-f2701d837b90" testId="8a798e55-8c32-d677-90ee-407fe262ef83" testName="MesIngest.Tests.AlertVisibleColumnSortHttpTests.Host_pages_all_visible_alert_columns_without_gaps_or_duplicates(sortBy: &quot;alertId&quot;, direction: &quot;desc&quot;, expectedAlertIds: [&quot;a5&quot;, &quot;a4&quot;, &quot;a3&quot;, &quot;a2&quot;, &quot;a1&quot;])" computerName="LAB-WIN-01" duration="00:00:00.0714793" startTime="2026-08-10T13:47:43.6985069+08:00" endTime="2026-08-10T13:47:43.6985073+08:00" testType="13cdc9d9-ddb5-4fa4-a97d-d965ccfc6d4b" outcome="Passed" testListId="8c84fa94-04c1-424b-9868-57a2d4851a1d" relativeResultsDirectory="f7911e13-6298-4697-9eb1-f2701d837b90" />
    <UnitTestResult executionId="93be002e-2396-4459-b625-91cca9d00822" testId="8145b1d7-d864-9a92-0f9b-ff895febc22a" testName="MesIngest.Tests.ListenBindingPolicyTests.Localhost_urls_do_not_require_shared_secret(urls: &quot;http://[::1]:5088&quot;)" computerName="LAB-WIN-01" duration="00:00:00.0016352" startTime="2026-08-10T13:47:39.8604341+08:00" endTime="2026-08-10T13:47:39.8604342+08:00" testType="13cdc9d9-ddb5-4fa4-a97d-d965ccfc6d4b" outcome="Passed" testListId="8c84fa94-04c1-424b-9868-57a2d4851a1d" relativeResultsDirectory="93be002e-2396-4459-b625-91cca9d00822" />
    <UnitTestResult executionId="e63e8a17-119f-4767-8c9d-525da76e7ddf" testId="94c676ce-dbb7-5fde-c17a-91b9f0e92e49" testName="MesIngest.Tests.UnifiedWatchEventTests.Filter_keeps_only_selected_source" computerName="LAB-WIN-01" duration="00:00:00.0040697" startTime="2026-08-10T13:47:39.9447740+08:00" endTime="2026-08-10T13:47:39.9447741+08:00" testType="13cdc9d9-ddb5-4fa4-a97d-d965ccfc6d4b" outcome="Passed" testListId="8c84fa94-04c1-424b-9868-57a2d4851a1d" relativeResultsDirectory="e63e8a17-119f-4767-8c9d-525da76e7ddf" />
    <UnitTestResult executionId="488f34d0-a9ea-4af9-b3d1-4283effb402e" testId="a8857794-45d8-fcba-dbc0-e88e3abb385f" testName="MesIngest.Tests.FactoryValidationPackTests.Factory_validation_collector_covers_ticket_15_read_only_measurements" computerName="LAB-WIN-01" duration="00:00:00.0007537" startTime="2026-08-10T13:47:39.8998126+08:00" endTime="2026-08-10T13:47:39.8998127+08:00" testType="13cdc9d9-ddb5-4fa4-a97d-d965ccfc6d4b" outcome="Passed" testListId="8c84fa94-04c1-424b-9868-57a2d4851a1d" relativeResultsDirectory="488f34d0-a9ea-4af9-b3d1-4283effb402e" />
    <UnitTestResult executionId="512ccb12-dc2a-45ac-9f20-84849a23063e" testId="6fa03705-9976-6706-c1a0-5096b9f903a8" testName="MesIngest.Tests.WatchTimeDisplayTests.Formats_pacific_summer_time_with_dst_offset" computerName="LAB-WIN-01" duration="00:00:00.0023471" startTime="2026-08-10T13:47:39.8489165+08:00" endTime="2026-08-10T13:47:39.8489167+08:00" testType="13cdc9d9-ddb5-4fa4-a97d-d965ccfc6d4b" outcome="Passed" testListId="8c84fa94-04c1-424b-9868-57a2d4851a1d" relativeResultsDirectory="512ccb12-dc2a-45ac-9f20-84849a23063e" />
    <UnitTestResult executionId="d4961ddc-7d5c-4a1f-b6ac-21a1c3619941" testId="663dd7f7-c115-49ad-2eb3-a6b9b87cff32" testName="MesIngest.Tests.WatchGridClipboardTests.Escapes_tab_and_newline_inside_cell_for_tsv" computerName="LAB-WIN-01" duration="00:00:00.0001406" startTime="2026-08-10T13:47:39.9284088+08:00" endTime="2026-08-10T13:47:39.9284090+08:00" testType="13cdc9d9-ddb5-4fa4-a97d-d965ccfc6d4b" outcome="Passed" testListId="8c84fa94-04c1-424b-9868-57a2d4851a1d" relativeResultsDirectory="d4961ddc-7d5c-4a1f-b6ac-21a1c3619941" />
    <UnitTestResult executionId="9dca9be9-84ef-4d23-9b47-9ea7db3f39f2" testId="0af63871-c1bc-2aa8-2c26-44de242b40bf" testName="MesIngest.Tests.AlertVisibleColumnSortHttpTests.Host_pages_all_visible_alert_columns_without_gaps_or_duplicates(sortBy: &quot;lastSeenAt&quot;, direction: &quot;desc&quot;, expectedAlertIds: [&quot;a1&quot;, &quot;a5&quot;, &quot;a2&quot;, &quot;a4&quot;, &quot;a3&quot;])" computerName="LAB-WIN-01" duration="00:00:00.2156969" startTime="2026-08-10T13:47:41.9405689+08:00" endTime="2026-08-10T13:47:41.9405694+08:00" testType="13cdc9d9-ddb5-4fa4-a97d-d965ccfc6d4b" outcome="Passed" testListId="8c84fa94-04c1-424b-9868-57a2d4851a1d" relativeResultsDirectory="9dca9be9-84ef-4d23-9b47-9ea7db3f39f2" />
    <UnitTestResult executionId="ae4154d7-9ec9-423a-8fcb-c97a792494bd" testId="083971a8-f54b-ba6e-fbbb-3b4675826d9b" testName="MesIngest.Tests.UnifiedWatchEventTests.FromAlert_sets_host_source_label" computerName="LAB-WIN-01" duration="00:00:00.0005842" startTime="2026-08-10T13:47:39.9449145+08:00" endTime="2026-08-10T13:47:39.9449146+08:00" testType="13cdc9d9-ddb5-4fa4-a97d-d965ccfc6d4b" outcome="Passed" testListId="8c84fa94-04c1-424b-9868-57a2d4851a1d" relativeResultsDirectory="ae4154d7-9ec9-423a-8fcb-c97a792494bd" />
    <UnitTestResult executionId="3abbd4ca-0217-43dc-b806-f6abd637a8d1" testId="758d51ea-2c93-217c-3d25-6f57dde4caf8" testName="MesIngest.Tests.DemandListPagingTieBreakTests.QueryPage_desc_identical_primary_covers_all_allow_list_columns(sortBy: Status)" computerName="LAB-WIN-01" duration="00:00:00.0006438" startTime="2026-08-10T13:47:40.0489132+08:00" endTime="2026-08-10T13:47:40.0489135+08:00" testType="13cdc9d9-ddb5-4fa4-a97d-d965ccfc6d4b" outcome="Passed" testListId="8c84fa94-04c1-424b-9868-57a2d4851a1d" relativeResultsDirectory="3abbd4ca-0217-43dc-b806-f6abd637a8d1" />
    <UnitTestResult executionId="9748d792-4646-4e3f-a8d7-e06001b93d6d" testId="7c5437a5-b8ec-645b-3c7c-d56fdccb8751" testName="MesIngest.Tests.TransportDemandReconcilerTests.Successful_absence_increments_disappear_count_and_marks_gone_at_threshold" computerName="LAB-WIN-01" duration="00:00:00.0007785" startTime="2026-08-10T13:47:39.9609466+08:00" endTime="2026-08-10T13:47:39.9609467+08:00" testType="13cdc9d9-ddb5-4fa4-a97d-d965ccfc6d4b" outcome="Passed" testListId="8c84fa94-04c1-424b-9868-57a2d4851a1d" relativeResultsDirectory="9748d792-4646-4e3f-a8d7-e06001b93d6d" />
    <UnitTestResult executionId="87c3271b-4056-465a-ac4b-54e110d7e7db" testId="edea1651-4f01-60c6-6fe8-1c90c48a588e" testName="MesIngest.Tests.DemandChangeFeedStoreTests.QueryChangeFeed_expired_cursor_throws_sync_cursor_expired" computerName="LAB-WIN-01" duration="00:00:00.0018369" startTime="2026-08-10T13:47:39.8810763+08:00" endTime="2026-08-10T13:47:39.8810767+08:00" testType="13cdc9d9-ddb5-4fa4-a97d-d965ccfc6d4b" outcome="Passed" testListId="8c84fa94-04c1-424b-9868-57a2d4851a1d" relativeResultsDirectory="87c3271b-4056-465a-ac4b-54e110d7e7db" />
    <UnitTestResult executionId="4d18766b-6152-4418-a259-aa2077d01d78" testId="ef80b444-85f0-9b3c-50b8-6ebd4bbea04a" testName="MesIngest.Tests.WatchDemandBrowseTests.Client_parses_demand_page_envelope_and_sends_browse_query" computerName="LAB-WIN-01" duration="00:00:00.0026998" startTime="2026-08-10T13:47:41.5292627+08:00" endTime="2026-08-10T13:47:41.5292640+08:00" testType="13cdc9d9-ddb5-4fa4-a97d-d965ccfc6d4b" outcome="Passed" testListId="8c84fa94-04c1-424b-9868-57a2d4851a1d" relativeResultsDirectory="4d18766b-6152-4418-a259-aa2077d01d78" />
    <UnitTestResult executionId="a824d79f-b024-4ef3-bcc9-cb91ff48a6b3" testId="4ab555ac-fdd9-26f3-aa38-3aa47e4ec7aa" testName="MesIngest.Tests.WatchDemandSessionTests.Successful_query_commits_normalized_filters_and_returns_to_page_one" computerName="LAB-WIN-01" duration="00:00:00.0016607" startTime="2026-08-10T13:47:40.4427721+08:00" endTime="2026-08-10T13:47:40.4427724+08:00" testType="13cdc9d9-ddb5-4fa4-a97d-d965ccfc6d4b" outcome="Passed" testListId="8c84fa94-04c1-424b-9868-57a2d4851a1d" relativeResultsDirectory="a824d79f-b024-4ef3-bcc9-cb91ff48a6b3" />
    <UnitTestResult executionId="4f41841f-e0cd-4067-8774-41acdbb99830" testId="00840f09-bb5b-bf8c-98fc-c4e5bed058ff" testName="MesIngest.Tests.WatchRefreshStateTests.Failure_context_keeps_transport_details_with_last_success_and_staleness" computerName="LAB-WIN-01" duration="00:00:00.0005518" startTime="2026-08-10T13:47:40.0618041+08:00" endTime="2026-08-10T13:47:40.0618042+08:00" testType="13cdc9d9-ddb5-4fa4-a97d-d965ccfc6d4b" outcome="Passed" testListId="8c84fa94-04c1-424b-9868-57a2d4851a1d" relativeResultsDirectory="4f41841f-e0cd-4067-8774-41acdbb99830" />
    <UnitTestResult executionId="e3e7cb9b-7b96-41b1-8afd-17a8888daf75" testId="e2d48d21-2a36-b8e7-4516-e062bdb9dc91" testName="MesIngest.Tests.LatencyTelemetryTests.Watch_latency_file_telemetry_enforces_log_retention_by_age" computerName="LAB-WIN-01" duration="00:00:00.1207367" startTime="2026-08-10T13:47:40.6499457+08:00" endTime="2026-08-10T13:47:40.6499458+08:00" testType="13cdc9d9-ddb5-4fa4-a97d-d965ccfc6d4b" outcome="Passed" testListId="8c84fa94-04c1-424b-9868-57a2d4851a1d" relativeResultsDirectory="e3e7cb9b-7b96-41b1-8afd-17a8888daf75" />
    <UnitTestResult executionId="62024f22-6a4a-419a-b026-d042b81cd001" testId="cc706109-f51b-09db-abf8-8bbd2aee70dd" testName="MesIngest.Tests.WatchBannerProjectionTests.Fetch_error_key_stays_stable_when_elapsed_and_correlation_change" computerName="LAB-WIN-01" duration="00:00:00.0001890" startTime="2026-08-10T13:47:39.8521791+08:00" endTime="2026-08-10T13:47:39.8521792+08:00" testType="13cdc9d9-ddb5-4fa4-a97d-d965ccfc6d4b" outcome="Passed" testListId="8c84fa94-04c1-424b-9868-57a2d4851a1d" relativeResultsDirectory="62024f22-6a4a-419a-b026-d042b81cd001" />
    <UnitTestResult executionId="044a2dbf-2c9a-42c5-91b0-7970a18dafef" testId="7069b392-67f7-7c24-b358-843f69a23d96" testName="MesIngest.Tests.AlertIncidentSyncTests.Paused_recovery_streak_change_keeps_same_incident" computerName="LAB-WIN-01" duration="00:00:00.0006927" startTime="2026-08-10T13:47:40.0744842+08:00" endTime="2026-08-10T13:47:40.0744843+08:00" testType="13cdc9d9-ddb5-4fa4-a97d-d965ccfc6d4b" outcome="Passed" testListId="8c84fa94-04c1-424b-9868-57a2d4851a1d" relativeResultsDirectory="044a2dbf-2c9a-42c5-91b0-7970a18dafef" />
    <UnitTestResult executionId="86775b9b-9429-4b69-bc52-353e77f2dbaf" testId="46b8ba75-e50f-22b6-cc79-e559c94d78db" testName="MesIngest.Tests.PaginatedDemandApiTests.List_supports_dates_range_filter" computerName="LAB-WIN-01" duration="00:00:00.2047329" startTime="2026-08-10T13:47:41.9294266+08:00" endTime="2026-08-10T13:47:41.9294270+08:00" testType="13cdc9d9-ddb5-4fa4-a97d-d965ccfc6d4b" outcome="Passed" testListId="8c84fa94-04c1-424b-9868-57a2d4851a1d" relativeResultsDirectory="86775b9b-9429-4b69-bc52-353e77f2dbaf" />
    <UnitTestResult executionId="4a93cd5c-4899-418b-97fb-7f94ef1816d8" testId="a71ee137-4309-65cc-1d3e-e8d1ba2e656e" testName="MesIngest.Tests.WatchConnectionEventJournalTests.Size_cap_deletes_oldest_files_first" computerName="LAB-WIN-01" duration="00:00:00.0848996" startTime="2026-08-10T13:47:41.4903349+08:00" endTime="2026-08-10T13:47:41.4903360+08:00" testType="13cdc9d9-ddb5-4fa4-a97d-d965ccfc6d4b" outcome="Passed" testListId="8c84fa94-04c1-424b-9868-57a2d4851a1d" relativeResultsDirectory="4a93cd5c-4899-418b-97fb-7f94ef1816d8" />
    <UnitTestResult executionId="0b13931d-a413-46bf-86c8-8bad3d7b4c36" testId="67943e59-7c9c-bdea-2b4b-eb4ca2bd5c29" testName="MesIngest.Tests.SqlServerTransportDemandStoreTests.ReplaceState_commits_projection_and_alerts_atomically" computerName="LAB-WIN-01" duration="00:00:00.0010000" startTime="2026-08-10T13:47:44.8140139+08:00" endTime="2026-08-10T13:47:44.8140140+08:00" testType="13cdc9d9-ddb5-4fa4-a97d-d965ccfc6d4b" outcome="NotExecuted" testListId="8c84fa94-04c1-424b-9868-57a2d4851a1d" relativeResultsDirectory="0b13931d-a413-46bf-86c8-8bad3d7b4c36">
      <Output>
        <StdOut>SQL Server unavailable (set MES_INGEST_SQLSERVER or enable LocalDB)</StdOut>
      </Output>
    </UnitTestResult>
    <UnitTestResult executionId="9d4625ec-6cd3-4a81-a889-1c9340e59437" testId="0e1a754a-d36c-75fd-6aaa-0c633b0036bd" testName="MesIngest.Tests.PaginatedDemandApiTests.List_gone_defaults_to_recent_24h_window_and_allows_explicit_widen" computerName="LAB-WIN-01" duration="00:00:00.1679449" startTime="2026-08-10T13:47:43.1263766+08:00" endTime="2026-08-10T13:47:43.1263777+08:00" testType="13cdc9d9-ddb5-4fa4-a97d-d965ccfc6d4b" outcome="Passed" testListId="8c84fa94-04c1-424b-9868-57a2d4851a1d" relativeResultsDirectory="9d4625ec-6cd3-4a81-a889-1c9340e59437" />
    <UnitTestResult executionId="ef3d8504-0916-445d-8488-9d7d209d0650" testId="15c92e9e-9b09-cf49-23b1-c53c85755c03" testName="MesIngest.Tests.WatchDemandSessionTests.Current_page_refresh_replaces_selected_demand_details_with_the_new_row" computerName="LAB-WIN-01" duration="00:00:00.0018416" startTime="2026-08-10T13:47:40.4398048+08:00" endTime="2026-08-10T13:47:40.4398051+08:00" testType="13cdc9d9-ddb5-4fa4-a97d-d965ccfc6d4b" outcome="Passed" testListId="8c84fa94-04c1-424b-9868-57a2d4851a1d" relativeResultsDirectory="ef3d8504-0916-445d-8488-9d7d209d0650" />
    <UnitTestResult executionId="d9fd26a3-9d80-4bf8-9f19-90ab67b35e4f" testId="2c15602a-148e-8339-34fb-46fbd0372ab9" testName="MesIngest.Tests.WatchGridClipboardTests.Context_menu_headers_preserve_view_details_with_clipboard_actions" computerName="LAB-WIN-01" duration="00:00:00.0003115" startTime="2026-08-10T13:47:39.9268506+08:00" endTime="2026-08-10T13:47:39.9268508+08:00" testType="13cdc9d9-ddb5-4fa4-a97d-d965ccfc6d4b" outcome="Passed" testListId="8c84fa94-04c1-424b-9868-57a2d4851a1d" relativeResultsDirectory="d9fd26a3-9d80-4bf8-9f19-90ab67b35e4f" />
    <UnitTestResult executionId="3d640032-1863-4fa9-9ae8-55d1f293d937" testId="b81474db-059b-4163-74e1-88453c4291e5" testName="MesIngest.Tests.SingleFlightPollLoopTests.Runs_rounds_sequentially_never_overlapping" computerName="LAB-WIN-01" duration="00:00:00.2420843" startTime="2026-08-10T13:47:40.7779674+08:00" endTime="2026-08-10T13:47:40.7779675+08:00" testType="13cdc9d9-ddb5-4fa4-a97d-d965ccfc6d4b" outcome="Passed" testListId="8c84fa94-04c1-424b-9868-57a2d4851a1d" relativeResultsDirectory="3d640032-1863-4fa9-9ae8-55d1f293d937" />
    <UnitTestResult executionId="1b54ca30-6d67-4b9b-a18e-fa4da47e702e" testId="e7f1a167-9740-71da-8980-ee0a3896dc36" testName="MesIngest.Tests.TransportDemandReconcilerTests.Unparseable_area_still_creates_visible_demand_with_location_risk_signal" computerName="LAB-WIN-01" duration="00:00:00.0003493" startTime="2026-08-10T13:47:39.9898410+08:00" endTime="2026-08-10T13:47:39.9898410+08:00" testType="13cdc9d9-ddb5-4fa4-a97d-d965ccfc6d4b" outcome="Passed" testListId="8c84fa94-04c1-424b-9868-57a2d4851a1d" relativeResultsDirectory="1b54ca30-6d67-4b9b-a18e-fa4da47e702e" />
    <UnitTestResult executionId="401dc7ef-b795-44df-8f9b-3bb531bd4cd8" testId="a62ed287-ee53-46c9-5fae-526032efebb3" testName="MesIngest.Tests.WatchBrowseSessionTests.Alert_sort_change_requests_host_with_sortBy_not_local_order" computerName="LAB-WIN-01" duration="00:00:00.0022502" startTime="2026-08-10T13:47:39.9235803+08:00" endTime="2026-08-10T13:47:39.9235805+08:00" testType="13cdc9d9-ddb5-4fa4-a97d-d965ccfc6d4b" outcome="Passed" testListId="8c84fa94-04c1-424b-9868-57a2d4851a1d" relativeResultsDirectory="401dc7ef-b795-44df-8f9b-3bb531bd4cd8" />
    <UnitTestResult executionId="465bcf43-0eeb-4476-8368-68ffeb7ad3e2" testId="ccef287c-3f07-3463-2f6c-40a8ea5b9073" testName="MesIngest.Tests.WatchOptionsLoaderTests.RequestTimeoutSeconds_defaults_to_thirty" computerName="LAB-WIN-01" duration="00:00:00.0001925" startTime="2026-08-10T13:47:39.8577618+08:00" endTime="2026-08-10T13:47:39.8577619+08:00" testType="13cdc9d9-ddb5-4fa4-a97d-d965ccfc6d4b" outcome="Passed" testListId="8c84fa94-04c1-424b-9868-57a2d4851a1d" relativeResultsDirectory="465bcf43-0eeb-4476-8368-68ffeb7ad3e2" />
    <UnitTestResult executionId="13aad110-4cd9-4263-bb65-c4c33d44543f" testId="e555b5e5-af40-fe32-f297-e8bbb39f787d" testName="MesIngest.Tests.LatencyTelemetryTests.Watch_timeout_records_failure_stage_in_telemetry_sink" computerName="LAB-WIN-01" duration="00:00:00.0396315" startTime="2026-08-10T13:47:41.4095074+08:00" endTime="2026-08-10T13:47:41.4095078+08:00" testType="13cdc9d9-ddb5-4fa4-a97d-d965ccfc6d4b" outcome="Passed" testListId="8c84fa94-04c1-424b-9868-57a2d4851a1d" relativeResultsDirectory="13aad110-4cd9-4263-bb65-c4c33d44543f" />
    <UnitTestResult executionId="7ef3e0b8-aecc-4f80-928c-acf1e9b34feb" testId="0c9e485d-2ad6-1eb2-2f53-421a372997b6" testName="MesIngest.Tests.AlertListQueryParserTests.TryParseSortBy_accepts_alert_allow_list(raw: &quot;sublot&quot;, expected: Sublot)" computerName="LAB-WIN-01" duration="00:00:00.0000027" startTime="2026-08-10T13:47:39.9436061+08:00" endTime="2026-08-10T13:47:39.9436061+08:00" testType="13cdc9d9-ddb5-4fa4-a97d-d965ccfc6d4b" outcome="Passed" testListId="8c84fa94-04c1-424b-9868-57a2d4851a1d" relativeResultsDirectory="7ef3e0b8-aecc-4f80-928c-acf1e9b34feb" />
    <UnitTestResult executionId="66b65960-9b1b-4c04-aa39-d8fe70492131" testId="b7af1cd7-7d5c-0a54-8e2f-adcfd6546d3c" testName="MesIngest.Tests.WatchV2ShellTests.Applying_host_persists_address_timeout_and_only_the_external_credential_reference" computerName="LAB-WIN-01" duration="00:00:00.3181411" startTime="2026-08-10T13:47:43.1712418+08:00" endTime="2026-08-10T13:47:43.1712422+08:00" testType="13cdc9d9-ddb5-4fa4-a97d-d965ccfc6d4b" outcome="Passed" testListId="8c84fa94-04c1-424b-9868-57a2d4851a1d" relativeResultsDirectory="66b65960-9b1b-4c04-aa39-d8fe70492131" />
    <UnitTestResult executionId="770391ff-45e1-4c2d-b62b-8a8d428ec97c" testId="e9d819f2-9159-85dd-200c-40fccd0944c0" testName="MesIngest.Tests.PaginatedDemandApiTests.List_supports_combined_filters_and_allow_list_sort" computerName="LAB-WIN-01" duration="00:00:01.5528023" startTime="2026-08-10T13:47:41.4791253+08:00" endTime="2026-08-10T13:47:41.4791256+08:00" testType="13cdc9d9-ddb5-4fa4-a97d-d965ccfc6d4b" outcome="Passed" testListId="8c84fa94-04c1-424b-9868-57a2d4851a1d" relativeResultsDirectory="770391ff-45e1-4c2d-b62b-8a8d428ec97c" />
    <UnitTestResult executionId="00b1a34f-092a-47b1-a51e-86ca2f6125e8" testId="7f127dc9-08e8-4d80-624d-267a5ce31f54" testName="MesIngest.Tests.InMemoryTransportDemandStoreConcurrencyTests.Concurrent_readers_see_demand_created_feed_and_alert_write_boundary" computerName="LAB-WIN-01" duration="00:00:00.7988757" startTime="2026-08-10T13:47:42.1573460+08:00" endTime="2026-08-10T13:47:42.1573464+08:00" testType="13cdc9d9-ddb5-4fa4-a97d-d965ccfc6d4b" outcome="Passed" testListId="8c84fa94-04c1-424b-9868-57a2d4851a1d" relativeResultsDirectory="00b1a34f-092a-47b1-a51e-86ca2f6125e8" />
    <UnitTestResult executionId="5c253e1a-2b14-47d6-97d2-bf9239012fc4" testId="81591393-a4da-6e68-3fd4-54a694689adb" testName="MesIngest.Tests.MainWindowStartupTests.MainWindow_attaches_clipboard_copy_to_both_grids" computerName="LAB-WIN-01" duration="00:00:00.3034496" startTime="2026-08-10T13:47:42.6368363+08:00" endTime="2026-08-10T13:47:42.6368367+08:00" testType="13cdc9d9-ddb5-4fa4-a97d-d965ccfc6d4b" outcome="Passed" testListId="8c84fa94-04c1-424b-9868-57a2d4851a1d" relativeResultsDirectory="5c253e1a-2b14-47d6-97d2-bf9239012fc4" />
    <UnitTestResult executionId="9947a5bf-a723-4207-b686-699ca17d2d2d" testId="121decdd-8d44-920f-9ac3-8ec03f4aab01" testName="MesIngest.Tests.TransportDemandReconcilerTests.Zero_drop_below_enter_threshold_still_increments_disappear" computerName="LAB-WIN-01" duration="00:00:00.0005785" startTime="2026-08-10T13:47:39.9590346+08:00" endTime="2026-08-10T13:47:39.9590347+08:00" testType="13cdc9d9-ddb5-4fa4-a97d-d965ccfc6d4b" outcome="Passed" testListId="8c84fa94-04c1-424b-9868-57a2d4851a1d" relativeResultsDirectory="9947a5bf-a723-4207-b686-699ca17d2d2d" />
    <UnitTestResult executionId="f1479cbb-a748-466e-af08-ba5582e99f0d" testId="79d9747f-c7cb-62f2-c5e5-255d3ef0144f" testName="MesIngest.Tests.WatchLayoutPreferencesTests.Default_file_path_is_under_local_app_data_not_host_config" computerName="LAB-WIN-01" duration="00:00:00.0001774" startTime="2026-08-10T13:47:39.9982661+08:00" endTime="2026-08-10T13:47:39.9982662+08:00" testType="13cdc9d9-ddb5-4fa4-a97d-d965ccfc6d4b" outcome="Passed" testListId="8c84fa94-04c1-424b-9868-57a2d4851a1d" relativeResultsDirectory="f1479cbb-a748-466e-af08-ba5582e99f0d" />
    <UnitTestResult executionId="0f958bf2-72b8-46b4-ae72-f4d23f6ef322" testId="fb03f629-280e-e0e5-419c-e3b89f5b8860" testName="MesIngest.Tests.LatencyTelemetryTests.Sql_store_observer_records_query_write_and_transaction_stages" computerName="LAB-WIN-01" duration="00:00:00.0132369" startTime="2026-08-10T13:47:41.4310819+08:00" endTime="2026-08-10T13:47:41.4310821+08:00" testType="13cdc9d9-ddb5-4fa4-a97d-d965ccfc6d4b" outcome="Passed" testListId="8c84fa94-04c1-424b-9868-57a2d4851a1d" relativeResultsDirectory="0f958bf2-72b8-46b4-ae72-f4d23f6ef322" />
    <UnitTestResult executionId="d2db07fa-4779-4972-88a1-9c08029f8e78" testId="fcbaa172-ed6d-2511-e0ee-de0f48cc0407" testName="MesIngest.Tests.WatchOverviewStateTests.Fast_cards_commit_while_another_overview_resource_is_still_waiting" computerName="LAB-WIN-01" duration="00:00:00.6756991" startTime="2026-08-10T13:47:41.3596962+08:00" endTime="2026-08-10T13:47:41.3596963+08:00" testType="13cdc9d9-ddb5-4fa4-a97d-d965ccfc6d4b" outcome="Passed" testListId="8c84fa94-04c1-424b-9868-57a2d4851a1d" relativeResultsDirectory="d2db07fa-4779-4972-88a1-9c08029f8e78" />
    <UnitTestResult executionId="56769476-0cee-452a-b11f-a4254bee9d05" testId="4aeedd95-1305-bfe1-76f2-99abefa72080" testName="MesIngest.Tests.AlertDetailsProjectionTests.Null_details_yields_empty_structured_projection" computerName="LAB-WIN-01" duration="00:00:00.0002310" startTime="2026-08-10T13:47:39.9089776+08:00" endTime="2026-08-10T13:47:39.9089777+08:00" testType="13cdc9d9-ddb5-4fa4-a97d-d965ccfc6d4b" outcome="Passed" testListId="8c84fa94-04c1-424b-9868-57a2d4851a1d" relativeResultsDirectory="56769476-0cee-452a-b11f-a4254bee9d05" />
    <UnitTestResult executionId="8097d8a7-8085-409e-b4aa-1caf7e5a5eab" testId="9ab2ee15-7702-60ae-d078-20ac170ce731" testName="MesIngest.Tests.ReadApiContractTests.Read_api_has_no_write_command_endpoints" computerName="LAB-WIN-01" duration="00:00:00.0939594" startTime="2026-08-10T13:47:43.6521184+08:00" endTime="2026-08-10T13:47:43.6521188+08:00" testType="13cdc9d9-ddb5-4fa4-a97d-d965ccfc6d4b" outcome="Passed" testListId="8c84fa94-04c1-424b-9868-57a2d4851a1d" relativeResultsDirectory="8097d8a7-8085-409e-b4aa-1caf7e5a5eab" />
    <UnitTestResult executionId="e17e799d-05f4-4fbe-a23d-781d9094d40d" testId="4cecac15-c7ac-568e-5f61-a01105ee2491" testName="MesIngest.Tests.WatchDemandDetailsTests.Projects_related_alerts_without_flattening_exact_and_business_key_relationships" computerName="LAB-WIN-01" duration="00:00:00.0028906" startTime="2026-08-10T13:47:40.0490948+08:00" endTime="2026-08-10T13:47:40.0490948+08:00" testType="13cdc9d9-ddb5-4fa4-a97d-d965ccfc6d4b" outcome="Passed" testListId="8c84fa94-04c1-424b-9868-57a2d4851a1d" relativeResultsDirectory="e17e799d-05f4-4fbe-a23d-781d9094d40d" />
    <UnitTestResult executionId="96f2f66b-35fd-4836-8a2b-4919440ce360" testId="1438884c-ebe9-9ff4-8a6e-fcc2ff39e1a2" testName="MesIngest.Tests.ReadApiSharedSecretAuthTests.Localhost_binding_allows_api_without_shared_secret" computerName="LAB-WIN-01" duration="00:00:00.8216452" startTime="2026-08-10T13:47:40.6555057+08:00" endTime="2026-08-10T13:47:40.6555057+08:00" testType="13cdc9d9-ddb5-4fa4-a97d-d965ccfc6d4b" outcome="Passed" testListId="8c84fa94-04c1-424b-9868-57a2d4851a1d" relativeResultsDirectory="96f2f66b-35fd-4836-8a2b-4919440ce360" />
    <UnitTestResult executionId="95a07a93-4be3-48fc-ad87-3776aab00660" testId="2a18660d-d87d-e2d7-c5ea-467d6bedd8e1" testName="MesIngest.Tests.TransportDemandReconcilerTests.Second_successful_snapshot_does_not_overwrite_frozen_fields_for_still_visible_key" computerName="LAB-WIN-01" duration="00:00:00.0062520" startTime="2026-08-10T13:47:39.9981209+08:00" endTime="2026-08-10T13:47:39.9981212+08:00" testType="13cdc9d9-ddb5-4fa4-a97d-d965ccfc6d4b" outcome="Passed" testListId="8c84fa94-04c1-424b-9868-57a2d4851a1d" relativeResultsDirectory="95a07a93-4be3-48fc-ad87-3776aab00660" />
    <UnitTestResult executionId="0632052d-e660-4a34-ba0f-d11e48e26369" testId="4b78f358-35e6-8970-8ac2-a206722adca4" testName="MesIngest.Tests.AlertDetailViewModelTests.Reappear_exposes_previous_gone_and_new_visible_demand_targets" computerName="LAB-WIN-01" duration="00:00:00.0009933" startTime="2026-08-10T13:47:39.8998366+08:00" endTime="2026-08-10T13:47:39.8998367+08:00" testType="13cdc9d9-ddb5-4fa4-a97d-d965ccfc6d4b" outcome="Passed" testListId="8c84fa94-04c1-424b-9868-57a2d4851a1d" relativeResultsDirectory="0632052d-e660-4a34-ba0f-d11e48e26369" />
    <UnitTestResult executionId="a61fb743-f19f-4a1d-a4c8-31fbb57fccf6" testId="c7527969-7f4d-d929-c3de-799f3395a86a" testName="MesIngest.Tests.MesIngestApiClientFetchTests.Timeout_on_demands_reports_endpoint_stage_elapsed_and_timeout" computerName="LAB-WIN-01" duration="00:00:00.0026286" startTime="2026-08-10T13:47:40.0439994+08:00" endTime="2026-08-10T13:47:40.0439996+08:00" testType="13cdc9d9-ddb5-4fa4-a97d-d965ccfc6d4b" outcome="Passed" testListId="8c84fa94-04c1-424b-9868-57a2d4851a1d" relativeResultsDirectory="a61fb743-f19f-4a1d-a4c8-31fbb57fccf6" />
    <UnitTestResult executionId="ede32ec4-42b0-4acd-8d03-59655aa872e7" testId="55409fbf-3330-892c-5adc-5396dbd12863" testName="MesIngest.Tests.TransportDemandStoreListOrderTests.Default_runner_clock_stamps_created_at_and_poll_health_in_utc" computerName="LAB-WIN-01" duration="00:00:00.0145305" startTime="2026-08-10T13:47:39.8586215+08:00" endTime="2026-08-10T13:47:39.8586216+08:00" testType="13cdc9d9-ddb5-4fa4-a97d-d965ccfc6d4b" outcome="Passed" testListId="8c84fa94-04c1-424b-9868-57a2d4851a1d" relativeResultsDirectory="ede32ec4-42b0-4acd-8d03-59655aa872e7" />
    <UnitTestResult executionId="2f29403c-c4e6-4a41-b020-50704ddc6b03" testId="cd589942-3142-a7cf-3996-567baf338341" testName="MesIngest.Tests.WatchLayoutPreferencesTests.Incompatible_or_out_of_bounds_layout_falls_back_atomically(json: &quot;{\&quot;version\&quot;:99,\&quot;windowWidth\&quot;:1440,\&quot;windowHeigh&quot;...)" computerName="LAB-WIN-01" duration="00:00:00.0054373" startTime="2026-08-10T13:47:39.9064014+08:00" endTime="2026-08-10T13:47:39.9064014+08:00" testType="13cdc9d9-ddb5-4fa4-a97d-d965ccfc6d4b" outcome="Passed" testListId="8c84fa94-04c1-424b-9868-57a2d4851a1d" relativeResultsDirectory="2f29403c-c4e6-4a41-b020-50704ddc6b03" />
    <UnitTestResult executionId="106eba30-58b1-47dd-9bbb-58dd5e04e7e3" testId="1350b3ae-b399-0884-11ed-0d551ccb3679" testName="MesIngest.Tests.AlertDetailWindowActionTests.Business_key_action_is_explicit_and_no_association_hides_all_navigation_actions" computerName="LAB-WIN-01" duration="00:00:00.0675312" startTime="2026-08-10T13:47:40.4148376+08:00" endTime="2026-08-10T13:47:40.4148379+08:00" testType="13cdc9d9-ddb5-4fa4-a97d-d965ccfc6d4b" outcome="Passed" testListId="8c84fa94-04c1-424b-9868-57a2d4851a1d" relativeResultsDirectory="106eba30-58b1-47dd-9bbb-58dd5e04e7e3" />
    <UnitTestResult executionId="cee9d42b-7fc5-45b9-bf64-69ae67885f67" testId="f7834954-43f6-d402-e7ac-06fcd402a4c0" testName="MesIngest.Tests.TransportDemandReconcilerTests.Zero_drop_does_not_enter_pause_when_post_baseline_count_is_non_zero" computerName="LAB-WIN-01" duration="00:00:00.0010973" startTime="2026-08-10T13:47:40.0279900+08:00" endTime="2026-08-10T13:47:40.0279904+08:00" testType="13cdc9d9-ddb5-4fa4-a97d-d965ccfc6d4b" outcome="Passed" testListId="8c84fa94-04c1-424b-9868-57a2d4851a1d" relativeResultsDirectory="cee9d42b-7fc5-45b9-bf64-69ae67885f67" />
    <UnitTestResult executionId="5c943bdc-be2b-4716-add0-9ebeb9979fd7" testId="d6e05e32-00b5-a996-5f41-16a4c185b97f" testName="MesIngest.Tests.AlertListQueryParserTests.TryParseSortBy_accepts_alert_allow_list(raw: &quot;lastSeenAt&quot;, expected: LastSeenAt)" computerName="LAB-WIN-01" duration="00:00:00.0000032" startTime="2026-08-10T13:47:39.9436868+08:00" endTime="2026-08-10T13:47:39.9436869+08:00" testType="13cdc9d9-ddb5-4fa4-a97d-d965ccfc6d4b" outcome="Passed" testListId="8c84fa94-04c1-424b-9868-57a2d4851a1d" relativeResultsDirectory="5c943bdc-be2b-4716-add0-9ebeb9979fd7" />
    <UnitTestResult executionId="aca9df9d-69d4-41ce-97c2-f9565890305a" testId="7a2de661-088a-433e-175c-18d6c66a5f42" testName="MesIngest.Tests.WatchBannerStateTests.Shows_fetch_failure_banner_when_http_client_reports_error" computerName="LAB-WIN-01" duration="00:00:00.0003022" startTime="2026-08-10T13:47:40.0420577+08:00" endTime="2026-08-10T13:47:40.0420579+08:00" testType="13cdc9d9-ddb5-4fa4-a97d-d965ccfc6d4b" outcome="Passed" testListId="8c84fa94-04c1-424b-9868-57a2d4851a1d" relativeResultsDirectory="aca9df9d-69d4-41ce-97c2-f9565890305a" />
    <UnitTestResult executionId="43f41a7c-2552-4354-8bd6-fe245b4a5d5e" testId="db4c8454-dc66-95a6-2799-83f526a3fe41" testName="MesIngest.Tests.IngestRoundRunnerTests.Incomplete_round_appends_poll_incomplete_alert_without_creating_visible" computerName="LAB-WIN-01" duration="00:00:00.0097462" startTime="2026-08-10T13:47:40.4543632+08:00" endTime="2026-08-10T13:47:40.4543635+08:00" testType="13cdc9d9-ddb5-4fa4-a97d-d965ccfc6d4b" outcome="Passed" testListId="8c84fa94-04c1-424b-9868-57a2d4851a1d" relativeResultsDirectory="43f41a7c-2552-4354-8bd6-fe245b4a5d5e" />
    <UnitTestResult executionId="0ee09adf-a3f0-41d1-9727-c5b0c6054e36" testId="483aec61-3eed-beca-bdcc-f789ed506f6f" testName="MesIngest.Tests.AlertListQueryParserTests.TryParseSortBy_accepts_alert_allow_list(raw: &quot;demandId&quot;, expected: DemandId)" computerName="LAB-WIN-01" duration="00:00:00.0000038" startTime="2026-08-10T13:47:39.9435539+08:00" endTime="2026-08-10T13:47:39.9435540+08:00" testType="13cdc9d9-ddb5-4fa4-a97d-d965ccfc6d4b" outcome="Passed" testListId="8c84fa94-04c1-424b-9868-57a2d4851a1d" relativeResultsDirectory="0ee09adf-a3f0-41d1-9727-c5b0c6054e36" />
    <UnitTestResult executionId="4651cf31-300a-4e8e-baad-c428fbebc9a6" testId="ec12936b-c6aa-53d6-de46-f21a7659c43a" testName="MesIngest.Tests.TransportDemandStoreListOrderTests.Append_alerts_without_created_at_stamps_utc" computerName="LAB-WIN-01" duration="00:00:00.0006458" startTime="2026-08-10T13:47:39.8858406+08:00" endTime="2026-08-10T13:47:39.8858408+08:00" testType="13cdc9d9-ddb5-4fa4-a97d-d965ccfc6d4b" outcome="Passed" testListId="8c84fa94-04c1-424b-9868-57a2d4851a1d" relativeResultsDirectory="4651cf31-300a-4e8e-baad-c428fbebc9a6" />
    <UnitTestResult executionId="52269651-e004-4699-b651-3aa14f6230b8" testId="3bcf377b-7c6d-d7db-a474-7a4a82c0f231" testName="MesIngest.Tests.WatchAlertPageTests.Alert_page_exposes_the_ticket_07_filters_window_columns_and_read_only_actions" computerName="LAB-WIN-01" duration="00:00:01.0133907" startTime="2026-08-10T13:47:40.8441201+08:00" endTime="2026-08-10T13:47:40.8441205+08:00" testType="13cdc9d9-ddb5-4fa4-a97d-d965ccfc6d4b" outcome="Passed" testListId="8c84fa94-04c1-424b-9868-57a2d4851a1d" relativeResultsDirectory="52269651-e004-4699-b651-3aa14f6230b8" />
    <UnitTestResult executionId="e6b6043f-beb4-411c-ab29-91eebd829c15" testId="dc70f064-80a0-7168-d77a-b8e969476857" testName="MesIngest.Tests.WatchBrowseSessionTests.Every_visible_alert_column_toggles_server_sort(header: &quot;Severity&quot;, token: &quot;severity&quot;)" computerName="LAB-WIN-01" duration="00:00:00.0000056" startTime="2026-08-10T13:47:39.8548512+08:00" endTime="2026-08-10T13:47:39.8548512+08:00" testType="13cdc9d9-ddb5-4fa4-a97d-d965ccfc6d4b" outcome="Passed" testListId="8c84fa94-04c1-424b-9868-57a2d4851a1d" relativeResultsDirectory="e6b6043f-beb4-411c-ab29-91eebd829c15" />
[...]
info: MesIngest.Latency[0]&#xD;
      correlationId=c10c292336154618a084ebf21d59f993 component=Host stage=HTTP_STATUS elapsedMs=0 endpoint=/api/poll-health/clear-pause statusCode=404&#xD;
info: MesIngest.Latency[0]&#xD;
      correlationId=8ad7c1ebc3fe419590f8ce204832a384 component=Host stage=HTTP_STATUS elapsedMs=0 endpoint=/api/task-types/DIE_TO_OVEN/clear-pause statusCode=404&#xD;
info: MesIngest.Host.PollHostedService[0]&#xD;
      Continuous poll disabled; PollHostedService idle.&#xD;
info: Microsoft.Hosting.Lifetime[14]&#xD;
      Now listening on: http://127.0.0.1:5088&#xD;
info: MesIngest.Latency[0]&#xD;
      correlationId=3ce3ca747b0646a3a292ea47cc3fb0ee component=Host stage=HTTP_OK elapsedMs=2 endpoint=/api/alerts statusCode=200&#xD;
info: MesIngest.Host.PollHostedService[0]&#xD;
      Continuous poll disabled; PollHostedService idle.&#xD;
info: Microsoft.Hosting.Lifetime[14]&#xD;
      Now listening on: http://127.0.0.1:5088&#xD;
info: MesIngest.Latency[0]&#xD;
      correlationId=312787c5a162473e983341c9d295b392 component=Host stage=HTTP_OK elapsedMs=1 endpoint=/api/alerts statusCode=200&#xD;
info: MesIngest.Latency[0]&#xD;
      correlationId=65dd33c871df4696b207a87504d8da82 component=Host stage=HTTP_OK elapsedMs=1 endpoint=/api/alerts statusCode=200&#xD;
info: MesIngest.Latency[0]&#xD;
      correlationId=377a19e2da434bfbb5be26f42c564674 component=Host stage=HTTP_OK elapsedMs=1 endpoint=/api/poll-health statusCode=200&#xD;
info: MesIngest.Latency[0]&#xD;
      correlationId=2dadd95cd53e4087adec6e409a1ce477 component=Host stage=HTTP_OK elapsedMs=1 endpoint=/api/demands statusCode=200&#xD;
info: MesIngest.Host.PollHostedService[0]&#xD;
      Continuous poll disabled; PollHostedService idle.&#xD;
info: Microsoft.Hosting.Lifetime[14]&#xD;
      Now listening on: http://127.0.0.1:5088&#xD;
info: MesIngest.Latency[0]&#xD;
      correlationId=f3a6d99e0d8c47549b9cbb82d38a6c57 component=Host stage=HTTP_OK elapsedMs=1 endpoint=/api/alerts statusCode=200&#xD;
info: MesIngest.Latency[0]&#xD;
      correlationId=d9693f5194aa4f108427dbd72caa1ea2 component=Host stage=HTTP_OK elapsedMs=0 endpoint=/api/alerts statusCode=200&#xD;
info: MesIngest.Latency[0]&#xD;
      correlationId=4add3db7b255471792fb11378587eccf component=Host stage=HTTP_OK elapsedMs=1 endpoint=/api/alerts statusCode=200&#xD;
info: MesIngest.Latency[0]&#xD;
      correlationId=573388f6e0b546c0aabe368c8fbd3dc6 component=Oracle stage=ORACLE_QUERY elapsedMs=0 rowCount=3&#xD;
info: MesIngest.Latency[0]&#xD;
      correlationId=573388f6e0b546c0aabe368c8fbd3dc6 component=SqlServer stage=SQL_QUERY elapsedMs=0 rowCount=0&#xD;
info: MesIngest.Latency[0]&#xD;
      correlationId=573388f6e0b546c0aabe368c8fbd3dc6 component=SqlServer stage=SQL_QUERY elapsedMs=0 rowCount=0&#xD;
info: MesIngest.Latency[0]&#xD;
      correlationId=573388f6e0b546c0aabe368c8fbd3dc6 component=SqlServer stage=SQL_TRANSACTION elapsedMs=0 rowCount=4&#xD;
info: MesIngest.Latency[0]&#xD;
      correlationId=573388f6e0b546c0aabe368c8fbd3dc6 component=SqlServer stage=SQL_WRITE elapsedMs=0 rowCount=4&#xD;
info: MesIngest.Latency[0]&#xD;
      correlationId=573388f6e0b546c0aabe368c8fbd3dc6 component=SqlServer stage=SQL_WRITE elapsedMs=0 rowCount=1&#xD;
info: MesIngest.Host.PollHostedService[0]&#xD;
      Continuous poll disabled; PollHostedService idle.&#xD;
info: Microsoft.Hosting.Lifetime[14]&#xD;
      Now listening on: http://127.0.0.1:5088&#xD;
info: MesIngest.Latency[0]&#xD;
      correlationId=e54eccbd61344a829284da93765460aa component=SqlServer stage=SQL_QUERY elapsedMs=0 rowCount=0&#xD;
info: MesIngest.Latency[0]&#xD;
      correlationId=e54eccbd61344a829284da93765460aa component=SqlServer stage=SQL_QUERY elapsedMs=0 rowCount=2&#xD;
info: MesIngest.Latency[0]&#xD;
      correlationId=e54eccbd61344a829284da93765460aa component=Host stage=HTTP_OK elapsedMs=2 endpoint=/api/demands statusCode=200&#xD;
info: MesIngest.Latency[0]&#xD;
      correlationId=cf17bbeaf0494db8a122dfc608771a9c component=SqlServer stage=SQL_QUERY elapsedMs=0 rowCount=1&#xD;
info: MesIngest.Latency[0]&#xD;
      correlationId=cf17bbeaf0494db8a122dfc608771a9c component=SqlServer stage=SQL_QUERY elapsedMs=0 rowCount=0&#xD;
info: MesIngest.Latency[0]&#xD;
      correlationId=cf17bbeaf0494db8a122dfc608771a9c component=Host stage=HTTP_OK elapsedMs=0 endpoint=/api/demands/74a46c4a1d4e46e893f7347e050679b5 statusCode=200&#xD;
info: MesIngest.Latency[0]&#xD;
      correlationId=aa677133ebc84b5bbed10839ad0fec56 component=SqlServer stage=SQL_QUERY elapsedMs=0 rowCount=0&#xD;
info: MesIngest.Latency[0]&#xD;
      correlationId=aa677133ebc84b5bbed10839ad0fec56 component=Host stage=HTTP_STATUS elapsedMs=0 endpoint=/api/demands/does-not-exist statusCode=404&#xD;
info: MesIngest.Host.PollHostedService[0]&#xD;
      Continuous poll disabled; PollHostedService idle.&#xD;
info: Microsoft.Hosting.Lifetime[14]&#xD;
      Now listening on: http://127.0.0.1:5088&#xD;
info: MesIngest.Latency[0]&#xD;
      correlationId=04bfbdc243964911b516d008c912085f component=Host stage=HTTP_OK elapsedMs=1 endpoint=/api/alerts statusCode=200&#xD;
info: MesIngest.Latency[0]&#xD;
      correlationId=d515eeab20d241c9a1b5e9a65d82274e component=Host stage=HTTP_OK elapsedMs=0 endpoint=/api/alerts statusCode=200&#xD;
info: MesIngest.Latency[0]&#xD;
      correlationId=b9a7b2ffce20408fbadf4d801aa11df2 component=Host stage=HTTP_OK elapsedMs=0 endpoint=/api/alerts statusCode=200&#xD;
info: MesIngest.Host.PollHostedService[0]&#xD;
      Continuous poll disabled; PollHostedService idle.&#xD;
info: Microsoft.Hosting.Lifetime[14]&#xD;
      Now listening on: http://127.0.0.1:5088&#xD;
info: MesIngest.Latency[0]&#xD;
      correlationId=a3796859e831401b9e00f19a6df9cb70 component=Host stage=HTTP_OK elapsedMs=1 endpoint=/api/poll-health statusCode=200&#xD;
info: MesIngest.Host.PollHostedService[0]&#xD;
      Continuous poll disabled; PollHostedService idle.&#xD;
info: Microsoft.Hosting.Lifetime[14]&#xD;
      Now listening on: http://127.0.0.1:5088&#xD;
info: MesIngest.Latency[0]&#xD;
      correlationId=e68ea88d1a684ef3948b612270d60912 component=Host stage=HTTP_OK elapsedMs=2 endpoint=/api/alerts statusCode=200&#xD;
info: MesIngest.Latency[0]&#xD;
      correlationId=d0652e8e4bc9440ab89948856c461eab component=Host stage=HTTP_OK elapsedMs=0 endpoint=/api/alerts statusCode=200&#xD;
info: MesIngest.Latency[0]&#xD;
      correlationId=fd4a6e1481884b959ea803611689c239 component=Host stage=HTTP_OK elapsedMs=0 endpoint=/api/alerts statusCode=200&#xD;
info: MesIngest.Host.PollHostedService[0]&#xD;
      Continuous poll disabled; PollHostedService idle.&#xD;
info: Microsoft.Hosting.Lifetime[14]&#xD;
      Now listening on: http://127.0.0.1:5088&#xD;
info: MesIngest.Latency[0]&#xD;
      correlationId=12a57a692ed94e1c91ae99d484c426c8 component=Host stage=HTTP_OK elapsedMs=1 endpoint=/api/alerts statusCode=200&#xD;
info: MesIngest.Latency[0]&#xD;
      correlationId=6d1847b720044a449c0253bb6cefb719 component=Host stage=HTTP_OK elapsedMs=0 endpoint=/api/alerts statusCode=200&#xD;
info: MesIngest.Latency[0]&#xD;
      correlationId=6af3f1c460f9455eae443e1b9e788217 component=Host stage=HTTP_OK elapsedMs=0 endpoint=/api/alerts statusCode=200&#xD;
info: MesIngest.Host.PollHostedService[0]&#xD;
      Continuous poll disabled; PollHostedService idle.&#xD;
info: Microsoft.Hosting.Lifetime[14]&#xD;
      Now listening on: http://127.0.0.1:5088&#xD;
info: MesIngest.Latency[0]&#xD;
      correlationId=c2c0cdb35d8640088e14460f32f7cb5a component=Host stage=HTTP_OK elapsedMs=3 endpoint=/api/alerts statusCode=200&#xD;
info: MesIngest.Latency[0]&#xD;
      correlationId=24557652e26d4d169de419be4519f730 component=Host stage=HTTP_OK elapsedMs=1 endpoint=/api/alerts statusCode=200&#xD;
info: MesIngest.Latency[0]&#xD;
      correlationId=ebc894067cd54832be964bb5f80442e7 component=Host stage=HTTP_OK elapsedMs=1 endpoint=/api/alerts statusCode=200&#xD;
info: MesIngest.Host.PollHostedService[0]&#xD;
      Continuous poll disabled; PollHostedService idle.&#xD;
info: Microsoft.Hosting.Lifetime[14]&#xD;
      Now listening on: http://127.0.0.1:5088&#xD;
info: MesIngest.Latency[0]&#xD;
      correlationId=eb97e24f7c14435bbf8179c3e79adf1a component=Host stage=HTTP_OK elapsedMs=1 endpoint=/api/alerts statusCode=200&#xD;
info: MesIngest.Latency[0]&#xD;
      correlationId=adb310bd931b4eef9c1a719432078b54 component=Host stage=HTTP_OK elapsedMs=0 endpoint=/api/alerts statusCode=200&#xD;
info: MesIngest.Latency[0]&#xD;
      correlationId=89cc9d499be84cdeac1dc869d9a3d1ea component=Host stage=HTTP_OK elapsedMs=0 endpoint=/api/alerts statusCode=200&#xD;
info: MesIngest.Host.PollHostedService[0]&#xD;
      Continuous poll disabled; PollHostedService idle.&#xD;
info: Microsoft.Hosting.Lifetime[14]&#xD;
      Now listening on: http://127.0.0.1:5088&#xD;
info: MesIngest.Latency[0]&#xD;
      correlationId=1ea5bf5dad984465800a156ed21e5c9a component=Host stage=HTTP_OK elapsedMs=1 endpoint=/api/alerts statusCode=200&#xD;
info: MesIngest.Latency[0]&#xD;
      correlationId=f9a315ffe2cc46af92a7587bfa78c368 component=Host stage=HTTP_OK elapsedMs=0 endpoint=/api/alerts statusCode=200&#xD;
info: MesIngest.Latency[0]&#xD;
      correlationId=c467e05f8a5349e197e0b31bd60555ef component=Host stage=HTTP_OK elapsedMs=0 endpoint=/api/alerts statusCode=200&#xD;
[xUnit.net 00:00:21.16]       SQL Server unavailable (set MES_INGEST_SQLSERVER or enable LocalDB)&#xD;
[xUnit.net 00:00:21.16]       SQL Server unavailable (set MES_INGEST_SQLSERVER or enable LocalDB)&#xD;
[xUnit.net 00:00:21.16]       SQL Server unavailable (set MES_INGEST_SQLSERVER or enable LocalDB)&#xD;
[xUnit.net 00:00:21.16]       SQL Server unavailable (set MES_INGEST_SQLSERVER or enable LocalDB)&#xD;
[xUnit.net 00:00:21.16]       SQL Server unavailable (set MES_INGEST_SQLSERVER or enable LocalDB)&#xD;
[xUnit.net 00:00:21.16]       SQL Server unavailable (set MES_INGEST_SQLSERVER or enable LocalDB)&#xD;
[xUnit.net 00:00:21.16]       SQL Server unavailable (set MES_INGEST_SQLSERVER or enable LocalDB)&#xD;
Test 'MesIngest.Tests.SchemaUpgradeTests.EnsureSchema_never_drops_or_truncates_transport_demands' was skipped in the test run.&#xD;
Test 'MesIngest.Tests.SchemaUpgradeTests.Mid_upgrade_failure_leaves_no_half_migration_and_recovers_on_rerun' was skipped in the test run.&#xD;
Test 'MesIngest.Tests.SchemaUpgradeTests.Upgrading_phase1_schema_preserves_demands_pauses_alerts_and_poll_health' was skipped in the test run.&#xD;
Test 'MesIngest.Tests.SqlServerReadApiPersistenceTests.Http_reads_projection_alerts_and_health_after_store_restart' was skipped in the test run.&#xD;
Test 'MesIngest.Tests.SqlServerTransportDemandStoreTests.Persisted_demands_and_pauses_are_readable_after_new_store_instance' was skipped in the test run.&#xD;
Test 'MesIngest.Tests.SqlServerTransportDemandStoreTests.Change_feed_full_purge_keeps_monotonic_watermark_and_expires_stale_cursors' was skipped in the test run.&#xD;
Test 'MesIngest.Tests.SqlServerTransportDemandStoreTests.Query_page_desc_with_tied_primary_values_has_no_gap_or_dup' was skipped in the test run.&#xD;
[xUnit.net 00:00:21.16]       SQL Server unavailable (set MES_INGEST_SQLSERVER or enable LocalDB)&#xD;
[xUnit.net 00:00:21.16]       SQL Server unavailable (set MES_INGEST_SQLSERVER or enable LocalDB)&#xD;
[xUnit.net 00:00:21.16]       SQL Server unavailable (set MES_INGEST_SQLSERVER or enable LocalDB)&#xD;
[xUnit.net 00:00:21.16]       SQL Server unavailable (set MES_INGEST_SQLSERVER or enable LocalDB)&#xD;
[xUnit.net 00:00:21.16]       SQL Server unavailable (set MES_INGEST_SQLSERVER or enable LocalDB)&#xD;
[xUnit.net 00:00:21.16]       SQL Server unavailable (set MES_INGEST_SQLSERVER or enable LocalDB)&#xD;
[xUnit.net 00:00:21.16]       SQL Server unavailable (set MES_INGEST_SQLSERVER or enable LocalDB)&#xD;
[xUnit.net 00:00:21.16]       SQL Server unavailable (set MES_INGEST_SQLSERVER or enable LocalDB)&#xD;
[xUnit.net 00:00:21.16]       SQL Server unavailable (set MES_INGEST_SQLSERVER or enable LocalDB)&#xD;
Test 'MesIngest.Tests.SqlServerTransportDemandStoreTests.Persisted_alerts_and_poll_health_are_readable_after_new_store_instance' was skipped in the test run.&#xD;
Test 'MesIngest.Tests.SqlServerTransportDemandStoreTests.ReplaceState_commits_projection_and_alerts_atomically' was skipped in the test run.&#xD;
Test 'MesIngest.Tests.SqlServerTransportDemandStoreTests.ReplaceState_does_not_rewrite_unchanged_resolved_alert_history' was skipped in the test run.&#xD;
Test 'MesIngest.Tests.SqlServerTransportDemandStoreTests.Query_page_desc_page_boundary_inside_tie_group_has_no_gap_or_dup' was skipped in the test run.&#xD;
Test 'MesIngest.Tests.SqlServerTransportDemandStoreTests.ReplaceState_writes_only_changed_rows_and_leaves_gone_immutable' was skipped in the test run.&#xD;
Test 'MesIngest.Tests.SqlServerTransportDemandStoreTests.Query_page_uses_read_path_indexes_and_keyset_pagination' was skipped in the test run.&#xD;
Test 'MesIngest.Tests.SqlServerTransportDemandStoreTests.Alert_query_pages_new_sort_columns_on_the_shared_contract' was skipped in the test run.&#xD;
Test 'MesIngest.Tests.SqlServerTransportDemandStoreTests.ReplaceState_is_atomic_across_demand_and_pause_writes' was skipped in the test run.&#xD;
Test 'MesIngest.Tests.SqlServerTransportDemandStoreTests.Gone_history_lookup_uses_ordinal_transport_demand_key_equality' was skipped in the test run.&#xD;
[xUnit.net 00:00:21.17]       SQL Server unavailable (set MES_INGEST_SQLSERVER or enable LocalDB)&#xD;
[xUnit.net 00:00:21.17]       SQL Server unavailable (set MES_INGEST_SQLSERVER or enable LocalDB)&#xD;
[xUnit.net 00:00:21.17]       SQL Server unavailable (set MES_INGEST_SQLSERVER or enable LocalDB)&#xD;
[xUnit.net 00:00:21.17]   Finished:    MesIngest.Tests&#xD;
Test 'MesIngest.Tests.SqlServerTransportDemandStoreTests.Query_page_new_visible_columns_cover_nulls_ties_and_both_directions' was skipped in the test run.&#xD;
Test 'MesIngest.Tests.SqlServerTransportDemandStoreTests.Change_feed_survives_host_store_restart_and_purges_expired_entries' was skipped in the test run.&#xD;
Test 'MesIngest.Tests.SqlServerTransportDemandStoreTests.ReplaceState_appends_change_feed_in_same_transaction_for_created_and_gone' was skipped in the test run.&#xD;
</StdOut>
    </Output>
    <RunInfos>
      <RunInfo computerName="LAB-WIN-01" outcome="Warning" timestamp="2026-08-10T13:47:44.8072788+08:00">
        <Text>[xUnit.net 00:00:21.16]     MesIngest.Tests.SchemaUpgradeTests.EnsureSchema_never_drops_or_truncates_transport_demands [SKIP]</Text>
      </RunInfo>
      <RunInfo computerName="LAB-WIN-01" outcome="Warning" timestamp="2026-08-10T13:47:44.8099727+08:00">
        <Text>[xUnit.net 00:00:21.16]     MesIngest.Tests.SchemaUpgradeTests.Mid_upgrade_failure_leaves_no_half_migration_and_recovers_on_rerun [SKIP]</Text>
      </RunInfo>
      <RunInfo computerName="LAB-WIN-01" outcome="Warning" timestamp="2026-08-10T13:47:44.8103205+08:00">
        <Text>[xUnit.net 00:00:21.16]     MesIngest.Tests.SchemaUpgradeTests.Upgrading_phase1_schema_preserves_demands_pauses_alerts_and_poll_health [SKIP]</Text>
      </RunInfo>
      <RunInfo computerName="LAB-WIN-01" outcome="Warning" timestamp="2026-08-10T13:47:44.8107379+08:00">
        <Text>[xUnit.net 00:00:21.16]     MesIngest.Tests.SqlServerReadApiPersistenceTests.Http_reads_projection_alerts_and_health_after_store_restart [SKIP]</Text>
      </RunInfo>
      <RunInfo computerName="LAB-WIN-01" outcome="Warning" timestamp="2026-08-10T13:47:44.8111443+08:00">
        <Text>[xUnit.net 00:00:21.16]     MesIngest.Tests.SqlServerTransportDemandStoreTests.Persisted_demands_and_pauses_are_readable_after_new_store_instance [SKIP]</Text>
      </RunInfo>
      <RunInfo computerName="LAB-WIN-01" outcome="Warning" timestamp="2026-08-10T13:47:44.8114430+08:00">
        <Text>[xUnit.net 00:00:21.16]     MesIngest.Tests.SqlServerTransportDemandStoreTests.Change_feed_full_purge_keeps_monotonic_watermark_and_expires_stale_cursors [SKIP]</Text>
      </RunInfo>
      <RunInfo computerName="LAB-WIN-01" outcome="Warning" timestamp="2026-08-10T13:47:44.8117179+08:00">
        <Text>[xUnit.net 00:00:21.16]     MesIngest.Tests.SqlServerTransportDemandStoreTests.Query_page_desc_with_tied_primary_values_has_no_gap_or_dup [SKIP]</Text>
      </RunInfo>
      <RunInfo computerName="LAB-WIN-01" outcome="Warning" timestamp="2026-08-10T13:47:44.8169002+08:00">
        <Text>[xUnit.net 00:00:21.16]     MesIngest.Tests.SqlServerTransportDemandStoreTests.Persisted_alerts_and_poll_health_are_readable_after_new_store_instance [SKIP]</Text>
      </RunInfo>
      <RunInfo computerName="LAB-WIN-01" outcome="Warning" timestamp="2026-08-10T13:47:44.8170105+08:00">
        <Text>[xUnit.net 00:00:21.16]     MesIngest.Tests.SqlServerTransportDemandStoreTests.ReplaceState_commits_projection_and_alerts_atomically [SKIP]</Text>
      </RunInfo>
      <RunInfo computerName="LAB-WIN-01" outcome="Warning" timestamp="2026-08-10T13:47:44.8170671+08:00">
        <Text>[xUnit.net 00:00:21.16]     MesIngest.Tests.SqlServerTransportDemandStoreTests.ReplaceState_does_not_rewrite_unchanged_resolved_alert_history [SKIP]</Text>
      </RunInfo>
      <RunInfo computerName="LAB-WIN-01" outcome="Warning" timestamp="2026-08-10T13:47:44.8171046+08:00">
        <Text>[xUnit.net 00:00:21.16]     MesIngest.Tests.SqlServerTransportDemandStoreTests.Query_page_desc_page_boundary_inside_tie_group_has_no_gap_or_dup [SKIP]</Text>
      </RunInfo>
      <RunInfo computerName="LAB-WIN-01" outcome="Warning" timestamp="2026-08-10T13:47:44.8171938+08:00">
        <Text>[xUnit.net 00:00:21.16]     MesIngest.Tests.SqlServerTransportDemandStoreTests.ReplaceState_writes_only_changed_rows_and_leaves_gone_immutable [SKIP]</Text>
      </RunInfo>
      <RunInfo computerName="LAB-WIN-01" outcome="Warning" timestamp="2026-08-10T13:47:44.8172475+08:00">
        <Text>[xUnit.net 00:00:21.16]     MesIngest.Tests.SqlServerTransportDemandStoreTests.Query_page_uses_read_path_indexes_and_keyset_pagination [SKIP]</Text>
      </RunInfo>
      <RunInfo computerName="LAB-WIN-01" outcome="Warning" timestamp="2026-08-10T13:47:44.8172942+08:00">
        <Text>[xUnit.net 00:00:21.16]     MesIngest.Tests.SqlServerTransportDemandStoreTests.Alert_query_pages_new_sort_columns_on_the_shared_contract [SKIP]</Text>
      </RunInfo>
      <RunInfo computerName="LAB-WIN-01" outcome="Warning" timestamp="2026-08-10T13:47:44.8173311+08:00">
        <Text>[xUnit.net 00:00:21.16]     MesIngest.Tests.SqlServerTransportDemandStoreTests.ReplaceState_is_atomic_across_demand_and_pause_writes [SKIP]</Text>
      </RunInfo>
      <RunInfo computerName="LAB-WIN-01" outcome="Warning" timestamp="2026-08-10T13:47:44.8174139+08:00">
        <Text>[xUnit.net 00:00:21.16]     MesIngest.Tests.SqlServerTransportDemandStoreTests.Gone_history_lookup_uses_ordinal_transport_demand_key_equality [SKIP]</Text>
      </RunInfo>
      <RunInfo computerName="LAB-WIN-01" outcome="Warning" timestamp="2026-08-10T13:47:44.8185498+08:00">
        <Text>[xUnit.net 00:00:21.17]     MesIngest.Tests.SqlServerTransportDemandStoreTests.Query_page_new_visible_columns_cover_nulls_ties_and_both_directions [SKIP]</Text>
      </RunInfo>
      <RunInfo computerName="LAB-WIN-01" outcome="Warning" timestamp="2026-08-10T13:47:44.8185992+08:00">
        <Text>[xUnit.net 00:00:21.17]     MesIngest.Tests.SqlServerTransportDemandStoreTests.Change_feed_survives_host_store_restart_and_purges_expired_entries [SKIP]</Text>
      </RunInfo>
      <RunInfo computerName="LAB-WIN-01" outcome="Warning" timestamp="2026-08-10T13:47:44.8186276+08:00">
        <Text>[xUnit.net 00:00:21.17]     MesIngest.Tests.SqlServerTransportDemandStoreTests.ReplaceState_appends_change_feed_in_same_transaction_for_created_and_gone [SKIP]</Text>
      </RunInfo>
    </RunInfos>
  </ResultSummary>
</TestRun>